(0.8466020763957527,22.391334407142914)
(32.304232634618124,8.508149709358538)
(50.498032687578686,1.3246994940177004)
(38.95270446737664,19.510839256620784)
(11.77574582357055,46.97949889862285)
(22.827117810673258,36.041544127082716)
(25.170552265151525,47.276082935266416)
(88.1820485642697,16.89082380040108)
(122.96995824582746,3.471290243595382)
(125.60206058730749,31.214942504675825)
(63.57844713060179,62.356672955452886)
(29.476948870905684,63.178741230784595)
(59.39724797268542,71.79388244438745)
(24.85154641252718,124.09800414205496)
(36.848769714283414,107.66335699705543)
(49.750026252718186,99.32971438665805)
(58.87565657120186,108.73297542552073)
(69.74639052127507,70.38417439548184)
(66.7826765442695,63.70960614891297)
(92.75851546647196,76.07386839381559)
(91.46267242097362,88.06301507018266)
(123.5155256806032,80.2438073554298)
(112.32356489249695,92.3526503187314)
(108.93688523748501,125.16040882711765)
(142.88800295999062,22.419255239165548)
(168.5265971572807,0.76348191555764)
(165.43529311117754,33.52507218014467)
(222.27503831066375,1.3081969598459642)
(248.98821961971117,27.701220921647952)
(201.71987380298117,57.183043675991364)
(239.60191084382842,34.26641600246694)
(239.8643822135208,60.09307556688614)
(173.6016732509118,91.93307685421026)
(133.7962579822023,107.2313400746373)
(161.9664951414108,102.18070616141617)
(189.10787117750115,75.9500608841781)
(234.36374714953422,63.31480140650048)
(237.22064221620232,72.59649866723782)
(237.35444738275623,82.54533851921819)
(200.44034288290024,120.90345983380234)
(229.6501153290499,111.928112546959)
(45.53054943958546,133.15352749895726)
(53.2048067141333,134.28307612314816)
(59.66131382540085,132.69105638094226)
(61.72051420345015,150.83501013699185)
(58.71580515567587,149.02993526428543)
(29.330092144478236,159.545803833955)
(2.3055467003180175,184.14201275929088)
(19.19375886228647,177.245890135285)
(47.464250260727866,161.1002676170993)
(83.22374251908926,131.56465626006087)
(63.507010225172024,153.0415840719166)
(74.01869908414838,150.723024594148)
(94.453122163759,143.67417221350144)
(64.36811281987609,163.0714689662065)
(67.30995503960347,171.6666516059755)
(87.78053486220084,168.57327893211328)
(103.82047414131613,177.39187471395834)
(7.09517260993342,200.73402015259546)
(7.198649143937752,193.6192707758211)
(31.809691747804237,210.79992086300214)
(63.00155348522085,193.44491043361333)
(8.739080201708994,241.15294078837124)
(60.719462548502136,220.4798118414957)
(72.74616256709055,217.2430545154901)
(94.42391069278699,209.65590341020658)
(121.80716946864112,193.25067277867524)
(111.29828313844192,216.42362858645404)
(122.58911141872875,239.8450764768747)
(126.50932299499895,126.49662679634555)
(149.35173838912553,154.6476808911389)
(157.4590357498712,139.47522896063214)
(157.03318979184021,134.2035351658706)
(163.8053581368357,155.11595159400227)
(167.19703776539396,147.50803465425798)
(179.22072540900146,144.8036717174085)
(152.35531089254707,165.52764936514387)
(185.17976980206808,161.87240255713408)
(191.4135108094408,134.515781352609)
(206.34510057958522,126.33938116645783)
(218.6001604074941,141.48522527332142)
(225.7302256431941,135.53271150458613)
(198.03816287350605,171.87710214337636)
(250.04849253102913,157.3144209133631)
(230.98165314899398,182.72565261636043)
(127.97081158188529,200.0569155584121)
(147.67364984338116,197.75722343266756)
(160.65686576672144,203.67401073459945)
(182.42229368461537,207.7450864691327)
(170.7188050511619,224.58313311983036)
(214.35214520823092,201.73054731789995)
(210.12926724682336,197.01988890269155)
(222.77396614274642,199.14386000414595)
(245.57099354266032,194.77669149688714)
(246.3314978830925,208.84399710970226)
(248.96715915297113,218.09677630266435)
(242.54224840584556,211.8972679916846)
(245.1716314644852,217.16023827359356)
(199.2404285361676,229.0974191987455)
(200.3244220320175,228.76111675558008)
(201.1827275505659,234.12544580167182)
(227.12607979239553,230.4993114584478)
(240.27668421739955,230.4172212159876)
(238.66708198225606,248.10911867149844)
(258.7784003260396,10.380494312082767)
(266.412284945961,4.5709024726326986)
(277.052363120592,19.49311784518082)
(265.1962272890661,33.109659479265915)
(338.28628792404027,2.1478991975276696)
(354.0695226828667,9.451612438369228)
(257.4566172248175,79.72045107847958)
(275.8859657290806,88.84509644061012)
(311.8580100118986,92.64058544083042)
(307.26634479555725,89.18659471584466)
(271.5183500085133,100.08323318351941)
(272.47946508930767,114.30433312567013)
(299.6898397919058,96.03047549190558)
(310.96948825694716,124.30151100040898)
(323.8454007639808,72.22015790988978)
(337.7315324101087,65.36612116776841)
(325.4391175378889,87.62477640506106)
(315.012141337811,93.83947982630248)
(351.76848210188894,73.86692872254986)
(327.43890164704226,124.36827020062213)
(343.3300497390909,118.88677526789127)
(364.9254039689477,106.06087819667987)
(395.4573068846966,11.937359250085212)
(394.6524102715078,24.578711760574357)
(425.18024815531174,13.906574718255849)
(393.7083787533886,35.93055900080033)
(384.2381862298251,55.95282815043545)
(402.236443605528,58.127551043827275)
(420.6602347652645,41.6281800794458)
(444.17811007613903,0.40820253898210535)
(440.1662991803431,48.86657890012247)
(486.9417444035389,51.71003967603338)
(419.52029164781027,79.70005938430003)
(430.2969353507632,93.382054193483)
(435.812724629776,89.10047240582774)
(381.0846888125082,101.47036407461762)
(403.19885940084157,107.0172691044854)
(451.39258346400055,72.68276128805817)
(466.54622043964844,76.42502544551533)
(483.9984658504088,76.3612315320305)
(478.1869044694405,94.02908621085737)
(492.2823388863949,91.01302219423877)
(458.046416659161,96.94561329758811)
(486.30187540736483,113.4994246657667)
(274.1154774844976,129.82150081125855)
(272.1890206741281,130.2905713665391)
(280.16796793530096,125.39188835956783)
(295.21052056934684,126.59935017379031)
(286.253252933216,152.84276941662677)
(312.90890028780194,152.64221166116965)
(260.6988521659358,165.71408051514146)
(267.75736730743625,171.17832493735696)
(322.17184388212905,126.1324592503974)
(336.5539624156476,130.1027687723919)
(340.88631764904443,142.20452985564137)
(344.30630576242163,150.30294821371515)
(334.3064552543752,161.82519126538864)
(372.04575585064435,168.2952990278196)
(362.5592160700506,160.11191832987905)
(262.70287941740054,201.90855446793938)
(268.55306125397703,200.5832384730944)
(283.63986499851126,198.21815627526107)
(294.5031863794604,217.86648417466725)
(286.3898995004955,212.7973406968361)
(278.10478717247935,228.1706865124433)
(271.057097327156,222.33515256780467)
(253.30833635482725,249.20769278405606)
(293.31177537706156,221.04472774508542)
(326.3139871367814,198.3679692329494)
(331.5059613514858,195.522477876413)
(342.6910458027202,196.12103157601)
(342.81490356716984,196.20442184106287)
(321.79073189116116,204.976016351885)
(334.0246748935939,204.55274143185738)
(329.18017741941475,204.81044057538435)
(340.5322568642565,213.03533267902895)
(345.67000807049243,195.99276879116724)
(369.9669265987641,194.7255401004092)
(366.19651836585615,198.09052940764775)
(359.2213263616272,203.33584717276477)
(363.5061544639225,213.7737075478134)
(333.33801131037154,225.50126836936624)
(344.04409621470825,246.02589189007557)
(349.2774171995329,232.51312764630433)
(348.9241277822753,229.0886213040828)
(346.0788451476635,242.33616788971935)
(354.0614999997251,249.12869804640485)
(363.2119594926022,238.11657718726462)
(360.13760019642604,236.1025646901077)
(377.05079919083295,135.16127588800407)
(384.07068184867944,167.01467011200066)
(398.2498184103822,182.51033346899627)
(461.6906159166605,142.88268264194525)
(483.8278127346617,127.6682385445994)
(474.186543897025,137.26353995277464)
(461.31572170733824,168.07880594071133)
(454.67022084890294,183.480316136581)
(477.2429123558734,160.6844312470928)
(478.7197228189234,162.72098863192952)
(490.00904224181807,160.6724776540508)
(386.86157258052725,199.03262497925633)
(396.5172867349154,210.9680861962856)
(431.25761658473516,210.18571921899053)
(376.50899749706565,220.7719273034898)
(390.93196655208015,220.6094121334613)
(385.01950817859415,229.77703328988247)
(390.1397341992511,238.843708693468)
(396.6580747177346,242.48383366692394)
(404.93761059358434,239.66962273325908)
(417.3829607108652,229.86615707547634)
(434.69930274751414,247.1900887367774)
(435.38908425816703,247.8818843110149)
(463.81657331384685,191.72966367739775)
(439.6686583523665,218.55465525783012)
(454.5503562482076,212.92984345047316)
(457.4633219336448,210.81712589786684)
(483.77444854281225,201.02023201238626)
(480.1156125789166,205.9665061323621)
(480.18121619070143,217.34034301750432)
(477.152334642552,207.61244612764636)
(485.04315373382155,205.46531842631964)
(487.5386175712009,212.04252252092948)
(494.97493183311235,203.55486302298772)
(451.1731910318873,221.58354436583215)
(454.95072191696954,218.9934175386416)
(465.1282616433002,231.7455592822023)
(465.7522029627562,237.6263110171719)
(464.27626459799654,248.20633189499475)
(456.07682503589683,247.77623176391563)
(460.1619862962227,243.58359595400185)
(467.58521442689704,246.85690566228868)
(476.1147575290775,230.61820855959104)
(497.2748761216187,221.97393574822246)
(477.1277521827449,250.02238675563325)
(497.31789144598383,237.83139293881516)
(484.7544858858495,245.50951069870672)
(30.957466822624568,252.57867226705022)
(9.305823451779883,265.7639317778321)
(45.27606884531033,266.3924154400543)
(18.273726733456396,309.46120333225434)
(61.71952411621784,292.2645831590357)
(96.3158802713383,276.31310848293924)
(92.36112862562263,294.6542791605534)
(65.52048950423864,312.4223476389224)
(99.52917401038786,294.7054245364956)
(120.72836340972115,286.44290363204584)
(8.660090335802174,331.58581844047853)
(55.62761345839229,330.3305089600529)
(1.0702634828190227,351.3809927893734)
(4.210778623013667,371.20709589226533)
(36.63286453404324,350.4022995931679)
(55.383325803908924,346.3020175995223)
(77.12809926329977,323.59576159539637)
(83.7727384648017,320.06246333572085)
(89.72047849415765,325.7458096912269)
(94.64135435506734,320.76113521947053)
(113.06916048088922,329.8394575926962)
(118.56244843137469,340.5331224395532)
(77.6861975563067,355.82557476008594)
(72.72324926559371,356.20678099931655)
(71.25321682460206,362.78133453318384)
(92.5542647670361,361.23875907844246)
(89.73291679146357,371.346629931215)
(81.35327737100178,370.1447802232128)
(106.48190679270664,361.16330232764227)
(119.72995773342699,366.26845920633)
(171.0853179505173,261.6165041760655)
(159.33553583180193,274.006696570798)
(176.69317183996068,275.1922231229572)
(126.35511313148484,296.4380454770339)
(128.75723339865718,286.9834866761165)
(132.3374335854277,290.29565371776755)
(155.67047613967776,285.48283457206367)
(145.9630729664758,306.2806775988897)
(181.74354681026853,293.99542564776266)
(211.19087565688062,263.518513754224)
(208.09934261937778,274.54027972281824)
(219.43313260824306,258.7341602905109)
(224.08861711130487,280.16985350709496)
(200.05584078106585,311.03631033399654)
(201.12047261583467,304.07471949182)
(208.25509822682307,311.94791810164514)
(209.08240042135617,302.0670295578347)
(227.95853653469732,290.2051935840223)
(230.65811590957662,283.1228618137126)
(221.47514798256373,299.0633815874852)
(223.42647101372228,310.3461140763135)
(222.65702487861782,304.4806264328581)
(125.88431324979499,335.45602587469904)
(147.2548907041593,331.8508122723046)
(169.34260507000232,327.70580061732534)
(183.73421757597242,325.8287431530514)
(181.09010104046996,318.65604347669563)
(181.99320239645124,322.57651264683176)
(167.6188631169738,333.53160672990447)
(182.94675143548943,341.11191461240185)
(178.985710149695,341.7158600360312)
(132.00984175289534,358.0498507349455)
(158.8027836002821,351.5626725599198)
(171.20317778301907,348.6832132744059)
(162.503087063438,365.5515092944407)
(177.93529728927004,362.38465108970865)
(194.04891273569444,320.93983861836125)
(218.66290512714372,326.0746059719303)
(200.63036692202584,331.85457632776684)
(208.64361404932117,341.23318442961994)
(221.3734206911398,315.74714189360617)
(233.19537426464802,322.60023627006785)
(232.71338575984225,338.09445343515307)
(247.38021177805223,334.23114947901297)
(217.9300770954406,350.4206860080556)
(212.02701332346078,345.78859468287476)
(188.86385104265946,374.36511314191813)
(207.61789009265487,373.953091577187)
(205.90356618441092,360.90499677602855)
(213.22676959141762,366.89550052715924)
(241.08343964869218,345.22984266177934)
(229.80222506292387,367.93348343784913)
(230.73093316334948,365.99807454062784)
(33.26553467157278,378.77501112015324)
(49.35023533612859,390.0429816437999)
(59.26427659940265,386.119993377442)
(36.291850270966705,406.54895742215547)
(41.084108446395874,410.2441072051648)
(36.86577191009499,425.9573903516514)
(52.42825448736754,436.3017504243042)
(92.21674714732436,384.0624897181093)
(88.94001752591629,379.92858538084363)
(66.06190254596034,403.3293037684717)
(70.45108558222157,401.6494318165584)
(100.06650638277972,379.9904122192538)
(99.60302735103909,378.6493636138035)
(83.6935754011655,415.3965407350704)
(77.79446821559766,423.4782050677817)
(121.33167977434533,415.610117179951)
(4.031124076142256,451.84168212723364)
(7.900269635410795,452.041536561928)
(4.167283795609711,467.14741383096657)
(6.152729590707451,465.7074887967827)
(28.727244525184716,466.24287509714793)
(26.815413665572386,459.7298782267534)
(44.55161803211527,446.26651478767974)
(8.486777368659437,472.90637867849927)
(5.881079544379109,476.9561579772997)
(15.14537258166615,483.39463643382254)
(30.625673889944306,493.0456522040074)
(59.718041949560586,483.43863592475543)
(61.737967869881885,468.904562797097)
(58.08310421270302,485.0119595508754)
(82.86380058016917,450.82917529287306)
(124.73072012619252,444.26909481301846)
(109.50679057768852,460.94962510975427)
(73.54945213664803,481.6671192459876)
(65.7863581414421,469.5074180633029)
(80.59050776720741,472.00328578164624)
(102.24432077338275,476.27863814539216)
(104.58330644508452,473.3372233938257)
(107.75803845152737,485.13558575614866)
(101.4764315813282,486.410863866555)
(109.18332895316459,491.4935908498717)
(111.13778734782088,497.94338236100634)
(117.4512376538428,493.79385599496305)
(148.33937229858597,401.8949822901388)
(145.29334042168006,398.4241846106511)
(172.37809323896056,377.9358917280568)
(167.74547888755308,385.8904965853543)
(181.3615784019401,385.5254353916898)
(179.16603281078014,386.3704115222634)
(187.87360858270483,396.2454075808543)
(187.02658234567937,405.3033947953042)
(130.7938634871988,413.57600563476876)
(137.2281889726096,417.8343747691283)
(156.14451892135327,425.421633986119)
(156.27971936707118,424.75953138699583)
(167.82823628561778,414.9378866354442)
(177.5012828943473,414.70061609102504)
(175.076597042757,407.4034889146649)
(207.6335034231871,381.9809177328622)
(201.90463759054558,402.64401253918777)
(234.42625179912858,380.1259304126926)
(222.20152157067906,386.61350854044827)
(246.79447267110538,378.1495617486047)
(242.93804580767966,386.1782505987283)
(197.37995839972612,412.9917079109062)
(192.3604718120639,417.6529230500839)
(208.8058868878967,407.4000452073727)
(204.95277751360203,413.24425323558967)
(202.61578891807264,430.8691041298093)
(218.22186958572587,423.2317480271219)
(222.04753954090162,417.7536184969011)
(227.07612843680812,410.0074057419152)
(132.66110248144503,450.442490751836)
(142.28116063385,451.1121500040648)
(135.3136586183361,458.80050262867053)
(177.4152452696258,439.3114614066758)
(186.54951815287313,451.0614512067384)
(163.79407190005313,456.0547152511919)
(167.7850472240684,466.3116447774496)
(181.1412832582481,465.48967546481833)
(183.72863351916095,462.54790293234566)
(185.117095503471,467.4721608995852)
(132.68345274268742,472.4038803077225)
(149.64588736353957,483.14652636246547)
(152.87022840968712,481.2223424369564)
(150.50091943698862,481.91632957404073)
(169.6731977512644,478.1637335990081)
(184.03019704789003,481.889507256098)
(212.15721609930048,463.43042616392114)
(220.48236492992896,439.81807653459214)
(220.6422320790869,439.59435061113993)
(221.3491098421274,446.2319480374627)
(223.01415192622164,466.7578627954799)
(193.66689044500484,476.47254719552336)
(215.225745973245,476.16515406606675)
(230.17560484788092,480.6634160684984)
(239.17033599249714,479.3828090316415)
(288.5777183135675,263.19379242508023)
(303.4685407636464,256.80903443827987)
(265.8041215338809,282.28046767891067)
(270.10183778901296,289.5710311036953)
(265.51506921943513,303.0837017039341)
(278.3508574539466,301.31837181555767)
(297.00871997456943,284.0831345620302)
(291.05103862865224,310.0732824282352)
(302.62767823578287,301.58358958179366)
(301.9959198016616,312.2427378265422)
(331.24612095860925,250.61992687821925)
(316.32537219942355,272.87689454367006)
(357.70235486762107,256.60449797911656)
(371.8866744993613,258.86447210396227)
(350.06166669026084,266.33940794801526)
(360.28170139396656,279.9085618939013)
(329.11819615175347,290.38241235317116)
(340.2011465092812,294.52626358366376)
(337.0158827905174,290.8706137001439)
(319.28149664476194,300.8376561563421)
(343.1064640356801,307.66278056518536)
(366.8425234073958,293.59792303373155)
(367.6424227969365,299.4938232015522)
(290.25669332215296,319.9007751476571)
(263.7708022268488,352.3707269235603)
(258.1824037885714,355.8203291067861)
(274.6435297122324,356.28114936299613)
(275.8019330629007,362.44172554862274)
(309.2295389258448,354.6452551867668)
(306.39140766530215,362.0093879999243)
(338.1218940261546,318.92257447995064)
(316.5208815748717,340.4675989979138)
(341.7959893440623,338.6967460311211)
(353.817453843032,326.3747058411535)
(365.35958763420376,324.25366501489174)
(366.1398093472137,331.47319084182834)
(369.5045304261556,343.24202080520286)
(327.04907323703924,353.8995985415413)
(325.97907676778135,351.3992440736491)
(321.787395824819,353.9384719219878)
(328.77068941190515,344.6957356347096)
(334.9643075556485,354.93177484054405)
(359.5769410813899,355.35508080881874)
(387.02893166977947,264.51479185074913)
(381.9029645949459,260.663557211523)
(387.77670849632,274.86466042136635)
(386.28234775421953,279.2579365243031)
(405.95932949086887,268.3641732338192)
(420.74887262689276,261.19376134300853)
(428.2698157014288,259.3250928419851)
(412.2944686676062,272.43790039744573)
(378.66793516814425,281.810058031868)
(383.59543746743327,304.75479155126584)
(387.24927962130306,301.92978604272366)
(452.4595315193486,253.33328035394004)
(441.44058476810153,263.16509667411657)
(457.5155401778299,260.8385999328039)
(465.4685276953516,276.2196553749289)
(478.3365706335749,251.7225194306787)
(465.0734145309186,283.84756922855587)
(470.09899979064403,286.36079428866014)
(482.4590463264685,289.5912217749796)
(498.93926564017,289.64048381488163)
(472.94736184525027,308.0078340094242)
(494.6220055770364,303.3901901936261)
(383.6131675312764,320.1830582664102)
(390.5030937864245,312.88934056310967)
(381.2744388185357,313.83399071344877)
(378.7670483118915,340.26734661089796)
(378.100403003523,331.4563648581853)
(379.3268912018533,343.4338931897091)
(378.27989468938523,331.29067126153575)
(379.4649246129086,337.60764825951884)
(416.54914500336594,340.72317077220225)
(419.3678733619132,334.026912633136)
(420.7280566610068,340.3802548016007)
(424.00251475205414,329.278929897535)
(423.1618047816913,336.6721531921012)
(423.76157962956097,341.3110853881526)
(425.3691549955935,333.91605679856696)
(387.2777054583237,348.99383272694763)
(381.93696982842295,348.305283299872)
(385.85519465988625,361.1663395449205)
(399.267548770992,365.9291266757099)
(425.1345641848899,358.3175925997547)
(439.8000129488203,336.3898140147534)
(438.6948883707833,337.8027748872713)
(474.1966064163006,316.676923304216)
(495.6714858655157,321.62516777987884)
(486.332896721123,323.98384006327086)
(453.92038408981284,348.9287700612921)
(463.40227845224945,374.0428776185376)
(499.8560241522386,364.3301277836255)
(491.04508279791736,368.9691416502063)
(263.28694009934173,405.3363502353098)
(270.1156202880916,404.24949289883585)
(294.3105527244446,388.3970301566952)
(294.3619846782999,383.14837395705604)
(300.79843527424055,386.783110847454)
(304.69100122357764,401.3582092482486)
(255.96508533534205,417.17571009192307)
(263.48656817000415,417.97579251490333)
(275.1562553495396,406.3615563702667)
(274.159475969746,419.138173194054)
(275.0373918007049,417.726303963643)
(332.06530153490576,430.31777310267796)
(349.6272162785834,416.15785260690984)
(353.3110047877686,429.59131883360493)
(251.61727803349845,441.512528298937)
(282.9757930944993,441.06214667524955)
(267.74743079686135,496.70562337836424)
(319.45213411523144,447.88891833493096)
(326.26364843698684,440.24468549645644)
(349.8928747038439,450.5016357385666)
(357.5236810201332,442.8881864916958)
(387.9780817393314,389.45558689983903)
(399.64250309258466,388.8710947233439)
(412.6263674045154,384.06980720517214)
(413.17831845077444,384.858846017201)
(388.5667196884092,420.2150273578529)
(404.5689395281599,430.972150692572)
(397.16094580604846,422.12117609806387)
(458.5965931879912,388.4586974838631)
(465.2841502927689,381.1171268076273)
(447.8957728279309,393.2635121147394)
(484.28155946747756,390.49430852740625)
(445.90818449972545,412.28694768393484)
(453.21324100389546,414.23785051357953)
(456.39792122283586,430.64294971370254)
(499.71477685590924,416.0165982885271)
(487.1617294650098,416.0685744412428)
(399.0076763708388,460.04096629287915)
(393.96545038726606,462.25255443746903)
(410.4410579368554,444.0924121888804)
(431.7516859262357,457.1930347201513)
(386.7640468253838,468.8691919446966)
(401.4451626914556,475.9708233586981)
(411.80100904100294,497.06998068836606)
(427.4750783991892,487.50513717299236)
(440.55206490658526,443.16619635003684)
(444.5075811909153,438.1376014972946)
(453.8189962778727,441.22413096704946)
(456.685257838747,454.95429228995374)
(470.20941383249726,443.9083856823418)
(472.2523567323329,449.56425730586346)
(499.60853644989345,466.4801542931559)
(492.78359236253067,455.31977984284146)
(463.89803575742883,475.9839626638349)
(444.9253391791509,485.316125521272)
(500.4196834043253,7.854975950306375)
(511.5595248142583,12.891517978729784)
(514.1668246143176,21.15452899829684)
(531.313246645499,29.133654790761575)
(560.2396852149112,12.819219797500892)
(543.7824863264113,27.253556746048456)
(512.9750506133325,32.124388236884904)
(514.7695313720873,56.156903654471016)
(520.0801622064151,52.41811429195798)
(587.1629051239763,2.331867767116469)
(582.341498013529,13.297142756939827)
(612.8272087104665,1.8341453964724197)
(614.5547897383731,2.119810365515229)
(601.026183391864,16.454225309461833)
(589.0543998894831,49.63199019794429)
(592.5326310586879,54.93921554221437)
(509.2921151170967,74.37925578916673)
(517.5375922951675,75.16598208936432)
(516.710151045952,66.97615545040514)
(525.5313846250136,86.30138463575193)
(558.7123558007629,73.8359868432814)
(512.342399615806,110.39614755546563)
(544.0872006925863,95.63248288513739)
(533.511380180183,94.92716257785128)
(554.9851743831862,106.28030203009067)
(536.8793454905044,122.35684385526116)
(562.5273428829206,120.17526675180945)
(556.2060769605653,110.3040481379524)
(561.1831669224948,116.56777726328905)
(576.5467969130095,78.42500164708532)
(566.5230875110724,71.10890208658358)
(587.5639054574183,77.43250683484038)
(574.9341212490066,91.67715328396886)
(592.4006107910519,85.66193583543284)
(598.6689900649226,65.71463323930817)
(616.989296056705,77.85757225138096)
(618.9498429141161,92.56447942012636)
(613.7115904934587,105.72910361386721)
(604.6499000774706,122.52116370398895)
(631.7662689810113,23.015495371521144)
(636.1306621897829,19.77996972161289)
(671.0522031594572,28.564193002726725)
(660.4440690111569,25.945693645968547)
(655.8502824073054,48.05221064632504)
(722.8585982532696,5.608315187021651)
(689.753027404422,58.8209218699236)
(695.2313436359084,58.288448695618)
(716.6123011309185,58.51503832740368)
(738.7279470406464,47.05811674392268)
(642.6309364836469,74.00497509487236)
(635.676275205416,88.99844420928216)
(651.7014481715817,80.11716520555478)
(654.4525933392744,84.00619200053872)
(678.1881152013693,69.35925591756254)
(684.9411335824814,68.240656325264)
(674.2177630237499,81.64393136536464)
(630.8285398211247,108.16825355377881)
(649.8041765307215,107.67598121776811)
(638.0817509516014,111.07363242382795)
(652.9021455508945,116.45497888225687)
(713.781091288637,74.90674631992344)
(699.2200356895731,87.2904331172889)
(688.2371748166723,104.5019883171071)
(713.2570911975166,114.62608341082681)
(723.6825257981366,95.29970806238508)
(741.273413713832,108.40440038675814)
(729.2127133959248,112.33074495807949)
(748.3525286005777,116.43645180024554)
(520.0102830772639,140.84780400967878)
(516.5172851686107,135.96597497349273)
(514.1637754699844,146.14354911123107)
(509.32200747096954,144.21153073252103)
(531.3546165924188,143.6371854922588)
(561.4642893491772,159.35233222843272)
(572.5386203592544,126.82575394673046)
(576.5844753728297,150.19851778683025)
(571.5070930550867,145.2932275233935)
(589.1381697037551,149.37479909804395)
(595.0654465787521,139.49511294703356)
(597.0753024793883,144.43314849650864)
(599.5687100064144,148.2200478621477)
(601.3759463104321,141.70355103730392)
(611.8678127351797,146.0109721658194)
(603.9160441725485,165.50780445215918)
(597.9418598412401,164.4959372968733)
(598.9442955918239,168.1068844581447)
(612.4419473942764,157.35279210548003)
(601.1512151926681,172.56737721870087)
(599.1417222274138,172.62456538291516)
(598.4101906917422,182.1929208397258)
(615.3278899220611,176.59590266714264)
(520.6913560650531,200.05832143099033)
(523.1460882011106,215.57604761630859)
(530.7611769178607,208.57916164700237)
(533.4196252362551,196.2319799270861)
(531.4829236123009,196.9998333865771)
(561.0759471760471,191.30973981011755)
(500.41758934866596,230.5252682533241)
(512.2290986575601,233.96141296069084)
(521.3028340972638,232.52298156743078)
(519.0581375091599,233.26915821729926)
(510.19264285194,245.05359918527824)
(513.5803005414064,245.68983402571453)
(500.53425580917724,237.47730218710626)
(535.544205922325,230.94052226120687)
(535.6053110066847,227.1345498284747)
(557.1384732967257,231.7712061481667)
(549.5012025938822,222.4048617584399)
(557.228165489782,241.98844853125757)
(556.7532021485716,249.63160180689084)
(564.9643642193441,195.56915609931102)
(593.5254711676749,217.12458566629954)
(590.3203072041109,205.65403807718974)
(583.9186203250547,204.09958052903875)
(595.2792919178435,188.90804094730373)
(619.2253383150912,201.41011696918127)
(596.3748902520234,213.88186765380024)
(574.1028521304262,244.99057450744544)
(576.993164214151,243.0432428714352)
(574.2350100411749,241.51293228922333)
(564.8844790946123,236.56078449150831)
(588.5051183453119,238.38413907641802)
(601.4396787353031,233.69376194899888)
(596.2385115046109,238.1680597551893)
(611.5416917615418,239.37518492172592)
(635.3290241648693,134.6506713999003)
(628.9999846579555,137.19939827947124)
(646.5765421970406,135.07257533718774)
(644.1987334106989,152.5218492417202)
(684.5594675330756,128.85381326686485)
(683.8035289702912,149.21970691972842)
(681.8222675034573,151.36625354580525)
(644.3886657941857,157.87077936303353)
(632.7859153185948,175.1540036146231)
(652.1147075573635,181.76263856631547)
(734.2138305458886,130.55620773104792)
(691.3342998508542,162.15651307023404)
(693.3563088214793,178.34125150698677)
(690.1361300969545,173.18911239626667)
(703.9975523781409,178.66169680331524)
(708.2232253672466,180.77062655186393)
(748.5680626843064,161.95309365972267)
(628.216024276896,195.72611595207354)
(635.5283478626411,204.64040321897858)
(633.6241595985364,218.50464684437958)
(654.843525902679,211.13367560935515)
(679.4612636264865,191.11363798850888)
(661.5460696827683,216.53242463849801)
(681.5687307812408,218.10901502825033)
(651.8724401800945,225.9225679660227)
(645.0507277795082,222.3105132162982)
(627.0039829713476,245.40172581412992)
(663.8331976575323,246.52066765792458)
(714.2385096696314,195.9529428026109)
(708.9734398064328,194.7108451079852)
(711.0428444038849,208.49483104514331)
(727.2327862658116,198.45855642667726)
(749.6802599543994,190.49689195601673)
(745.2499827168796,192.11245283976396)
(696.0057978698865,231.0776167846679)
(697.0489013355735,244.57274897247981)
(724.4704530647373,234.0424194299615)
(750.780797350278,30.641267100638636)
(788.1762202949533,11.908178043571027)
(804.3065331833162,37.39118917562112)
(797.735467105211,37.08185664305952)
(803.3867216898225,41.80279427813027)
(802.3130717932941,54.60427393645162)
(824.8336580523535,25.50779695867089)
(818.4135104300752,31.30165873335633)
(858.3253325669621,28.193351017542724)
(753.1504002486355,90.7004534007153)
(790.9954274309922,69.3529445568627)
(787.2489094196193,93.2832187987912)
(751.4880639953116,97.87680765355611)
(767.274836126407,99.79201274270588)
(762.8886974400039,122.150386385384)
(806.1901027790709,117.44698590570746)
(814.7554576545275,74.30700537934176)
(840.4463281725568,66.91144291938423)
(866.7843261881284,71.24981246772944)
(871.148357311434,81.9326775039283)
(857.0323539561492,122.63075304054749)
(844.8589229700717,110.82908202273512)
(879.6348084942305,2.4549540302745143)
(905.2392977093563,52.8784777772876)
(921.443254102776,33.212589890551534)
(936.5079997884728,48.76010769096373)
(930.531413397878,60.07625514999837)
(924.521686273929,47.97126685036501)
(924.3399115517612,50.94840542144341)
(939.6221624574738,20.211837994322025)
(966.2557195198618,26.90289731398554)
(994.6261917878287,9.798477746117197)
(978.168906209713,26.772797932568928)
(998.8963575054598,17.54639633606059)
(998.3884704695232,35.53762995387733)
(888.5851331488929,93.11694017205363)
(880.3628277664909,88.68755782025161)
(900.9388204868497,82.43581548792245)
(926.3268293582549,85.45278894648544)
(911.2809354806816,117.021362111421)
(934.6592452738342,124.9365764981667)
(948.9188053130883,74.19053184603442)
(980.2930839932544,76.6549299047966)
(973.395598545431,78.51921627459969)
(982.1315342897901,86.5970462285689)
(951.2593393493221,123.75271932928156)
(965.2861515929529,120.91043937290368)
(978.7904146936551,109.17258096051808)
(976.2993008305191,114.79893488399517)
(978.267282543291,111.64187271772563)
(758.8230214567095,129.93623388574315)
(764.1144892429104,136.10622337740975)
(757.0320879934715,139.7120560468964)
(763.7164229179418,147.5255167777164)
(761.881261785398,154.23091934337208)
(778.8184635609108,170.25595994893683)
(764.5977201035176,179.76764544187972)
(783.6656229254536,169.98244151630172)
(809.3564466358041,171.75916000781788)
(802.9974956603544,164.51343213209157)
(818.0468611684439,155.27240251158204)
(851.9523774000471,169.42076935489337)
(844.5435708442343,183.21920042042527)
(846.1139632535234,178.94660906270343)
(755.2812709102384,205.78440002851238)
(776.4698790244518,204.19804754973248)
(749.9003844233074,223.89506052554788)
(775.5624517807694,229.26808992927317)
(752.7781618186267,234.641382106191)
(772.909678965346,236.15154871351262)
(777.072305303616,248.71109071722663)
(784.541411226922,224.05382011781072)
(790.8545308623967,223.89267467456298)
(819.3714896418778,233.45941517015356)
(824.9073455012832,231.51260700096498)
(834.8565379896902,235.29592369638362)
(854.676724309437,243.44486547194134)
(858.184010244766,241.77334671009208)
(891.477058676534,136.5388622123499)
(888.8049428232888,144.22848853077787)
(911.3375075815154,132.26944857336554)
(922.4744214172937,138.7347617593442)
(933.2096459715366,170.61827369404858)
(946.8041042354553,128.94468888072507)
(982.0157585106078,135.90786175233248)
(991.7028278452848,128.98280957373953)
(984.6994884500041,147.83078947013152)
(953.3478146984198,166.41282285073012)
(953.5493238038302,171.28534790019256)
(944.7653085956504,184.3749128331874)
(975.1023572417579,187.45151153728267)
(890.8853270319788,193.10962898611183)
(904.7221539338519,225.38605336514615)
(883.9948153895557,247.27240620994684)
(915.0826034059396,226.1396428317627)
(969.149686535959,205.89221219871257)
(959.8158129778571,235.0394385469825)
(960.0222610037838,247.51055683376998)
(969.2159636223738,225.70010967194742)
(997.1899402505691,231.3206512430852)
(514.5389718924475,263.5160329679647)
(504.94115240710613,261.65821755917995)
(520.7076350289342,254.48440551902817)
(531.0380283728543,264.3686102290116)
(518.1736119438264,264.1003694839884)
(528.0103587964737,276.62167403763385)
(530.3803454614836,276.57025320799625)
(516.9053412115295,268.41898939004517)
(534.4600993767539,259.1854564055014)
(511.84802971578046,289.21713123346836)
(521.7901121226145,281.71586291836275)
(527.8417082111876,310.48336750809966)
(537.2893546196937,284.9036584456782)
(558.8551806277853,300.4898148786103)
(563.5102390915574,257.1657638262163)
(568.1030076581752,268.83877186114455)
(608.0673727401211,257.1406849291246)
(617.5974210079601,255.05844321690518)
(620.1193979532607,263.4839293736607)
(598.7507191665258,267.9038292568141)
(611.5490770483639,279.22150704001484)
(619.609781670699,270.0398086294463)
(591.3335169368577,294.24831903597914)
(586.1354277212571,295.21410390848564)
(573.8924070586664,309.8383979351824)
(573.4693266601535,311.06683449271253)
(588.0768707093703,307.91784437480516)
(530.0475522482167,319.40110420003833)
(516.4672797531366,315.06145508231475)
(525.9944690825795,320.0130077935387)
(502.74435226406,330.80924116663437)
(512.1774806344876,342.8839457732664)
(537.0386787398087,317.8482784664059)
(507.3223526784208,363.8627161801377)
(529.7049057877264,371.5487805792361)
(559.2758497476789,346.3884552916828)
(557.7087902048961,362.2603913416097)
(584.9873971489925,314.72358901934024)
(563.8311197431237,335.5783817708803)
(590.6090080907773,339.3593533386969)
(620.0368451135317,316.3011479880436)
(615.9995996476323,316.472973592818)
(599.5561599607597,332.22020397618377)
(596.1323409295435,334.4510990212424)
(613.9316623099751,328.4296787030544)
(590.9021787996235,346.81970788844865)
(581.5752139513606,346.2322667449468)
(601.2750168010406,365.1221687477716)
(608.7716971382062,367.8110767809968)
(627.9498335764931,256.1150945972968)
(626.4565928086441,260.8292587811134)
(645.2214718613629,257.11884947905173)
(635.4828228728576,265.8848213188905)
(628.3565845270872,269.49290251937975)
(658.3103078378148,264.22455876454364)
(663.286035343419,278.8579679102745)
(626.2225916123007,289.6318080958062)
(639.1162114388941,281.8738823988762)
(651.6120570988583,310.2600976249295)
(647.993859170126,306.36434529437093)
(666.5281194655477,285.5333865092332)
(662.3309612728615,299.1487984334201)
(681.8419406411474,308.3437875581252)
(689.7689103990415,269.7531076635825)
(695.1681745375835,278.2054989719259)
(733.0956927742782,263.86958043633314)
(747.9797564988849,261.7473411358754)
(724.6031957450484,275.99110801482306)
(738.4245227189224,278.8425171214121)
(710.1666250577607,286.1668886003545)
(710.463652879987,299.67936561606274)
(733.85739170172,296.51211899136507)
(721.1907968860666,281.8125855473188)
(627.6641417342961,313.7994753926014)
(625.3916750772872,337.2064867162036)
(663.7162577326533,315.2743173574493)
(661.0442260801578,324.91655949872575)
(672.402613455176,327.6211130933311)
(674.2177515766288,323.18190065741464)
(658.609036856014,328.9894282282596)
(630.0542468387089,359.92728124936)
(648.5502047897809,361.65685310060906)
(658.9534074007354,363.5874712477352)
(684.3633256635891,373.6275632640247)
(702.8086872148175,330.4536226217134)
(701.835083833141,334.7627464289917)
(696.3863063165227,339.50723216111976)
(714.8990367671215,338.3316315382848)
(730.852905892523,334.63705718003865)
(747.9880482097846,337.096278069875)
(692.7390201686667,355.29665616061106)
(695.4624323028058,358.3876642385508)
(708.0528276680176,354.5472097485729)
(704.081099545785,343.796578352081)
(696.5755826654255,364.2964721150125)
(746.0592882030959,351.0800107503907)
(719.2486240134481,369.0924440558362)
(719.024586148127,363.4382989202441)
(515.6313387908941,387.0342887565933)
(504.45295879146795,384.5932351379115)
(507.58766289949966,390.73032373768956)
(539.7452384632454,390.59372629789027)
(536.7959276962157,402.56208251305316)
(511.6158381707696,409.17155716132294)
(530.4377595965143,414.4591069897622)
(557.1437691273225,408.17179298250863)
(537.9711829625741,432.5338736546734)
(585.5437116983604,383.2058384210337)
(606.9895623183795,392.2097031187728)
(566.2285171223332,433.0342655285887)
(574.4890674458002,428.74662624203995)
(597.7723949507922,413.28092340329823)
(614.8326250455121,415.3286295165871)
(502.05543052294564,444.12302509362934)
(514.6814938152331,464.9912366835484)
(531.006623078318,467.9006832823723)
(519.7326693978476,457.6809042080507)
(524.692019449182,458.2738637129407)
(550.6058968246606,437.70157564713685)
(508.8394557492145,471.23546524228396)
(502.7070880407521,490.7404675444135)
(550.4600337662971,481.8381329849504)
(544.7219458521761,494.54229039688823)
(543.8105456917277,484.5681202591644)
(580.1042127649425,455.90014797077924)
(604.6574165103696,453.427158373828)
(566.0213772733943,483.74252516658345)
(588.3655126774174,483.5117696876006)
(632.8563361391459,393.63144834452237)
(629.9825285498671,396.4431245386155)
(682.7373048991087,380.11621615088484)
(657.1344646685594,397.74542962036526)
(684.0459932171676,391.1730818474344)
(640.0087188117246,410.76723400396776)
(674.0290703070074,414.17898561859204)
(658.6748336095642,432.28131904462737)
(730.6387358424158,385.2102446691093)
(738.211122447894,401.2966304359001)
(696.95084894238,407.05638704089944)
(702.0804267079866,411.9896687941546)
(723.512029004567,429.51800614959325)
(735.9820186821529,431.9590927935011)
(668.271474118601,458.2385865605934)
(638.8362874177624,475.6880045199978)
(649.8021149700937,475.30232733882474)
(635.7064249659724,488.31008369304465)
(664.2324233365752,469.38609374920526)
(684.2537370972994,480.1396731564611)
(681.2867989088347,478.3553786647846)
(702.4478091660823,449.3071652486103)
(711.5832618740271,452.0928769276718)
(706.1751751712725,448.47273980151795)
(695.1612979371155,466.4600249129793)
(720.9198412500714,448.49529938602234)
(733.449402348879,438.2597673882658)
(720.0105663099478,447.89733710176495)
(737.6987731197904,441.5104213547786)
(734.589467454963,452.2634648434281)
(723.5528738493135,464.7091753981549)
(733.9804223208158,463.19561296366464)
(701.4045701287422,475.40149991063316)
(695.7423040614884,481.5408716978113)
(717.9293496739385,480.18549253329945)
(712.3494333119612,479.73857259319476)
(697.4284629829785,486.5390897915363)
(717.6602537923944,495.27383993145315)
(745.372800469934,479.9265907166546)
(723.5841280565089,496.63941948094214)
(732.8182435480309,498.74786858159416)
(739.0535896833608,486.36958970431533)
(775.265348968972,260.5050731359011)
(798.4726306422117,253.6716587850495)
(804.2892496104264,251.04489439915622)
(814.7335766420621,262.9189560840195)
(849.4091068225232,255.7254944724433)
(850.3088365102695,257.2461136968137)
(853.6544571694551,259.64776311970303)
(869.309955160162,257.2828458047203)
(847.7005663167122,277.4327495476341)
(863.8539879049162,272.7196484102585)
(833.1094579979842,297.63985089238787)
(851.8657083220756,294.0378342667055)
(873.2441406564637,282.3881616996963)
(844.3930644403421,301.11850730188706)
(760.2482510275789,317.0276251432258)
(774.9800942267037,322.1161578981231)
(761.2073983840093,341.5555957510893)
(783.8853620838013,317.80363579461965)
(796.7138029011134,333.89570743387765)
(759.1137983047896,357.01017751848894)
(779.4919220394278,357.4709832572467)
(778.7156948478213,351.91333984846597)
(775.1094837964212,361.0240915438656)
(809.0451136400332,353.6129907781077)
(794.8364707435238,363.00451157064487)
(802.5896479835501,366.2767127557033)
(818.7187554316655,322.9641100762646)
(816.3965108684688,319.2793328065254)
(823.8564111520702,339.33090770306853)
(825.0215971710835,367.0690052566564)
(838.8977456874982,370.10791064014103)
(853.7480301410036,363.41016736799236)
(888.628308721595,261.80405876774984)
(877.7938725718685,273.5983517186471)
(928.029012478606,259.95167002745825)
(936.8765692622592,258.55307716431486)
(920.8152064707627,267.1813804044395)
(921.6089521902146,271.6103378971494)
(886.1132774792471,294.21407496748054)
(900.8169086728304,302.01079054227506)
(899.9683195783937,300.48711645519575)
(920.170106634659,289.87964836218947)
(906.7596971236815,309.54221281725256)
(927.8638075827596,302.4248230764053)
(930.4019477173094,301.59393494189555)
(940.1526994076077,263.3284638710274)
(949.3209833645362,273.7387922341171)
(979.5963146863766,270.7707588361394)
(997.9920224127272,273.0034671618)
(991.2785282975456,285.29372665304953)
(879.260182243941,312.88370877713953)
(915.8448865652288,313.172807200783)
(928.2937780345084,325.7273475151582)
(901.2380654318323,374.58026986907953)
(918.5865966563158,365.2290937633107)
(931.6949458857289,359.7340364661014)
(965.029196298583,335.25079671457735)
(992.6273184030556,318.35399975485456)
(972.1033692969171,331.7652626425615)
(964.5196355353542,346.6440928026451)
(959.1475812868042,346.1590922969321)
(786.2566330693919,387.97823540462895)
(783.7113205900289,391.85931559647327)
(808.9259842113246,396.2859261648688)
(760.8626440042985,410.7078675066664)
(782.8684657296519,433.23335071001543)
(794.330837300168,423.80427451790104)
(802.1847792998292,424.2730048545453)
(824.4573253498182,389.41412477211577)
(833.0230374514507,402.2761001676548)
(864.2333820410618,388.4328841864009)
(859.8165969315498,391.2447769520617)
(815.0477563734803,417.19472503945894)
(847.2426869566048,420.89675689590666)
(873.3851107260195,407.2234556612426)
(873.205865944376,433.1333732304692)
(864.321040244076,433.27503849606285)
(763.9609379035423,444.96843323631026)
(760.0578976955999,446.9596924171594)
(754.6316012906891,465.09758383597523)
(800.7476980523229,441.70825058780133)
(779.7866800783271,483.7671758145824)
(750.6759501385404,490.35784695989724)
(757.6296564932135,493.6712157823855)
(778.1311802294435,493.7572974550186)
(779.0677297403415,494.4854422739321)
(783.927749888476,483.1116433351051)
(785.0642234265861,483.1723835362741)
(811.68086196146,473.52207753032314)
(794.2476728962398,487.28283228236705)
(802.8405356561424,488.9103561805095)
(838.0042908546948,444.2762416450272)
(813.0795705959014,453.0403532100197)
(838.3341689225828,467.7804380520999)
(847.5948568082267,438.1989732329974)
(862.7126320229122,437.8517258232072)
(871.9852450696978,464.8520919582677)
(814.3039366663627,476.7276323674889)
(823.0593045732439,483.92540452421287)
(841.0182100030828,469.12325110121486)
(834.4806189762127,474.985459402833)
(814.3952625982505,496.51357944853515)
(861.0658284905992,470.244592992776)
(862.0068914394143,471.8680731759821)
(847.5996740815127,496.7820023517262)
(896.2603368509326,388.741692296929)
(877.3604478023603,402.67903246893985)
(900.572348867782,391.2827555801355)
(892.2274518920292,397.6779280109779)
(909.9154486325205,389.39186304981075)
(924.3225337679715,385.2127896981469)
(904.0318345834219,419.000425557974)
(955.5694524292537,397.344801257699)
(999.5634487006721,400.1238386318734)
(968.4927455495949,420.42803876672133)
(968.5706233414895,425.18502887834165)
(887.7214650932456,447.2228766427631)
(904.7677781358707,451.7803606767197)
(878.386484897108,466.1094105385364)
(898.3286124298475,476.40400775283297)
(895.4139145380243,490.3684894789385)
(918.3704143410911,496.32679683604294)
(950.270324043432,463.7287122214926)
(989.5152809778331,467.33166127134996)
(940.4950502790565,475.1269306956489)
(940.516871273296,496.7306025839563)
(972.7302710860688,493.04298559424507)
(39.486989797522185,512.576098092048)
(36.92967660359159,523.8258496001239)
(21.74434206540843,555.0571093654409)
(43.13967090819004,541.528440799077)
(52.271922703247434,551.0033343195279)
(55.62283548620584,557.7522673558904)
(107.43678023028048,515.5059012139286)
(94.4495851095506,559.1544252126332)
(114.13594120334358,538.2271858486321)
(96.78544611173257,553.1853766339178)
(5.9604745268007076,598.0820788424996)
(7.004041993332377,609.8396742939585)
(42.57267039883983,602.9834994293864)
(34.37755582213664,614.8920837687)
(82.4468463815129,566.2145694440187)
(122.58800600021158,573.1293606055928)
(120.32461315652621,574.8317268178497)
(96.89676914653755,582.1495308878114)
(84.80163643184268,617.8280872988229)
(121.14864089199484,602.2579159640662)
(126.57442387796691,508.39272534445155)
(141.68826537149536,500.4694526716027)
(146.24267897638777,523.0856497515376)
(155.15272362470455,525.9384440632629)
(157.08019734631696,515.6742255526664)
(127.29120890266488,544.7297106918065)
(142.62030707109795,540.1980308529925)
(140.91065195190367,560.0036019010821)
(247.69651859360354,521.1548556734131)
(138.99568328006163,575.9992923425028)
(150.38491159756927,574.2570486978162)
(132.13722964801366,587.3152981940264)
(136.25512954959407,610.9491738098511)
(176.28709732007397,602.2756632193627)
(157.99997393128064,618.3125057519679)
(186.34546446669907,612.2842483906808)
(179.49506590719645,621.4464392473877)
(206.07890440761224,565.6367148582768)
(223.44803271041724,568.6968931065857)
(202.0841116062968,601.0676369671058)
(209.27260513055356,603.0087361463501)
(212.4865674472718,614.9666208479903)
(33.798461571183935,625.8451476488847)
(59.51427490158889,636.6960079120045)
(57.41638503512603,641.2581196280042)
(21.740013086610222,670.3318492024811)
(29.48876831474989,665.35544285457)
(5.353964009001011,673.8903432956826)
(26.750456275018042,677.9711691441023)
(19.034480541117226,672.6952269404931)
(48.825870406818964,666.972395895627)
(79.51590121990048,641.9584003741245)
(94.82968967555783,626.6871715101266)
(119.71137772345986,632.4738726859896)
(97.8796863538075,647.9548222196305)
(73.80402885563365,681.2876215557544)
(64.62752702351338,679.5560535296497)
(0.8940792022137378,710.7066871521222)
(46.21512784013249,702.5992607022135)
(63.136080326482436,687.4450415639501)
(7.567934800734255,718.5222444267313)
(47.15295965615718,718.2756631454434)
(51.550557907492966,738.2175114935234)
(89.36249610367197,696.4790040176043)
(112.22303896768415,712.0222589050649)
(63.85160236221421,720.453803491037)
(89.0206204085694,718.7068565004238)
(104.0450605539942,720.2975667303757)
(154.04322222648204,627.0561406738636)
(146.36137396380678,626.2549789580448)
(153.35680587472123,647.739841214301)
(168.98401937042996,637.5656438811973)
(132.7646719475134,666.455917075041)
(181.49975557255337,669.232283725968)
(213.78188203242388,635.0163633197458)
(238.35345211264524,632.757722029832)
(234.05122370754793,642.6343363860966)
(230.5710474282121,643.9426666366804)
(210.5502226674978,658.6639922454231)
(221.54003953964053,665.2513363389787)
(236.2143274201054,677.9784902231252)
(157.8396190183482,697.0150603713049)
(179.41144418207534,697.6716057253232)
(181.33790153372033,717.4661771584118)
(185.6236576551662,713.4670322808721)
(135.32764739082114,719.452698400852)
(139.16998590098316,740.0858943706825)
(164.56901636325838,724.4047577227165)
(175.10691134251056,719.4822504886528)
(167.26356041057645,748.1451542189606)
(214.53935918886725,728.1833252778696)
(203.91104353026267,725.128972039057)
(198.95153989317015,746.7954424207787)
(205.23552210581775,737.6092982803942)
(226.14461867971136,740.4772665916909)
(281.35031612756177,503.24946844016506)
(271.18338737206716,516.2832627726399)
(273.37476932106495,524.487015438256)
(270.21860924901307,531.1589633226257)
(272.01760126725503,548.4352877497715)
(293.5213748610663,543.0212402684325)
(295.6056352706506,545.4693269330783)
(343.2487574789255,525.4124195284809)
(345.5205884838294,526.82493246314)
(355.2491531356298,518.7335102687338)
(327.1823255905233,535.1476901179434)
(350.55877809030034,536.8877203633423)
(346.8981764135347,545.1662109680382)
(360.91864348771475,557.1065076216762)
(288.5447850645437,582.0150822454502)
(311.8034088814637,586.885491517578)
(299.1685253147297,591.7838737426143)
(264.1871509999999,622.5000149960208)
(284.5920366371363,612.9410113715303)
(301.47794423696115,617.0621564083605)
(324.5364870509677,563.1919092026463)
(316.18425542190454,571.8871475666751)
(336.1644106924756,592.8891253212997)
(371.87695151635035,573.6443554754002)
(373.2413699536764,574.9151079271433)
(354.70319577823693,583.1296134611823)
(335.0914363431102,601.9819488843681)
(315.1674693885299,621.7153851615473)
(330.2758801629498,610.991036274252)
(380.8247552452008,502.5534518251178)
(400.8207779084808,501.98811605148666)
(402.24003926568787,517.1680810498451)
(419.7010624882147,499.78818043346973)
(433.80825166873285,514.3834974925749)
(385.07896068082226,537.4853054154222)
(394.0740841885304,541.27333602364)
(395.2403524347176,548.7631486754905)
(412.43634803266036,540.7073064758367)
(414.8901101967619,545.124807360849)
(415.1269415475106,545.8818007829956)
(429.7080917962216,535.145208209375)
(460.30417933290227,508.3769146130923)
(455.0620560686027,508.59409260736345)
(452.70114946213334,524.614467019244)
(458.0091571626003,517.9181028155587)
(492.7545888104987,514.2368687814445)
(496.13603138893814,518.4653666227019)
(438.01955049796595,546.3682110781859)
(445.14453389229215,553.9440197006304)
(457.92792880768195,560.1797554553831)
(477.3733823537857,543.6521442487262)
(393.89781271989733,568.0840420914208)
(427.54366528304246,587.1919871826414)
(379.2753783993711,601.6386403654731)
(382.6021168460345,610.7805254391808)
(377.6725883971559,610.0241788631313)
(403.90726458039705,618.1002167003264)
(419.5611228712831,617.5462632915376)
(413.19654317541875,616.8856058204257)
(408.5756495484747,622.9179661934054)
(446.54061770698314,568.6207536101862)
(449.03031802278906,581.9258776881172)
(460.0733038557969,603.5842496355172)
(460.1809021541247,621.0225312389936)
(472.3582752921786,619.8405057882885)
(272.9103523560481,631.6186220922754)
(308.47168909376245,632.3662528460228)
(300.98247761803856,633.9772199498008)
(310.294290226492,646.5542402351435)
(304.60341190786255,652.5336700225598)
(261.17719534433445,659.3547155623401)
(257.8350308881794,659.8560269513257)
(273.0191367839655,671.3585272016098)
(265.0697270440221,682.910307835265)
(284.4424263695111,686.0231918490025)
(300.13003619714686,673.4207001866413)
(343.8734595637122,646.4209899184739)
(358.78720791983045,627.0436986286002)
(315.0614818862513,669.0468647286237)
(337.013459805959,660.6605189806473)
(334.5354116197924,681.6065427405227)
(348.15547900167473,669.1353644599263)
(356.1256609001553,676.5710857095227)
(260.72313735746167,697.8319247067243)
(312.748620577837,701.2869776539741)
(303.75830507020373,694.2883868193139)
(309.80024486211323,707.2091740828369)
(307.20594326639906,712.2976446065703)
(302.25537995386134,707.6027910712895)
(258.76836263669776,723.3127260679371)
(297.1233203239191,722.6819312344714)
(284.90557050935075,720.37860526934)
(290.1064358623262,741.9433978188487)
(297.06730063852524,737.6544358280314)
(335.4861302076999,696.558136598619)
(333.36924593393746,701.9058787479628)
(332.4420887720778,715.9180067578585)
(328.90082567257764,712.9484246483846)
(353.6099229809715,699.3066346899913)
(357.1465526907225,716.8407136029492)
(324.35361500661486,738.5949246421038)
(361.70070624879145,746.567194739908)
(400.56861575225565,651.9350171862627)
(424.16257722475706,628.6104976695768)
(378.2336230097456,683.571705782375)
(421.16648229900676,667.9890143145279)
(426.48770986534225,660.3581420864393)
(426.7023152602475,679.5247075769723)
(431.9737058004716,685.9239279855758)
(460.9471933659297,635.1107708453377)
(476.00377506699755,638.0322249800269)
(451.20153663275966,669.5437559441083)
(467.1798085867991,670.9756421483572)
(456.7352068862912,669.2864966454371)
(441.8061909881545,680.415053280009)
(497.784970268023,682.1111190907525)
(388.57381215099707,702.2389757372962)
(382.74079282236903,704.9257435426636)
(431.9639903608131,702.5924384124719)
(385.94264571578384,729.1486910015853)
(377.7977246304073,731.6086014127545)
(382.1793913663747,739.2753432762519)
(391.3660162913407,746.7819573801189)
(421.5236703185684,746.9934327998283)
(467.5535292372225,688.4829032490555)
(456.1476880511247,700.29749821252)
(478.75982159169973,689.8285110035359)
(451.91699732517856,721.6687684790473)
(450.35797020356216,720.6979584699106)
(497.89707235515937,725.7002938679726)
(472.39600476887057,740.663071307216)
(498.9662213497442,734.5317547621415)
(6.060812019852868,759.5856451360015)
(29.801604059650046,754.2711363138818)
(18.58253400930776,773.9532489723476)
(37.07625165078077,777.9305603234218)
(34.732998587948096,791.2544545164858)
(58.31270453647308,791.3559278056937)
(84.96887080358451,760.4570225166575)
(96.65760894457887,761.7342502629674)
(97.81075064901313,749.9880106699982)
(124.28832764841302,767.7052521397826)
(109.1808533664389,796.5233567470644)
(12.196354473189785,872.9913659879485)
(55.11204004760118,857.8201416137897)
(54.63058197748438,858.4757277786827)
(44.26293875307907,862.0767793773491)
(68.19914372414848,813.0150747628586)
(75.73268221108187,823.6453992921839)
(103.78496070285425,812.2560595684857)
(112.13730313020676,825.7825862861102)
(116.05796262084166,819.8330329324608)
(74.81665658106517,871.3473248864086)
(71.1482386195712,868.0461509266136)
(124.67005094014449,869.0606814944806)
(122.38658763383414,866.397847200785)
(126.85342544912214,759.9007118962592)
(137.72846907690538,755.8005851787352)
(140.06102386454543,775.5545872468341)
(168.1283553514128,758.9852412409033)
(157.64442301507177,750.0808756294481)
(139.05001504611369,801.7277968346044)
(219.00592886818526,766.449468061374)
(231.36837953966548,799.8062360433458)
(153.62344326817203,843.0570681474333)
(161.58080709073676,829.2252093703639)
(181.30615002318672,830.048076139487)
(130.0596580806308,847.7605358775081)
(139.42434742602993,849.0436362988199)
(197.07091095146555,818.2272602114584)
(216.5995166736111,823.0570119392685)
(210.01135150868,822.2074070901521)
(206.40843955041112,817.9543244706609)
(223.1483394788608,816.560158324161)
(198.68678831693686,849.3267805573213)
(212.57915039802955,863.2432645850328)
(228.21886948417892,861.4844590831784)
(16.14201516662661,903.6055718143932)
(23.709820451733975,900.7983205115607)
(33.42023351823631,889.3609774185704)
(54.82016535161538,874.3564632471366)
(46.71103407348354,907.794789485834)
(97.19151648027913,880.937354256711)
(109.16747340119038,879.5883767331978)
(78.12300140554885,932.4177396353059)
(75.66808689566007,925.4228318519359)
(118.1043531297421,936.3444089348775)
(6.793903538710233,967.7773971138206)
(24.31569505972908,964.8202919804136)
(54.885435174664266,953.7038793614051)
(33.55818902534391,969.8992745281917)
(70.30644329217517,939.4149960719153)
(81.42992361528422,939.8860617238662)
(87.78403061028261,977.965703384021)
(78.74008521995069,986.0670875791232)
(84.56012942774494,987.1547220724968)
(109.72392858599855,984.9415688127884)
(148.72495918722728,902.6210988496766)
(150.83166532629443,903.6944256205535)
(173.06131140969282,891.1784278937849)
(143.2431905217374,919.4462700822648)
(133.44399555949948,929.5856492565741)
(146.00727247997824,928.7915156357352)
(214.93170734043156,925.709796486768)
(208.66755774253687,932.2413800469562)
(223.7147165190757,909.8385474042788)
(232.7154878428066,907.2059301327024)
(239.01499619596834,922.07053811883)
(169.2695172318306,943.9391245755132)
(165.67089739472584,948.5999152133196)
(167.7987876903102,963.2352219636634)
(145.55607647976464,997.8015826129954)
(220.75441440548062,938.4236201191239)
(239.15105105769698,942.6424742424703)
(242.2762441040711,967.7297086762168)
(199.0131727924641,980.6371537779983)
(191.90848640215341,987.6138814831277)
(223.16449495804102,982.0249585045854)
(227.03023855270288,986.3523566496486)
(223.28544638465274,985.0292691191463)
(277.30415582155274,768.4397039510102)
(305.64920982015695,755.9609881339343)
(258.4067398556052,786.441536839698)
(352.0916513177966,751.9750916299708)
(317.2570369865135,780.9851997909046)
(316.978850929332,806.6621040336647)
(345.7847498494667,785.2467228362686)
(371.6289373336029,790.4409064812384)
(354.6021303046104,799.7502432314935)
(255.36514880099935,841.1737034976958)
(272.8850740919375,836.0683558908756)
(285.9581533688963,826.9985511889889)
(295.53156555173246,817.9379858469987)
(312.7036889585363,836.1111143599444)
(300.4464110319319,833.5641288252335)
(289.6175909597993,855.7033360311816)
(312.88818492162693,858.3810725833001)
(329.2527260987285,819.6607685964349)
(327.93429132218233,842.3413303398058)
(313.75873663881316,832.6109571756392)
(336.9515963520541,834.130732876501)
(374.205626332062,824.822486998699)
(371.04731472663644,819.5922293521592)
(342.5567376188977,849.5316737791824)
(331.10451693542666,854.5504235764198)
(421.8649152570754,750.2620464355376)
(417.42248719993336,795.45633649276)
(490.02098242117165,773.0588354204438)
(496.18944043163515,771.0732892886649)
(447.2364330100365,792.548573885899)
(451.3302325564712,806.592587702321)
(465.75075971335133,801.7746038067368)
(484.1110576628883,794.75494466418)
(496.2634961384792,782.457009922877)
(493.72028916689624,787.2642665667205)
(380.0994282273148,812.525166468579)
(410.98279888166155,817.2824395935027)
(414.82353655428074,824.4257537449131)
(398.2767635586074,869.5084865486266)
(405.46763913809633,864.0607908130305)
(434.70684383330314,843.9369371792533)
(409.9025732091637,872.5435072897756)
(450.9283594926916,815.4373639714771)
(445.9903064627676,836.8670580547147)
(448.9795059151457,841.1746574084139)
(470.2113961909429,826.7559224684965)
(472.6713280625595,836.7172339119359)
(475.15799784910774,840.2786550763263)
(482.7531398369509,870.4121216441807)
(270.5292158223683,894.4014952933442)
(287.0636763438317,874.8206371097708)
(252.2297460137325,917.0575772111763)
(267.45704274678064,914.4387593872622)
(320.8537594924891,876.0314355793646)
(314.9260241601618,897.5277117877997)
(321.60909758397906,913.679082543963)
(328.00203520289483,928.280649993234)
(346.3232250504805,908.1007568278578)
(349.0156148206658,929.6972943417269)
(372.6747010395538,935.7764574021415)
(272.71593790793133,941.0530193987869)
(266.45003279428335,958.262698404153)
(302.2670776979177,979.7149992747306)
(348.4027333255334,939.6008891715611)
(345.75801788727966,958.2534950397056)
(365.3402636723677,953.0964158476314)
(322.2214982704795,973.0781500721913)
(363.0541344580549,969.1887556273881)
(362.4336478885587,971.0360448346084)
(358.37374949269605,985.6187079815957)
(387.18493499690453,887.3992051403892)
(385.8517851302957,890.099130526738)
(437.37634531435964,887.695419734329)
(395.3684676645913,916.3623168782874)
(388.64305044879575,925.2109392023564)
(385.1802900031827,936.5769539539465)
(434.88276708733355,915.3489934633106)
(429.89234437830913,906.7792922618089)
(434.57280084584414,921.4446990974448)
(483.8285969380338,881.227328543088)
(484.21617977598316,904.680015553423)
(484.75719229111724,900.6856805783773)
(489.2378049648557,897.6074100019503)
(464.9022140137097,907.0582122228737)
(449.8120982756433,924.6961642983521)
(378.7700676424863,966.337514522327)
(400.44869293944953,967.9458607767423)
(443.5366098047023,945.2839352363512)
(458.8410699052147,938.5835317495663)
(457.7585349953297,959.5337871587024)
(493.89331227546194,940.5094477501674)
(486.61899741969216,959.719898022777)
(468.0518862647618,976.299524310278)
(479.67022778287884,971.2172017603141)
(471.7481840776634,991.7101642795037)
(538.6052635166722,525.3697545584355)
(507.9427800013291,544.4231347173687)
(524.5713319804937,535.2193026350417)
(550.9514650508132,547.8234165400239)
(575.018935419684,511.07017540821573)
(581.833746109568,511.62043644444253)
(594.6724034360745,499.84379444083163)
(624.3824684580011,511.1839462997253)
(614.4379082592847,502.67729989513253)
(607.3620787104963,520.4987430198046)
(623.4326654749505,521.467902620959)
(586.5911535814748,561.3008172759191)
(586.2774386180263,552.3506672638448)
(606.7920022684693,545.9849971614678)
(601.4380378521253,543.2262187338548)
(618.7378463797456,543.786560456867)
(600.2708161723807,558.8961434735334)
(503.378648616394,589.2370457536528)
(505.0551159859802,589.7785418343818)
(551.0835147569776,575.9659146289814)
(560.5027304800375,571.4451015220752)
(560.3545273480129,586.7374364372822)
(511.7945975197565,615.4193658392186)
(528.507959792684,615.0029736693318)
(540.2348970333729,599.8496267105254)
(565.5926486882669,576.9747264356549)
(590.8056804449127,573.2354329436128)
(588.0382352715058,574.4958403999897)
(578.5950825778193,592.1489055644494)
(582.3771027203617,584.1891253720161)
(610.524191183759,572.9718987972258)
(601.5475317259827,580.7218679196188)
(574.4190525776816,614.6208414982353)
(605.2415436638249,601.5719713095581)
(607.3346507566305,610.2541885988475)
(611.327293126714,618.9692408271287)
(625.1144216870421,499.8033058231871)
(660.0544286502476,505.3422316230542)
(670.1303318725688,529.2399999165649)
(674.8685498526112,525.1956268988691)
(647.4429557056843,531.7977037618961)
(660.6790794050468,531.349373188149)
(685.5726863298433,557.308486493841)
(690.3998888366999,499.9681458902122)
(705.2234502063402,502.71890926896634)
(717.0409291852551,523.6186908225205)
(727.0553613202445,511.11205477333874)
(738.9159718988104,514.8384042478554)
(690.1839215873041,534.6770412994558)
(695.5420765354088,560.063500949773)
(708.9604821335226,556.7301083820258)
(714.4529008552639,556.9382409467473)
(646.7505292345573,567.5779070228355)
(635.5905883853966,578.3779471173877)
(634.1359536446408,592.5886173572819)
(653.1286140273075,584.1182321098886)
(685.1941019007294,568.951536352625)
(659.4823567791511,584.6900740773925)
(632.1736367878167,594.2363489199731)
(642.0127218938694,597.1732367162225)
(655.4905247924471,608.9426793540304)
(642.5833760974361,602.6724554088703)
(657.4015614671923,599.6996894654521)
(708.4186439302664,581.8180487299107)
(745.382025875014,574.3556496086462)
(704.3259206387725,618.3515269161037)
(717.7754954719192,620.4554303390094)
(726.6117979807308,606.8230597321253)
(733.8121298232668,599.8720951524421)
(733.9551956623162,618.4744629315147)
(513.4237344947597,638.4879782881545)
(508.6904293343536,625.3916004722105)
(520.0152347168212,632.8899561412926)
(541.659303644453,630.7749298517626)
(534.0174794427259,645.6149662930502)
(535.1590067052439,686.4324875405974)
(571.5269417544455,655.2785157016937)
(604.6273701360768,650.8963964213307)
(599.5230652142122,655.6478723211072)
(595.8998907912871,643.7483264666948)
(606.6088925679105,647.8664617123529)
(607.1090723770428,684.8917507631348)
(507.07211473793643,701.7181263639368)
(518.7941678209905,712.0225834234582)
(538.5088837457305,704.5091416985848)
(546.2682357874925,728.8802804186178)
(545.6124051748484,718.9346609484261)
(538.7026282352933,738.971123987156)
(547.219898979877,740.8423378963549)
(579.7318965855644,699.048633067735)
(578.5380524346666,689.2587612937214)
(617.3194303549958,698.7612535118284)
(614.4665789713387,708.0833976669388)
(564.4287831278182,724.2532272887698)
(584.303097266089,719.6112381731123)
(575.6589109033133,744.4151516715631)
(603.8352693559482,748.2819392005578)
(630.469931355396,637.373558272058)
(657.2770343582029,630.910579616863)
(632.377214331426,676.781961975325)
(629.4605126228765,677.3450844270964)
(650.2916006726807,678.33176018474)
(641.8157306468302,680.9256626927619)
(652.4794047166273,674.4973294218105)
(661.91325339099,665.0739988855524)
(717.4937427005242,634.2679501640744)
(720.7254297926944,631.4385792289135)
(713.1439741950577,662.1315530298843)
(700.3889728138926,685.98552919671)
(749.2175103572067,665.9667427204051)
(744.1635265591758,678.4969071655875)
(629.3078618793018,694.2003516059356)
(647.9474803992844,704.7434459734221)
(664.1258831157319,701.6232818482283)
(683.4705525886219,717.8533582541198)
(673.774483982403,704.2604231496996)
(635.3863035054766,739.5676268198414)
(657.4253060321664,718.5502518342606)
(674.8019277814071,727.956558241738)
(695.3836774399989,694.9120578743226)
(702.3082388298666,712.0623958228213)
(704.0923773762487,711.7697250511432)
(715.6953046852236,709.0878093385052)
(723.2186857327407,740.9103682976804)
(752.4279753449667,500.76349727604673)
(766.4981676004861,501.97554518210984)
(766.422327183177,511.32909203554414)
(777.3166068876249,519.2511685347998)
(773.5409442566248,523.9503828404145)
(777.7514406737075,527.6054388648895)
(803.6630748413952,502.6768009994445)
(797.0379804904751,502.5282381762365)
(793.1390308367986,523.0847452774033)
(795.8352873215296,530.9635460623186)
(757.3204847068854,542.6112965518427)
(751.1055549422998,537.6063398294625)
(768.6801720552681,560.8161516657864)
(771.9086103528805,557.3181108210946)
(771.4478370833087,560.2641776872181)
(808.9229101027602,544.6356251876201)
(791.8118607338228,555.4246243891905)
(805.5887854223446,558.6874887583956)
(797.8127878174502,561.9301406499187)
(840.788118723522,527.4654212383491)
(838.5551073612849,517.0076511196531)
(832.1304934347411,520.7159036429096)
(859.9482228084712,510.203783732813)
(873.9945850585846,504.7275687230748)
(869.8239546766383,530.5036536091652)
(823.6005151422394,532.6520789806514)
(839.9057080660164,538.3290169581235)
(823.6888384078804,556.5606044118069)
(843.1528718549233,552.4799813437052)
(840.539131688201,549.4983817089169)
(851.32863321096,544.9740641153223)
(844.4956697378557,532.5309711479777)
(861.5550693047488,533.4707906878357)
(872.365983195891,561.152035595077)
(763.5592593093912,568.843701831611)
(754.0705661505176,562.3726429326344)
(772.1449258753926,562.2579540035792)
(767.326199512264,573.5960105519207)
(770.292872982368,577.4768923454469)
(772.0100756684558,568.5631860550764)
(758.8932888662512,589.0754815160792)
(791.8820502434907,589.0681709807926)
(789.5413875007546,581.4417656144783)
(780.358082985384,613.5195786525742)
(798.9101015227038,604.9717939077758)
(794.964340515292,610.4100547590585)
(798.3394459654711,619.9978465378858)
(816.8600383614237,573.9972163823554)
(816.3273393112673,591.1938720542747)
(856.8554292827066,568.9834383820053)
(859.887311833289,588.8833908278134)
(812.6291047944422,599.1318875081627)
(818.2097684598821,608.1348522104369)
(832.1475512011943,605.3334444161995)
(830.0859317521496,601.039482514046)
(837.072365569337,603.7848105695101)
(863.9932817176119,599.7247693295308)
(859.6256760099047,596.7090720025827)
(860.2389280404212,599.0173553196576)
(891.9258414722846,508.1683365260706)
(896.88352400674,503.54652811338354)
(899.5944465247247,505.2419056947829)
(888.6112496746703,518.4268898657213)
(900.0636829361491,518.2633673315381)
(918.089164664594,504.6351133772232)
(919.6899915251463,528.2281984123416)
(927.8469338776257,523.4171542192237)
(890.7381416560498,554.2009962855099)
(919.8199211380886,554.2347333249609)
(936.6136307689424,548.6966933365999)
(940.335228399258,529.2189239167664)
(973.0199775845776,502.56790952191875)
(989.878541981838,509.958059610215)
(971.1409144156589,529.5186626193623)
(950.7267237883484,544.0047621140856)
(949.5138011615286,551.6677097434749)
(971.5293102370823,554.8925536438304)
(874.9681710405896,580.3941945532944)
(886.55201972189,593.0815701481514)
(907.4889169872009,566.8525163109681)
(932.7092740670823,575.7483464380126)
(913.6811275198617,578.4387624936621)
(884.8609249219836,620.773799310381)
(909.5584321045668,609.011215398152)
(906.1425801340245,610.7484955219924)
(931.8398392108575,618.7357837364905)
(943.1767151814903,596.3447082919556)
(947.4816529851632,615.6829898485928)
(968.7299075670421,598.3144427680935)
(998.236083449427,594.4785350718229)
(764.7271193940896,638.8561353218237)
(779.2137198381345,625.2074540452395)
(757.1798357278673,646.7781879725283)
(751.0918708653286,648.176813392584)
(770.8514326518759,643.6447008957425)
(810.8994044566509,642.037228810114)
(755.2051903481358,661.2082094429115)
(779.5952833448388,666.1058558670934)
(767.6205612201513,669.7787455238814)
(784.3561271602297,659.8273217812841)
(791.9652489339722,670.1400715158566)
(819.3032478797563,635.8626446712624)
(831.9297975756145,626.0607945875731)
(820.1806871757271,649.8089763304503)
(847.458956823905,628.3718916880973)
(873.8094086893825,626.7651312605576)
(871.8898807327977,636.436499647551)
(831.9555182430738,666.792887259522)
(836.6972674994256,658.3744432106269)
(828.3079937486505,666.5250252537909)
(823.7067390344547,684.1972168242721)
(763.3103238668504,714.217382724797)
(807.4410235439033,691.1034112145553)
(769.9684791517255,718.4139146213356)
(779.8326481445349,719.1364169043214)
(767.9429264212625,744.7979940458408)
(834.9760305440783,714.0086213924909)
(870.5127916881297,694.1814586785189)
(822.9990216801511,727.272562237617)
(845.0002384055808,733.3598515454829)
(855.6090385348879,737.0830184901604)
(883.4829526631153,648.6759108017341)
(896.0504030567121,651.5954782079374)
(907.1886295825756,629.3609081792206)
(932.5413084837564,635.3881338747243)
(929.5886379184142,663.957638068143)
(924.4626710742323,664.8715114179256)
(932.8892616865173,659.0519614942098)
(931.254277027676,681.1872641531505)
(982.906867085797,637.9018571032934)
(995.4658214754343,652.6341089706617)
(946.3741078384759,660.6441864871811)
(966.195293378596,679.2225335287451)
(997.9207054175828,668.8627609188229)
(971.0898389536416,673.4164967710917)
(898.7810731508048,710.8964995224886)
(933.9368081001938,703.1992202263133)
(912.9687395709975,730.500458607225)
(926.0248369113554,732.409760544138)
(962.2908182726163,715.6232356902921)
(961.1122438345577,710.3013530581065)
(985.0208535807832,700.008747974002)
(972.2348759212215,707.3791753521084)
(992.2123018147439,715.5169682813723)
(945.1152549868859,719.8154670364762)
(952.0433890436427,745.2150308554623)
(979.4241749500425,720.9969437191986)
(992.3608266994204,722.7222462229493)
(971.0720465130125,738.3573989987291)
(528.6318271973089,760.5770149464502)
(514.0094731927347,783.253936925857)
(501.096838630246,784.0768105568708)
(514.9674177306074,808.3612656479748)
(503.7644297988947,804.4102545254683)
(570.4680405900358,763.5836614873692)
(590.3672697847278,776.3466163463513)
(595.5436141988909,762.6269821582744)
(615.9761742748051,755.2248400371128)
(582.8779702154052,782.8406877550334)
(589.6346152497645,796.3631176816286)
(595.8833353441511,791.9425709968684)
(511.232897706992,820.5668224825143)
(502.2959857158228,837.7001573137243)
(517.1930945162386,829.5564295076196)
(555.2678681311105,846.689628945522)
(564.5547233996604,839.2932022970936)
(616.007638018257,835.8306031039871)
(617.7322098002054,827.6530469952231)
(615.5033483221497,828.9262658532963)
(571.194008983575,850.7382618689539)
(593.5536289674,858.0670352113722)
(611.6949590587808,844.5571041658661)
(597.4395759901731,863.4245378174932)
(605.612954456682,874.1512451790768)
(615.2517928192052,865.9905590130861)
(652.7137964250829,750.6441249078039)
(630.6803314086314,771.661272380954)
(637.5641809179134,790.887218999111)
(636.3484830763824,794.4400021635197)
(629.4276513154164,784.1383119594163)
(683.5575934406166,791.9177384528343)
(749.4831467956666,777.6937028303076)
(710.4206487985242,789.8196486539188)
(714.4268709011994,783.2119532199545)
(707.6404683892789,801.7078179237257)
(724.3719275564551,782.2250103184764)
(736.4647115893487,788.0230205820876)
(651.4332198671046,825.1679015362386)
(668.1251432492895,835.3590574126233)
(661.6001849819598,836.363369495022)
(657.3358957887955,844.6494743855719)
(676.2120926386725,843.9678221701748)
(730.9366452511115,820.7437890312417)
(747.9721941933495,813.4366574848755)
(739.2109447983514,814.3654860973764)
(688.0302987784133,870.1103572730273)
(709.0061231244674,867.2293742395514)
(703.407996617033,873.4431577746468)
(742.9402526513263,873.9645704673031)
(500.7190343032509,901.1556124638258)
(525.1485820544708,891.3174047102798)
(542.4395595107097,899.9785177575302)
(561.9968387249165,902.3245812776132)
(577.8024649834608,896.4727176550476)
(610.2550067748949,883.6011242135927)
(589.2061641964109,910.1417144690663)
(623.8614307362616,930.0967514893632)
(611.2441842489582,926.9119933802052)
(516.2854683400491,960.8583902656071)
(519.3646369788424,960.9451355390748)
(502.6462631588836,994.5307274146994)
(534.1742874502381,969.6512803564228)
(539.8946298570933,985.4111892090311)
(582.8756060971746,958.9012792009171)
(595.1816036508815,943.6477022188168)
(604.920802168048,960.9206152031487)
(621.789666682485,957.7320837406927)
(583.0481458191066,990.2369287545957)
(593.4778755950166,988.3058874717985)
(637.5151429108432,882.0832567162955)
(627.3255436763778,898.0094257985118)
(685.076592058769,889.5660592881407)
(672.3735129064495,878.5942261805599)
(661.524122844156,892.4835565538922)
(656.910104657188,892.4423040593063)
(642.0917756359601,925.4313862526535)
(707.632342385035,885.5187959220794)
(713.9462697715279,885.0040780711862)
(714.8680053406697,899.1493897364907)
(713.1144185008176,892.8193725846961)
(727.0061544343808,884.7421884794134)
(749.4104102485437,892.1552179492571)
(692.4194773964599,908.9909459883665)
(692.8185734429885,917.5393504405523)
(714.7490690248896,920.5295625775495)
(675.2899705701307,957.5570350259533)
(651.0771637122242,968.657106758675)
(649.0667655837335,985.8358674434013)
(667.2994234683613,985.4280788706295)
(665.8348481121649,993.3381616466559)
(725.8371004709439,939.8785729914117)
(749.6001680023816,940.9910205722487)
(739.8990203557913,988.7615556711391)
(758.2016064014074,755.5339898292046)
(757.7422276463735,752.2965073420722)
(752.7003429273755,777.286621788337)
(764.7818671322399,783.5778898823277)
(761.5714781375946,795.040727004071)
(788.5501101528067,808.8330244800578)
(853.0543584740142,776.1924364656209)
(852.9927253017981,769.4598777567237)
(817.6756443602131,808.9840177098704)
(861.7859743865588,792.4891716534202)
(771.1650047960228,811.9565690511226)
(779.6972469310952,824.5724881179339)
(790.6938826117386,828.5668149749611)
(808.9194576568854,864.3775028476896)
(802.9089819759737,867.5282490882778)
(817.4714826880386,829.8724192810179)
(826.1476376286615,834.9202349178038)
(834.6509530889882,838.8796835598989)
(866.8067781414397,840.2453407327368)
(872.6747758918474,830.6060487810588)
(822.9562520574596,844.2819411426514)
(839.5888258660343,858.1598639163483)
(840.2153999501771,848.4513913527753)
(837.6285471949415,859.4789254881396)
(830.2205825296406,869.3373478286644)
(877.7214009734033,756.3706553425366)
(923.0617192983666,770.1879125422091)
(890.5062959195049,795.0614057757285)
(889.0478507418818,811.3072981171542)
(935.3632498518978,798.7762010391477)
(935.6263438742944,805.6732167667267)
(991.9982638437343,765.109459079732)
(939.0871499248955,782.6596436763341)
(980.5542160161739,781.6704923330475)
(995.5204568268125,807.2690049639468)
(915.3297588206016,828.6322254687299)
(909.4204236601898,838.7023007597123)
(881.9360613740222,869.7073418789251)
(960.405879009147,816.8922318975731)
(938.9860261113758,871.6357680504319)
(949.8212342587606,870.3605739771206)
(958.3356920052042,864.307439844511)
(983.3196763196654,855.1320721838379)
(969.4650222096445,856.7907333311626)
(769.0492522173682,884.0410325285269)
(799.9345270090082,876.9030073480005)
(757.0600213617458,918.8469568428436)
(784.4662249655099,921.0197476764429)
(789.6121467124011,920.2357100657464)
(794.8307762915338,929.844488762227)
(823.3846034676129,902.848443565661)
(819.4495948126878,897.8180082483669)
(824.1175097134693,896.0935062153878)
(845.636885464812,883.5872727889597)
(860.3220633982189,877.5425292056419)
(865.1508146051239,913.5581874869824)
(865.6424243235683,924.6927742783382)
(793.9302410540298,949.8455038359401)
(784.665502987762,981.5408210878657)
(834.7514388370752,937.1740634114547)
(812.4476183854601,955.26865002413)
(842.7127772943913,966.5871642840445)
(869.640972623363,943.8824797408226)
(821.6763512734497,998.7389976064529)
(867.9211127725628,975.596075170972)
(864.8382156811698,998.0042502560113)
(898.4594859853074,884.5671512823164)
(898.2889755366482,898.1763647715935)
(908.686684398331,882.0239457232535)
(934.5861360122532,875.9750531684415)
(932.9813396361981,901.6061914246285)
(889.8544227527872,930.0318669476653)
(896.4740631039882,931.4569060881814)
(950.3754419105578,893.0309876766513)
(977.7407237206505,886.8041565970233)
(992.0429091318344,880.8837939143192)
(994.972061993629,879.3723152969094)
(996.3234100729034,899.8625873696191)
(964.0113110939584,931.165763198486)
(972.2124369642065,913.6350683783786)
(976.8366603992636,931.1129964932502)
(891.1943051171737,941.4635091086149)
(891.1968783517743,962.0254310657058)
(922.7047332392018,943.329986166016)
(926.2772339619374,957.9485117571456)
(936.2111861601052,969.2128774093592)
(930.645099762714,973.0204396133112)
(910.5796833897712,998.1801038891721)
(953.7837708660708,947.4825569373965)
(941.255483338819,963.8204700922508)
(995.7998431338541,948.5807349482343)
(989.1465069649757,945.3199716892407)
(960.9274586498698,992.8893021854129)
(983.5066856316339,980.026560126773)
(982.593216442283,995.284191773344)



