193.15241182044,18.674652761628,1
186.55742248593,39.739605100704,1
193.91187688425,63.465495924682,1
163.39573782887,82.646732711069,1
162.94780293384,83.667461359719,1
184.03803664261,76.853311763542,1
191.55297079941,70.307225054273,1
172.68326255664,102.33894460943,1
167.93214560437,101.03672938656,1
173.99548079027,99.665799122148,1
195.01491725306,103.64038529091,1
194.12185957382,110.40548730428,1
177.78969504255,113.15803872801,1
177.67076527824,120.05283650665,1
178.65660109821,126.6319638177,1
184.19517326131,112.1784632435,1
208.99558141362,20.941183947931,1
214.88733119,22.269587206314,1
217.95598149018,20.894862970754,1
221.55698007604,30.199398098606,1
235.11834564531,15.798269899934,1
233.44854374297,2.8846636982098,1
244.79149877689,7.0060399714885,1
230.7261247615,22.736655586277,1
233.49376165005,27.260210527228,1
242.81646405105,32.004421677442,1
248.74625712668,22.582785128887,1
249.41248968961,33.274270070379,1
205.23891748732,42.341125536869,1
199.05925019461,34.853886502727,1
215.8313633687,39.31416170174,1
218.86467361816,41.702615815542,1
214.42482945063,40.623365907754,1
197.71765017263,61.172130057203,1
212.49480385124,54.155469463279,1
213.41365656695,55.690848435597,1
218.13702076447,54.007691641342,1
222.45154842383,58.097492645074,1
222.2650385314,59.376230113383,1
225.64022469178,51.867022220915,1
224.5368973145,49.813016198023,1
233.95503497587,41.22266445133,1
230.94496160557,41.611949324893,1
239.71317679887,42.015149295337,1
236.10019021719,61.353841423222,1
231.36715630971,62.449208873999,1
243.46825788984,59.555714940911,1
254.29794535241,59.645268776289,1
245.24939359364,57.138043844205,1
243.97857715421,52.413679885405,1
244.86109555879,54.657215327796,1
247.34877752669,60.597021579089,1
255.96081313442,50.528072837986,1
261.15149718158,9.279975431636,1
266.47471823007,21.431585683688,1
274.00375996903,30.473843146336,1
272.64546737291,21.702278285149,1
299.8606381113,28.487860195566,1
303.2616386005,32.370324978777,1
267.18128702146,39.641158548948,1
265.86708075221,48.003768929748,1
265.76851943916,45.559501684531,1
273.73514553194,39.895552316166,1
275.49506924697,36.756267078573,1
289.47906421799,38.192773106598,1
266.52272832045,56.291155552161,1
263.89614890045,63.783610433239,1
276.02849596042,61.612680148153,1
278.41516796984,60.036500809266,1
287.36351701727,60.021577714487,1
286.2686808972,49.791420502957,1
297.97459721797,63.631192556876,1
301.05402887569,58.153038337432,1
291.98203936684,57.319765231721,1
319.06195489879,56.245502800795,1
204.22766131034,67.638422027528,1
204.16509004317,76.245053522869,1
217.97379907359,74.763618152013,1
214.19051210358,71.845812500848,1
224.99543721508,69.30911976905,1
225.85863856173,66.388730904268,1
223.62343820074,77.340859374656,1
227.5968865117,79.563257460745,1
205.41561398488,94.79291658932,1
207.8219728185,86.749433462391,1
210.16756305246,93.585226539329,1
206.1772147986,95.091697962532,1
221.74568719265,85.854879449985,1
216.97969047817,85.706444828634,1
227.93426978073,96.212791427138,1
237.24855141726,68.998628211673,1
237.40367736407,72.295313025031,1
243.56748331271,75.6254148421,1
239.68897120687,67.220532176653,1
231.88346337661,80.660197808249,1
245.27492124693,67.807852693278,1
248.10829995345,73.649819038645,1
250.14538112662,78.762314896454,1
247.36602879379,65.896061540533,1
246.05280445798,77.763173781225,1
252.86306517798,78.559889820199,1
247.76131570095,78.798370202909,1
244.438778382,73.326631910785,1
247.06872605256,79.298864018777,1
247.89020577115,80.421029913901,1
248.89081154665,79.736616037198,1
259.33215902202,65.933928318757,1
258.97158544276,80.60015648352,1
255.50251541776,79.649784165737,1
237.19411588097,83.426386919537,1
235.50508308481,91.577503232554,1
236.4386341178,82.208300061155,1
238.11999585578,87.201797020716,1
233.52343865136,89.535326050378,1
229.71225517882,90.575316736277,1
241.26166345191,83.711639604863,1
243.35708483837,93.860603717557,1
240.88126666186,87.081681214311,1
243.58727815542,86.607483768187,1
239.14053253603,96.260184397111,1
252.29664695416,86.412461325718,1
249.21106693252,88.393510693867,1
248.42494419982,88.465279574723,1
250.57023946036,82.619868125124,1
247.07234428081,86.269732196475,1
248.43330937737,83.215350814264,1
254.10505352919,84.105308237069,1
251.46027689495,82.178924743169,1
248.04217072019,84.487711166724,1
250.51500955201,85.811851750506,1
251.57849030829,83.332265449377,1
252.4114173499,86.351507014293,1
249.59728375804,80.961042689607,1
246.56974817001,90.042902228908,1
253.38245961134,95.408099702749,1
256.49275501468,82.680997806918,1
198.53421830038,102.81248365613,1
217.98385622026,97.288373320032,1
212.74533636158,108.18592012449,1
224.57829820671,99.721006474328,1
223.84470095432,106.89129033074,1
227.38794744079,104.81801608755,1
202.544478616,118.60303495154,1
211.51428614348,124.4875782777,1
216.822946323,120.33630095438,1
222.60105478372,112.63159637881,1
224.49004610837,124.61860489036,1
228.02895876301,117.26054578845,1
232.62159935041,99.431506625112,1
238.62538534525,102.1238520309,1
236.96365227642,98.625287308649,1
239.92560565049,99.419680311074,1
243.93553740156,101.9870771775,1
253.04329917535,104.26482200868,1
250.64931847884,100.47469917893,1
244.49419401237,111.42000220456,1
258.44934292904,108.52213326261,1
239.12117446313,119.61617888399,1
253.09471732243,125.89334042458,1
249.356622026,112.74556785018,1
251.72046978759,114.82532262608,1
253.08003453169,116.12113795063,1
248.30317083434,117.41209586775,1
257.72106129989,115.11053552577,1
258.31115207044,114.36530672683,1
256.73901717865,113.04594806817,1
262.41064589676,78.69230591212,1
268.06908379498,69.917545960712,1
274.16720296916,75.675009534077,1
266.8481433321,80.273556639568,1
265.40725148023,80.468551710466,1
283.72750084462,78.006669680125,1
262.74674956489,92.491887334963,1
263.69675180116,88.000293944497,1
259.96200451113,92.74359626311,1
272.11427103873,89.713510996994,1
288.4895011771,92.0993340882,1
294.96486746099,77.613390222012,1
291.05975778637,65.47042239619,1
293.84225841837,93.81689201054,1
292.12104878953,92.450762125408,1
293.43286541078,95.301704871609,1
262.86229145474,98.264756964177,1
264.35253345983,106.44739149299,1
278.42324044249,98.253927146203,1
282.78373558809,96.634181390346,1
280.84521377312,98.264562999022,1
266.0543496297,113.99220728175,1
260.26422466909,120.57283978144,1
266.18228734573,122.95264066009,1
273.44284250701,113.52673906625,1
274.39487539669,121.01129048737,1
276.62548544194,119.74848609313,1
297.64228394937,109.02273525718,1
302.25821407151,107.26423033013,1
296.09492200198,114.23376501316,1
291.49541749176,125.54874352857,1
179.59108980307,129.88428343408,1
189.28165113241,133.36726964701,1
192.91737352168,130.30470293402,1
218.48513830895,128.95654052587,1
223.53532498169,147.74916493741,1
231.54508788769,134.53496941297,1
256.0792076779,129.17236784993,1
258.32332923604,142.50489258417,1
239.79279996678,143.55440207038,1
250.18277659229,147.59649969106,1
244.42034841861,150.07848681467,1
253.87814305996,158.27429312434,1
236.49741417519,167.84324634487,1
249.00702592638,164.416945731,1
252.50123267318,165.17682579121,1
248.33157774728,173.41552964245,1
254.83503671961,169.35353439783,1
278.89371039574,135.81474259161,1
288.13396774099,157.25375306991,1
305.58814969547,134.09492650958,1
291.59051239658,142.66256765074,1
297.55620090969,149.62646153692,1
293.93672084107,146.19767578607,1
313.93541390027,152.98369170678,1
312.22421136695,156.43278796199,1
289.29749827846,162.11651349213,1
268.82767417088,176.03885437923,1
293.19255431238,164.32811836541,1
324.7893247608,77.584129201055,1
340.49094915413,74.434747123828,1
331.73099033289,83.404074683042,1
331.3668171062,95.417211051293,1
335.4913330439,94.985752851696,1
330.14699129767,99.726513780992,1
331.35658246016,106.84787029859,1
336.21580217277,103.32427958926,1
342.6780569347,100.65637954541,1
332.48003989201,123.44544516105,1
397.27833108524,250.80917335013,2
410.97346243587,242.40179275461,2
420.02802992753,247.47282661846,2
417.26355423604,244.69139886912,2
421.86403577955,251.47234924951,2
135.79177669519,296.43507755475,3
152.06895954398,292.43672790585,3
144.04792906206,308.67698892005,3
146.50936270389,310.2857021593,3
154.07998761771,312.37016798154,3
156.74670216616,309.18674162318,3
162.58209129217,309.11920597363,3
74.840224810336,325.42045420893,3
87.085917708038,344.0495525813,3
85.349425944197,342.71021447178,3
99.904575846114,332.91590719899,3
117.43129768988,315.44094275517,3
104.56783536429,342.96193066564,3
123.88630866813,339.10312168817,3
125.06231081675,335.50693933177,3
121.41548372405,337.34631726022,3
123.54942951703,337.05254337287,3
79.043651598526,349.7445570057,3
81.743440107789,349.27768322559,3
84.144382189095,353.36936649371,3
92.235708534827,367.31359380871,3
113.76573489223,355.12252829043,3
110.12966901349,358.37362623931,3
121.28135288101,359.71373059308,3
133.90624245392,355.85836923256,3
130.28715871521,356.3742376279,3
111.3323480237,365.87487296615,3
109.92421293767,375.71312077051,3
129.02620176413,366.54766073895,3
133.22520647488,374.54417430355,3
134.06885647218,372.47301702968,3
142.90373705789,316.4348452517,3
139.68305410616,323.58209953298,3
156.9870637143,323.71110987557,3
165.65860560893,314.89455004683,3
147.09855692047,333.83902366638,3
159.11238593194,344.20748284748,3
152.14886230889,334.86366946244,3
160.82298442573,333.99921733187,3
154.28466313998,344.67681746496,3
165.2267486957,336.04168421079,3
161.85600408067,340.40072736209,3
186.97109444391,335.78665109621,3
185.58400476379,340.24190511193,3
182.63074289245,335.04582099013,3
144.83055335648,357.98988370038,3
152.07135983001,353.12965219334,3
156.72332545823,353.02773602727,3
156.74063734558,361.26550564089,3
136.81221271903,371.98733392497,3
140.72164643403,367.45027541716,3
143.66085620674,376.1873207177,3
158.8010841975,363.08908752403,3
155.92200240955,363.45055229657,3
156.32117921921,372.07908251466,3
156.77090720403,368.35551992774,3
173.63014876406,355.93509067825,3
171.23189402289,355.84225336222,3
172.56209709847,353.47840344975,3
173.67558274962,347.47939624101,3
177.90869574012,351.87599055463,3
178.16588078447,361.27862915782,3
177.44288093664,372.54104922132,3
182.15379612015,374.91672579521,3
192.89235994727,367.99341532448,3
213.11706051236,338.79000658765,3
215.73269240546,341.13179840619,3
225.08697161083,344.73503666405,3
198.40920575494,354.61075454699,3
207.47699814685,347.70244497932,3
210.95496934883,346.61603671155,3
222.64251413226,357.59871576941,3
215.03156952655,354.57612774688,3
215.89614371438,370.73947306012,3
214.48917611804,363.51927773725,3
238.12687484041,357.0311679328,3
96.923531124798,403.13784842758,3
108.63675205951,388.49776411685,3
112.79863322889,387.93904290578,3
104.50822092384,389.45694662466,3
115.48380542942,389.48947692872,3
117.10749030491,379.39984702105,3
129.05488666988,389.36976096238,3
122.17257746736,386.77283853701,3
126.05238563197,386.86932543519,3
122.20824922445,386.58558003585,3
134.67781335287,383.0447562556,3
130.58197025097,387.14663545748,3
115.66259673595,398.60325830039,3
118.45326339847,407.61029450112,3
128.71652541948,397.68623587707,3
130.23786017403,404.83246244203,3
133.10668235231,393.57587636894,3
132.03612816009,403.21519494346,3
79.66514188967,417.78452849611,3
82.824746479199,421.46049900188,3
89.989257257892,411.80445326995,3
102.68103808103,411.5367533907,3
72.324600753526,426.295237668,3
97.390056231241,438.58210960942,3
107.25939599902,416.02175969911,3
123.73766216344,414.2105706852,3
129.5890316314,414.07150344554,3
123.02810612555,410.38726198878,3
124.07634586565,412.93102317114,3
130.5683300265,410.58826564652,3
131.10622979333,419.71709191367,3
133.4104139993,409.52283345234,3
106.73049272677,435.24487154151,3
112.08166753225,428.76125206508,3
125.04518577598,437.03339954002,3
142.00918778964,382.12386081048,3
143.9824127932,389.2731638743,3
145.43901815705,384.42693669741,3
135.32141443636,390.22932988183,3
139.36332330963,389.81891879291,3
138.33410941918,388.27362152947,3
148.87384541047,383.46490021491,3
147.77047370736,388.17515198755,3
148.99384682765,380.56282628121,3
147.00275476789,391.04098128343,3
145.55269578451,385.69534124792,3
148.72516568318,387.40157995019,3
140.02401867603,391.94344564804,3
141.06055239684,392.33559439161,3
145.07045324709,391.94638683691,3
144.33168914231,392.18174545708,3
154.07476508854,384.29230017229,3
157.20380001571,388.06581874195,3
157.91049801508,385.64235786518,3
152.18170404955,390.74759324628,3
156.05625892061,389.61087009991,3
158.45633189541,386.5475024956,3
152.64324404935,386.70172658595,3
163.71415097626,390.59320775121,3
163.93074223256,380.37905893167,3
165.22514147788,381.22686672035,3
139.91826152239,394.38114692289,3
140.15601156426,396.63272918371,3
134.76401737368,406.78278075335,3
142.91787221698,396.89114563069,3
136.33572759216,397.15201185744,3
148.05306616475,392.96620759692,3
145.75298677839,393.41027189345,3
148.34709805173,396.4162387021,3
147.18081857552,393.41559363409,3
145.78480336433,393.06980496509,3
150.10576305031,401.53423510703,3
149.38426939835,393.28717562057,3
158.92745510904,404.50964370394,3
151.52142753942,402.23552932275,3
159.51360539604,402.65291184869,3
153.40019529285,393.46727757364,3
150.66466888444,392.75007531827,3
155.15024088796,406.21070083799,3
152.54430967502,406.49503763835,3
154.87341779604,407.23054931696,3
174.53220389017,391.49945751694,3
167.27562522715,381.7673555984,3
171.51252409048,384.93138296247,3
178.05062680042,389.7384942522,3
186.23661080899,381.91956682267,3
194.31290020901,382.43351969376,3
175.92198682852,395.25666550512,3
170.4692026472,395.34393718622,3
173.37772745657,406.89175088792,3
178.85991452162,394.55104472607,3
185.77344280238,394.24975531793,3
190.1121628881,403.23558800539,3
146.62271459662,409.0422143019,3
154.64698817564,415.65637079238,3
162.05717556647,419.05739443566,3
161.15933925154,409.88179021323,3
161.31644985281,414.80951304445,3
134.88537579956,428.03251002684,3
135.90965247988,431.26991034498,3
141.39435420856,438.34380532398,3
142.92599594031,426.41518760259,3
140.85314113361,438.90738432012,3
161.73091211716,432.63826115692,3
163.75741212338,428.59990961831,3
170.49848564179,412.95187916698,3
194.58052622368,417.08032212038,3
178.25872237713,428.24802384537,3
84.087033357046,444.66266382377,3
83.387454942981,446.48298333375,3
99.99300411902,449.67098702754,3
96.489871425782,468.20888409401,3
100.47897076722,457.51637148835,3
104.80683145384,439.96297352014,3
116.2080817638,447.42635246153,3
107.45538140296,462.75175357552,3
113.069361073,461.28729342776,3
130.90171924555,462.5984059738,3
109.53740404851,473.89351741126,3
107.50762336771,473.60835778229,3
115.83740022957,471.9634880903,3
129.65291420401,482.38814116055,3
136.1694425443,450.8235930008,3
152.81002045461,447.24905159615,3
143.64772995126,460.69721503542,3
135.12912943965,458.46670964103,3
140.22458470856,469.64377315372,3
142.06945610236,456.69198388359,3
136.64888185386,466.36001383996,3
159.38994735591,464.93595340938,3
185.67386312954,453.55945828304,3
182.90593122035,439.441846851,3
181.78854136113,448.2094799826,3
182.06795688256,462.61939178855,3
183.77019317018,464.68750290092,3
142.76276170032,472.36217315698,3
136.17787655079,481.10616041958,3
156.99001415213,484.98117782687,3
158.52799311212,479.05682692726,3
155.54460913946,472.86165160214,3
165.21827678393,483.37068081012,3
198.81960878839,387.30060587046,3
211.62943031203,382.36010772472,3
224.94366869421,379.1496763123,3
201.74428446067,398.45222418963,3
199.65577556084,402.18714100876,3
198.94649363307,408.15770789849,3
215.30571392705,400.42285366329,3
232.41187310191,377.35255484439,3
202.9512269641,421.31257914533,3
209.93116615803,413.22522458445,3
198.22189212647,432.66312890112,3
210.20497465236,429.31425931366,3
200.56163416922,439.1350840205,3
201.91056659488,438.62161405413,3
216.35550334787,426.93695428592,3
208.50741568325,448.71663779333,3
218.74117505864,441.31808224009,3
203.97887936094,465.79271335657,3
303.00207542861,499.50661560917,4
364.51650410076,279.60067793056,2
373.05541843598,268.82104394996,2
336.70107666994,302.39232778614,2
337.70327164126,311.79783626264,2
350.00653757528,303.23660398658,2
355.47630583377,293.62608706189,2
353.06885882144,292.90317436815,2
365.98328507784,295.77411780077,2
372.98447542497,287.83207617972,2
383.83461616134,283.83820185756,2
380.07873200256,295.34350022783,2
357.32084876314,301.120584535,2
371.23339676216,312.78546755611,2
382.13333560859,304.64460962156,2
396.88477365993,261.44223573964,2
408.60167427994,257.52068032302,2
400.28476381036,259.36193099216,2
411.77946362448,254.27573252436,2
413.75205820648,262.39343010559,2
393.86277150775,276.38703193021,2
393.03387707287,268.2087429409,2
432.81025224822,265.8330501699,2
435.93511727589,265.72236987889,2
416.19631569283,270.3039722621,2
420.74124345963,270.28222912796,2
436.63383031387,281.19539865348,2
432.74459946842,267.93100047295,2
388.61902348633,297.88967219828,2
410.58469465961,293.19794008657,2
409.00317714876,287.16663903797,2
412.30193321793,294.09020251599,2
386.38984074555,300.55570613758,2
392.04404341944,313.08352737412,2
385.34718331525,310.41684352952,2
397.40232590744,304.15878066521,2
403.6456639495,310.7146576339,2
421.09933845098,287.45556996318,2
436.20095561361,294.42731443021,2
445.46326961204,294.10619604499,2
420.62596181763,312.7344261523,2
418.71617244078,304.84479741745,2
420.85241939679,308.1935487912,2
428.03463831592,300.38898943383,2
438.390161575,305.16727519788,2
438.9854670451,311.50690129423,2
441.49963087472,310.80837896597,2
343.40193347233,317.69565434227,2
350.21937019574,315.5697438822,2
380.71875993755,323.89823903604,2
360.90699099047,336.59425714407,2
380.99948716629,331.96604415214,2
370.93717423544,355.83067402282,2
377.39885056876,358.51056909538,2
379.7500407038,347.24546319397,2
379.84453428297,349.2987688418,2
377.6841463976,367.2978543906,2
369.905785636,369.91475591013,2
389.82330775765,317.67673453301,2
395.77139489808,324.51668242575,2
398.931769249,319.92647708018,2
396.64089043748,321.30612377604,2
408.17536587975,325.09381307712,2
400.0983383819,317.48524113627,2
408.6788942668,321.92884590241,2
409.25170731323,323.66474635418,2
406.35423865512,329.29981351239,2
402.52642591276,329.80519666374,2
414.58097535725,325.91106051109,2
411.09621453988,325.74403757311,2
394.42872657414,333.54941802358,2
386.59467792306,342.67260367874,2
395.20536346371,335.50342967292,2
387.50075147091,330.72798517799,2
398.69628757643,331.7926399609,2
397.63990141388,338.78421988654,2
408.69130627331,339.79722393621,2
407.46215285289,340.13070065534,2
415.16704418565,340.04152286008,2
412.93215196856,333.81195308539,2
413.05878992428,342.04423274521,2
414.85714876738,340.46028488104,2
413.99098201654,338.84546276082,2
412.87588429212,340.67264094747,2
414.41350532622,340.58909169472,2
414.85630258492,340.55066801587,2
414.96102135999,340.46882580988,2
406.47935465606,345.01599828108,2
418.16652777054,323.02308357787,2
419.69112661513,324.9504614067,2
425.27901410092,324.08461747043,2
418.16244427262,327.07854164349,2
420.93850876295,322.24304215249,2
423.4516002021,328.06817560832,2
428.84162934303,327.60022881608,2
433.80048184134,318.61275578691,2
438.76418365946,325.35244679607,2
442.69856969905,328.55834299771,2
417.78594199325,337.96978596829,2
419.58040329142,344.20845404976,2
423.31084317263,337.91923925975,2
416.04053968379,331.84676798798,2
416.59705089619,342.98534340504,2
417.97670761588,338.55343344414,2
423.54423768564,340.74274031201,2
423.0325914561,344.64338856686,2
417.97830864646,340.08689388218,2
419.01533009485,335.63346978772,2
423.7988307545,339.34021340373,2
423.10553118638,338.95818874238,2
422.76237482194,342.83686987489,2
417.8520375727,334.14719769179,2
416.39300201712,338.9992517205,2
415.89318506554,333.50121688121,2
415.38158428454,341.10192431654,2
416.95674724363,337.96454175933,2
415.66400696135,334.15219724372,2
417.30240729139,342.67412447775,2
426.59187405211,341.2244019556,2
428.09855580428,332.6398744777,2
417.19439969081,345.10053971042,2
432.73133469733,343.73138767422,2
445.81151138424,342.01171817538,2
390.28816923233,358.06321320825,2
391.90740239383,346.58764541735,2
387.4805983419,352.5178135715,2
396.07230352986,358.80324876905,2
408.97185379778,350.76919267595,2
403.00918176631,347.26857542492,2
408.91347013317,347.05768160618,2
414.53531394551,355.57240340094,2
415.27103612771,358.88868630486,2
394.3908809225,373.29286477356,2
409.32838975514,368.08505271007,2
411.01176342182,371.25680410781,2
422.80097509585,346.91789945677,2
425.86061989277,349.08398903584,2
424.56286435461,346.7546227033,2
418.66597888976,351.46477903028,2
422.4190058929,352.49071529484,2
416.82474230361,352.99685241468,2
434.07235644994,350.93547209815,2
439.35263468621,357.74050531291,2
432.69104699171,357.64155268885,2
441.04411232846,348.03935197044,2
423.43559011278,366.81002164204,2
423.17373751298,366.14677372954,2
419.06564877046,367.3144513384,2
418.58231508293,370.84727315504,2
427.96161003735,362.98103041341,2
440.77786451475,362.10372785391,2
431.63492725773,363.65444642056,2
444.37896518427,373.14595178382,2
448.5792662192,280.43568812471,2
448.74335551809,274.35035559831,2
460.25484403281,271.900498894,2
498.74025743349,314.34712186146,2
455.17961755869,327.29605862791,2
448.63164402993,317.73716456617,2
452.75550961297,324.4845074655,2
464.27425662487,328.13892328559,2
464.26514664212,329.75081923266,2
446.62392100674,330.66247360346,2
457.04601375295,332.28998728669,2
448.06729418415,332.18548060403,2
461.87697521778,340.24583710881,2
459.71829285273,334.14949878172,2
458.96407749409,345.3899418937,2
464.03174985062,336.83940987468,2
480.94269124835,326.96761769288,2
491.67316367974,324.78327835946,2
496.55960077306,326.62840186228,2
500.49770772387,321.46805712277,2
489.01334077866,333.607323041,2
487.47820839401,342.2481302201,2
497.22283303515,341.15926043836,2
452.35631236264,347.32281570757,2
448.64988296742,358.08720698677,2
450.88946463628,356.17490308274,2
458.88143644476,347.48094402602,2
461.68014261158,347.84351556508,2
458.1327858824,358.1329864972,2
462.01498103096,348.73194343817,2
462.34908415347,348.2754284182,2
466.13689779497,350.71826230163,2
450.83606626132,366.51532662451,2
464.01378670149,369.57050704936,2
361.29777576974,382.94201403574,2
369.19468068573,380.70952498015,2
371.8124324916,405.04574588036,2
401.30012563025,379.95957541278,2
405.85876672802,379.1667329884,2
407.67580353174,388.21532474748,2
402.07586290039,379.20114801414,2
414.13582383661,382.99525170261,2
407.63418975549,394.14006174129,2
409.9392743455,402.95608359992,2
416.34570330118,390.33955972471,2
428.18194956667,388.17204585819,2
437.05892489434,384.69811829817,2
417.88757734135,404.21264062133,2
433.45725263257,399.17296961237,2
425.68887592931,422.66979753257,2
423.59723611623,414.74168933916,2
428.96610942155,415.20056902347,2
332.97929089422,495.05174243965,4
457.01158104325,387.38259932975,2
458.00174055761,389.25915794413,2
450.7674475991,410.90314087686,2
452.48192270728,416.49432330602,2
530.24609532312,435.21151411264,5
531.59993628906,430.06064068622,5
533.57036621336,426.51032853337,5
543.86268165981,414.14160631324,5
551.01076945058,413.06253390716,5
547.67892037783,426.44024963697,5
552.64908597835,433.66098888622,5
539.23851792293,462.36990778259,5
541.19367810161,443.32622422479,5
548.84807290456,440.07957717966,5
559.52335600533,447.26115874772,5
545.54778694434,461.44879516514,5
549.46249824411,456.46392976747,5
547.97019305172,459.14685206122,5
559.16547017971,460.23785491578,5
566.62168147351,465.40488518095,5
570.47305077057,455.82529518047,5
562.50607949426,480.52129045526,5
608.00865012827,342.47416690806,5
617.75297297759,334.0168778454,5
618.59493878418,341.58004087097,5
617.952824485,338.144039488,5
598.11211210681,347.15500537127,5
601.27372405411,352.02949189675,5
600.19869134678,353.35561981115,5
587.76551219857,374.17979065244,5
600.51444769628,374.08243609456,5
604.74045899638,349.65862706474,5
610.17336714555,357.56341302607,5
607.98251484799,354.84328808582,5
627.70621070671,353.47071695024,5
621.7086105797,350.69478320223,5
627.42316277485,356.89898861241,5
632.96425946754,359.77712779295,5
606.83563760428,373.29197909138,5
605.45943406804,361.48773735645,5
620.40591739742,364.65855803697,5
634.83692067295,350.3239478205,5
652.03192184308,346.09784154319,5
652.01842421248,354.56383203695,5
650.84280526165,359.00789008057,5
649.67857648464,349.14661254322,5
661.28153632781,357.72771277592,5
639.23559649952,363.30620884444,5
640.52341137758,362.43287406835,5
691.21096527307,359.93900397417,5
691.76539187867,372.77216352931,5
690.86424698674,364.03269283335,5
698.29368070294,374.40768910032,5
701.07716470914,371.14592870704,5
708.40960152932,368.21629909157,5
581.35196110064,406.69753990495,5
584.83662617804,397.82264821922,5
594.46424975175,404.25641409413,5
587.22853005362,401.09597922214,5
597.93025820978,407.02960344918,5
597.42309141831,397.50295836921,5
611.09966433053,388.2462531646,5
604.50144437724,390.39699389757,5
621.44154075461,380.29626851077,5
609.78040437297,405.67099623972,5
614.57007888033,401.42796164631,5
617.83649488671,394.8484804569,5
622.80914261835,403.68467589267,5
620.62594034273,406.42165140827,5
625.24969611329,405.68347345511,5
620.11120384844,405.16987801724,5
622.86213787685,403.27897099093,5
620.4009782115,396.3567728211,5
632.14035609697,400.02162548668,5
631.13018903701,394.27415500641,5
582.67086151553,420.97672966075,5
579.42886030182,408.61520082439,5
584.5402241361,413.36046155466,5
586.66514068733,414.764264529,5
584.96893999584,414.20542383436,5
589.24633274146,415.25113976013,5
592.19771694494,413.07642817501,5
593.99332672637,411.4337946281,5
600.85932771995,411.75611345552,5
590.98919377848,433.22745257254,5
594.87446486944,430.68704212442,5
594.69076222726,425.95455341132,5
602.01962903981,435.91455882365,5
600.62411183614,438.13420555467,5
599.17753208483,433.07164413951,5
608.42222879614,416.44551832855,5
611.76129316574,422.74407733872,5
603.21441090815,421.98411742085,5
604.92973081718,409.48446367378,5
612.22084932878,418.32923478602,5
603.67998109883,419.68007769141,5
610.05421496791,409.69068934335,5
610.35955496289,418.38745828037,5
616.00460463995,409.66455642957,5
617.56566973057,409.19352215351,5
617.26947383688,416.98955758009,5
616.31133474331,421.14497338801,5
609.1613274427,423.05322239504,5
627.28315754714,422.8007723935,5
629.30972218668,422.15368629114,5
625.83784054957,420.24250594771,5
623.18980211401,418.70432018102,5
618.74637561792,422.51774909604,5
622.80044870628,422.45367514922,5
622.19020905494,410.25980194251,5
619.01072435361,417.70241637514,5
625.22930653078,421.7436453629,5
618.1359555368,409.26975201735,5
620.26737260645,411.12798825052,5
626.44472749412,422.18607367258,5
628.66583013985,421.81601010673,5
625.5134496314,418.47758092102,5
626.07147923488,417.90531984247,5
626.26069366758,420.33195703865,5
626.3352998939,422.46780504913,5
626.31950432776,410.06787920886,5
623.05898561564,419.39671157785,5
622.80004060119,409.75044184865,5
624.77333651705,412.06281757218,5
626.7653559571,418.20400758004,5
624.2306536507,418.17999485237,5
627.13411473256,413.98780745081,5
632.46903145475,415.20294745416,5
630.75891925057,421.64033451473,5
605.51342330198,434.19577257251,5
611.08326809159,436.5509373348,5
608.77569325072,433.85979209927,5
609.56168652678,437.42339008833,5
612.27095989896,430.96817415066,5
606.23061430418,430.65578158277,5
611.87490936316,431.38418442262,5
604.64609915747,432.61930304329,5
610.32079854948,438.11230478627,5
603.3604625088,438.86128275369,5
625.9357226323,424.0535094538,5
627.36839794524,437.17078224671,5
626.7695727757,429.74677823658,5
624.02152679303,428.29887763611,5
627.7397818769,431.750952131,5
620.12693718314,429.96257381698,5
629.55483483223,430.5333123149,5
627.17422188873,426.67903274469,5
626.52313617036,439.01555924305,5
630.46554568106,427.05777055121,5
632.38339263265,429.53571577581,5
630.52063584212,434.28300037714,5
630.45440745887,424.25230665284,5
640.61443519528,382.56846404754,5
637.70383278267,382.34230093674,5
641.31445516055,391.8676445735,5
649.60148963593,388.25827046729,5
636.55617530297,406.60166018857,5
635.65584750923,406.34292792405,5
641.15556115525,404.92833691413,5
650.92755616546,398.76470477309,5
650.07367012141,400.19006402101,5
668.78737199995,388.3894286707,5
683.31619051905,382.2440262424,5
671.76786946448,401.23608841013,5
670.90006273375,404.70424576509,5
681.48227972467,393.45948802096,5
695.42237681962,402.56548147861,5
644.80153379208,416.49725329713,5
636.63609166985,413.36470410291,5
637.94541338316,422.08905427348,5
640.00251794048,420.67486844104,5
645.63520647429,418.45064637179,5
645.3031675356,420.74541285203,5
655.70563754239,413.19629807686,5
653.28400789866,421.91185659213,5
653.54415865408,415.53629529548,5
651.20258925259,418.19705227446,5
654.58414680398,423.23965690762,5
639.53633290927,438.39732429171,5
640.3827005864,424.00917303237,5
645.18508672304,424.43473984042,5
633.99078579107,426.78137688142,5
642.32401183728,428.01543369843,5
644.84967490372,426.89573186026,5
636.1937885453,425.43645753918,5
638.11040984705,434.83601639226,5
650.8732268195,435.65597061285,5
653.11225914495,431.61353977565,5
655.4125083617,427.89416099754,5
651.10608573589,432.64028743824,5
672.6117037477,413.7349681853,5
672.83477400329,427.58947373162,5
681.24731496686,429.50181354932,5
575.5753209873,445.23776290391,5
577.50008392031,442.82647503718,5
601.55594854083,449.75519627601,5
582.12630315643,462.30907944697,5
590.83960502913,463.38699175948,5
594.5304747976,463.99883557297,5
607.42400785136,439.55001108188,5
611.13778010948,444.00680549816,5
611.04187732425,439.82723500152,5
607.614114933,443.95793147197,5
611.44115938872,453.08335763872,5
614.08963018613,451.7711035217,5
609.17332876808,454.15264233628,5
626.87529196631,443.96419692364,5
622.99815625697,450.69843580001,5
632.77761029395,454.68465912979,5
610.76779078635,458.09574297494,5
604.31614809591,459.13835014968,5
607.5238611682,458.48892640671,5
621.06150017775,470.5038815646,5
602.17172146457,498.775173691,5
600.51278874488,496.3516557656,5
625.70145048327,479.05481952897,5
610.07314603965,499.94700073635,5
612.72193952078,499.25982975506,5
627.78949782382,492.56574748902,5
621.40120743141,497.14489799,5
626.87871937821,498.0406795419,5
625.43749035124,499.73664880066,5
621.91363011948,494.0842804192,5
630.28085445859,497.7042813621,5
640.2815501314,441.230594196,5
634.52190923249,449.64518790396,5
633.54755605596,441.3192107651,5
637.15631292954,450.50519760209,5
634.86152164492,440.38174048969,5
651.74161041888,442.66194387603,5
657.46646722381,443.56864962753,5
658.67054373616,449.96684938575,5
661.46166863454,440.38613016363,5
661.45361859186,446.46945921493,5
635.70239709863,455.57111221253,5
660.33345377833,456.25412231137,5
653.78968303501,463.14923571942,5
652.23505121248,463.14621990321,5
655.64620504186,460.34310170884,5
674.61604408948,450.35977336036,5
679.97214991272,451.1404562067,5
678.55163410099,456.6937787997,5
679.53017968942,467.27110058361,5
691.21921493403,455.06320868016,5
634.80680455119,485.10304436512,5
657.93303327585,473.21439413876,5
662.46633066026,478.38093026652,5
644.14651946171,493.64414965252,5
650.12751001172,499.17075204717,5
657.47212536236,495.34337799966,5
654.22452939918,495.64266067168,5
680.47343407547,472.78011094396,5
710.6123378764,396.21230314915,5
707.35150133462,411.06593490348,5
713.80131103369,417.89547572606,5
721.96057790097,422.47238029934,5
698.45912025704,437.11482467182,5
696.06865790815,428.34294057095,5
288.03280473269,512.31591503244,4
299.80123326127,518.35480731509,4
315.31961410182,519.30257924753,4
316.36214221146,522.69650859977,4
308.71417688193,522.19773134179,4
274.39464544337,536.22108531195,4
286.77583678336,535.28360527441,4
289.1745225015,541.2555188468,4
272.84857688046,561.37947600492,4
281.69745546286,559.0901038065,4
286.87458380213,561.46322431856,4
313.34619057753,546.39280478628,4
312.30860022377,537.1454988565,4
309.31280997131,557.33910728355,4
312.18144825668,562.75693367597,4
316.61927376763,554.01777138841,4
320.59238783111,551.32333430942,4
256.62167925323,581.77695197089,4
253.87069404119,610.76962748625,4
256.74899570353,602.33215146062,4
265.91738779327,592.7525878459,4
302.13800840738,575.39080316638,4
306.81398301982,573.71218819111,4
308.9359919964,571.33089408527,4
317.35038300061,572.19619767377,4
317.52746044683,575.44272075847,4
293.58789994222,585.05150307298,4
300.31568733152,588.67745055243,4
294.24357836938,580.42785717055,4
296.91939579738,585.67184969907,4
309.67382824592,584.95007626896,4
315.94740057129,587.54740284874,4
319.42059783285,582.73207747272,4
318.82522844096,590.81430101293,4
321.50090177008,581.92045130437,4
260.49796459614,599.9951820476,4
271.84130287675,599.87271751178,4
278.10273496765,603.88707899576,4
281.24434681993,609.96553456642,4
279.31638216382,605.65100202786,4
280.79562581228,612.76888284868,4
283.85291976009,621.54313706492,4
288.41640657346,625.72906723932,4
286.95076753337,622.67750345202,4
294.58325189146,606.52365990007,4
304.94089599836,604.50284056156,4
313.95209880218,604.46923051424,4
312.51154968353,607.61090183612,4
316.82398061167,606.08795758108,4
315.46734772086,606.22612283715,4
300.47730989823,613.26471163159,4
302.52457503347,624.79517212687,4
314.91541017588,624.56672669508,4
317.67561484486,622.84563266712,4
271.08109810067,635.10481067146,4
285.73819951747,637.50667095674,4
271.98706951597,645.78013318534,4
273.54155116833,645.617323621,4
284.54089693657,655.53443393416,4
295.11671816889,628.74378720659,4
309.89589419258,641.31223208751,4
296.57919029686,644.61778381635,4
299.03614707805,647.48058338439,4
297.61799970531,644.30235520485,4
307.34197104692,651.09778888062,4
294.54080849259,671.08237612531,4
303.95229729868,658.59135387353,4
312.38057668851,662.17770369266,4
314.44301376559,660.7400640411,4
318.62454856728,667.92141674222,4
297.73245630587,673.99756719312,4
324.45927894975,508.38864872343,4
322.87701797899,512.07798815289,4
335.57503171478,514.93491736191,4
338.7476497934,504.36882326955,4
340.41174245598,515.61620260292,4
351.61963008606,516.82566605826,4
332.44937281518,518.79226900208,4
329.47294477349,518.99733215384,4
340.48647755919,520.10483719507,4
344.95191855494,523.57121744359,4
351.84049664244,521.05883426734,4
349.54645564386,518.7586110317,4
361.19479714436,504.89102150308,4
355.88403877983,516.95645333033,4
361.76734460833,523.93824543009,4
360.17929840748,524.83705896783,4
329.67871788269,542.36110266734,4
332.58431238615,540.02626588197,4
335.48275634622,546.3062778573,4
345.43415265318,547.47140492241,4
338.2508033124,540.79810293289,4
332.49994554953,555.17208368479,4
334.51885859879,562.10326650418,4
335.41857496203,552.24364686862,4
337.62076306977,555.74559856008,4
349.9121800223,551.48148959013,4
351.02544948274,563.15194219824,4
356.67206321781,547.41216658308,4
357.53972786131,546.5811237039,4
354.3547980503,545.88725978876,4
362.70820498313,544.94263867938,4
356.66106473313,545.47093937894,4
371.24697305832,540.50144473021,4
372.65100965353,548.31620690148,4
354.16053684622,556.48747060517,4
355.4831199774,550.72840881521,4
357.64590413526,559.29961969717,4
380.49790096865,561.12517273385,4
397.46023465109,546.95556271354,4
401.11722075945,535.49797518947,4
407.23422655521,543.3595887075,4
407.670902951,534.843723874,4
385.34670447621,561.46013620191,4
399.13884096739,554.98692516982,4
387.05271133178,563.98975127283,4
402.25504818338,564.03151280854,4
421.26556288324,534.86648294836,4
422.38238525828,540.05041530218,4
428.0921757515,560.00397930807,4
324.79166054017,573.8449276359,4
328.71160563487,574.82677271302,4
330.34222733525,572.22946609707,4
322.79240713259,576.09396021585,4
334.79814776117,576.29758484443,4
333.74222357233,565.75606994506,4
336.67013325899,573.59526379714,4
335.51081968123,575.94408799472,4
336.09398011914,564.31939879261,4
346.80814775024,577.52690982657,4
343.85160109301,566.16333693646,4
342.20057014618,578.42326082635,4
341.79052223488,566.49281865009,4
340.07378260562,567.02729955224,4
345.58195804971,570.67945384173,4
337.92922336698,578.603235137,4
350.56879344562,577.82330812087,4
348.89686914622,564.58203121721,4
324.40465789028,592.82088491499,4
332.82302793619,593.89724464384,4
325.84781401551,586.10124598029,4
321.91742350297,589.27141919233,4
329.69655481106,587.70827932083,4
336.43247053373,586.08151675066,4
334.82624944198,585.05183311787,4
335.25148342701,593.26335272112,4
336.91653937051,581.48110632435,4
337.34063383673,585.60663025622,4
334.09230231219,582.83010863645,4
335.763867963,581.91759820372,4
335.4381151695,586.99335904792,4
327.62115063873,595.03277643678,4
340.45335113045,588.36407820665,4
342.40593233072,591.34575799869,4
339.83595136685,585.92939308143,4
343.04686612498,584.50505020214,4
340.56268758446,591.73621199268,4
337.36007582553,583.64820674977,4
339.9302350897,589.94128108813,4
338.32693310097,590.59562880667,4
342.35779643867,585.06504412557,4
339.64448226785,586.78782648583,4
341.49334757658,585.08221588148,4
337.95130168924,587.1728518634,4
340.016653487,588.87218633102,4
337.77821240797,587.4187906731,4
341.12444951996,586.59317043172,4
342.55031366905,585.32252743203,4
339.22817379666,581.39450096031,4
346.16927756703,587.61184621817,4
339.48098515043,584.58918115152,4
343.07245818296,580.8041330752,4
344.16543772405,584.63013896143,4
341.69134730459,584.28644828977,4
338.83024235062,586.35694568854,4
339.80317277825,585.59638447622,4
339.85986817808,585.51692473633,4
349.52355811536,589.00018751156,4
352.8624082668,590.86357213178,4
354.68393104742,565.1083242591,4
361.51333558397,571.70684567406,4
369.86233185831,571.69077638662,4
371.30045466279,569.75372318772,4
371.25943438395,570.65516301275,4
382.41919292063,568.38627479476,4
359.42434935105,579.69600779456,4
361.50654511084,586.73466450709,4
357.77673846287,592.12419635622,4
365.3766160339,583.52338946402,4
365.68136557689,589.8090499755,4
375.47272850083,589.67127763372,4
375.14684551915,582.97891167131,4
377.87537500163,585.21102977787,4
383.8174333064,582.57481253407,4
380.47528347907,582.95781178584,4
328.38981256652,597.31644732753,4
326.93049564535,602.98249130043,4
323.48073427634,598.35934186418,4
328.23261183837,597.95202793458,4
332.64267417772,598.53064116627,4
333.77695498093,605.08506307475,4
335.06541274305,596.37841674657,4
333.00419096835,597.04771062687,4
342.75934408501,596.91555521773,4
348.81045786422,598.21200441346,4
349.01177905826,597.63025293435,4
332.24497314135,616.92442121353,4
331.54147886976,611.45570473348,4
327.81987596202,616.77299868584,4
347.42125653495,618.25446546974,4
351.58449075212,612.58058060686,4
363.80687932056,606.67336018229,4
378.83228988053,604.95205454992,4
379.45248773389,605.20693126144,4
372.79412814267,596.24798488768,4
384.09402118302,605.34313100965,4
381.06121290851,602.99583869846,4
358.82741718871,615.01637155889,4
358.08044967059,611.46864469837,4
353.96096152484,611.54333039166,4
377.75303001597,618.81150542005,4
371.41068420439,623.15377878498,4
380.87366494111,621.05805381856,4
391.04373358751,574.80276504103,4
389.44261331504,574.85042868361,4
387.35823170997,570.44523727821,4
413.20287762499,577.6635729478,4
414.52775376408,569.04601937255,4
408.22331881859,592.93363243804,4
413.18699208609,593.47017994172,4
414.59070592261,590.85109594737,4
413.86091769201,592.75880474027,4
425.17705690217,565.31841312271,4
424.55012738218,582.69364381521,4
388.72699344052,597.28273310432,4
393.64508148453,608.82441069923,4
397.32392111156,607.88393929269,4
408.28123619793,609.29365919498,4
412.92191253832,610.5051266735,4
395.02029380902,617.98767885705,4
399.30907681599,619.8769090054,4
405.48132786177,615.81757410747,4
420.24132926587,602.81261914541,4
421.80138052898,618.05956609783,4
330.89846785315,634.80224412345,4
330.56657139751,626.53029467097,4
328.45937855051,640.37155244005,4
338.91856677035,632.25379407278,4
337.69269382846,626.97183419064,4
339.25740031491,632.02397552553,4
333.29171311217,650.34706049987,4
335.54483063591,643.09177979785,4
340.09756893157,653.42784878259,4
351.866651026,645.45745055585,4
353.28883453938,632.89116730629,4
376.2294210951,627.57863579159,4
376.90657243361,640.8751148078,4
382.18213795926,629.89780147788,4
363.38839740091,654.41636618945,4
363.94021798016,651.32853914487,4
364.65755510501,652.92419123786,4
378.60112673631,642.96096821453,4
373.2524380741,646.38532993914,4
379.16610957131,646.6680668372,4
328.20138206435,665.00508405641,4
336.47959348721,665.42919615117,4
333.47231367718,663.41710991152,4
342.79841907266,662.71357099792,4
373.61123106843,659.68539794892,4
403.30053927065,631.6310133597,4
415.05862068574,628.86419106222,4
403.91575531658,647.56626718564,4
402.02714713152,645.26476871654,4
402.46645555341,647.27964172898,4
421.78860702356,632.20974721956,4
393.91007945589,661.07168059706,4
398.99833543412,658.11039275309,4
622.46067193917,502.47530597238,5
618.40043490306,518.41931732531,5
647.16971617759,502.20188572547,5
643.44041410575,519.92750476111,5
799.73145165515,716.93555594419,6
806.14262327652,714.55197392057,6
815.47508055134,705.51056897897,6
773.78444348266,731.93324172587,6
772.58868058845,735.2939541467,6
770.19213304165,750.40942940088,6
772.80673297393,747.62263033894,6
792.51479770267,731.34853460563,6
790.91930145813,730.74487793573,6
802.20980282883,725.30193900191,6
820.23994718736,723.55588637179,6
818.96303659024,729.27438210057,6
795.46137988403,743.41018232629,6
800.27119678272,750.55700452791,6
795.62286963808,745.82521022382,6
812.02429279826,749.86325966095,6
825.86927556054,680.84162378211,6
821.96517726265,680.21062060642,6
822.06048221097,686.7924980306,6
836.82977055331,680.05824662934,6
849.33553551758,677.76253352955,6
894.70653335364,687.39219132503,6
890.76721863158,687.14147615812,6
889.56428205155,681.00358354533,6
831.5344510365,696.13463425549,6
846.46556341204,689.18015771368,6
821.43413111169,707.23894587496,6
844.0966194184,712.82598875315,6
877.42941644528,690.94615347076,6
876.07216106545,698.93840263036,6
862.10126214805,718.92644335978,6
865.90566232098,717.01613917994,6
843.18273771935,732.21399368495,6
850.40295045748,726.70179961887,6
831.12319906248,743.7353048817,6
830.53056352703,737.27321853874,6
831.70969216279,742.61412577732,6
823.91474200176,750.51341742953,6
836.03815375131,750.50184238958,6
833.90606229143,750.06611612396,6
832.89656631457,746.97245086589,6
846.30815177472,738.16836060685,6
838.77523269447,747.15959964747,6
845.40112342658,738.02894708469,6
862.77588779236,724.2868639558,6
855.29080526963,729.56006253909,6
865.5461394035,730.7439186488,6
868.62861824857,732.15966115061,6
877.52418329824,725.25643871271,6
870.49057899345,724.57585093499,6
862.08381356163,749.09528983109,6
852.04674510148,739.18168017929,6
854.50437008427,744.17401180844,6
863.66074902502,742.06072896256,6
867.01160399011,737.43298690227,6
865.02397057508,750.47245539793,6
872.00347317616,743.89347001393,6
874.594445993,739.81257858072,6
875.00136803649,749.07537940101,6
874.87091094436,749.19390848102,6
881.44340567311,750.12017621804,6
899.04517526368,697.83038721505,6
906.12830040889,698.16241644284,6
886.59952137601,718.89370583226,6
885.1156693772,719.83415267236,6
894.19529789462,719.71821589801,6
901.7147535401,710.95050069548,6
915.41768613431,699.6958485221,6
885.31678393917,724.51634843485,6
891.912478995,731.19128311062,6
902.51006158977,723.69713711631,6
892.70973826093,750.05838821086,6
887.0132369129,748.89188477066,6
889.44390312137,748.57929046479,6
891.40134367272,739.59976828685,6
884.5104452998,744.40387868155,6
895.8051327317,750.89728570445,6
904.0865726653,748.62862271845,6
899.60746156592,737.81786337393,6
902.04786621595,750.00613435963,6
915.12797528511,724.62989877287,6
931.56697899688,720.06569757316,6
937.00628331397,735.45388547864,6
940.81887743101,742.66922985328,6
939.92326591673,741.15381616035,6
769.6238616312,754.91275584973,6
786.37037231092,754.04219512224,6
786.45937094347,767.11328665545,6
793.75191196229,757.23955768591,6
802.43076082618,762.35083082428,6
810.09852781151,757.41796910177,6
809.77382016171,764.24249090033,6
809.24798545765,754.92609477319,6
815.33777209666,758.81240726673,6
819.50808339729,756.09210319542,6
794.2780491427,776.38464545756,6
791.841030389,770.7024312777,6
805.25495664834,769.51954668784,6
815.54524640625,781.36340129486,6
817.14517263889,769.73100283264,6
788.67670887507,793.4640445297,6
803.52591076983,796.51324535697,6
815.82538375064,790.70607269635,6
806.70698300642,790.92684788114,6
815.31562372219,794.3570105938,6
811.47600307431,791.40734530073,6
820.52845248372,788.72914824157,6
819.7036099833,791.99326763814,6
806.19265683051,816.78779471609,6
816.7165925413,841.60521512274,6
650.30600818494,905.7494958298,7
674.29484344567,904.55315883949,7
679.32521258543,904.59175142021,7
691.71552276179,906.38367357076,7
692.84900381921,904.40988412891,7
649.04915839296,913.84310323225,7
657.66345117319,915.01176897018,7
649.06351046547,933.1706044088,7
653.04581907952,930.89621406602,7
673.15120588529,914.43858689323,7
676.71264754781,920.91166293151,7
662.30288210712,945.94702053207,7
639.82588524596,964.32801374622,7
652.01996934135,953.96534063945,7
678.07989006959,950.44547245067,7
668.52992852709,956.34557701431,7
673.51649963507,969.10013611573,7
675.29370743609,963.50562457391,7
695.41637663609,962.76292025939,7
692.87875884486,968.6372295337,7
638.63012660697,969.97474358369,7
647.90268289992,979.97281761885,7
656.39304069308,975.70369221769,7
661.01716174372,974.44911965562,7
641.08874265155,992.36650304187,7
641.90850811308,995.58957971753,7
644.4113386103,999.2126656157,7
648.99870957434,997.29850068237,7
652.57141152703,997.00448741485,7
650.68173255477,992.03796277942,7
656.26856635617,994.74210513138,7
664.3553027489,992.51022443898,7
669.47032780502,971.29945264398,7
665.97021506493,981.30392121491,7
665.02822265356,980.11632570211,7
683.01308188588,980.33119203724,7
681.19494514549,982.23071688517,7
694.82414512933,983.21525834185,7
692.58290569977,981.4863347921,7
695.66138163519,976.15137915739,7
674.51274390822,988.00044620223,7
673.28791108741,996.36732714407,7
668.38218896342,993.48144378861,7
691.98772098217,985.02303070297,7
690.05979267324,990.66988846458,7
685.43523674432,1000.5927626265,7
692.72979680017,988.70690786313,7
695.52191175638,988.38397328015,7
693.65673406546,985.37665772921,7
692.34637067483,989.76188208198,7
706.47700692642,903.11640702938,7
741.0817862647,900.96410140999,7
742.46297873997,898.07808853364,7
753.33181406946,898.69993755859,7
700.51645674068,913.46015577133,7
701.1896531485,922.33910862093,7
704.98238352359,918.74335117812,7
720.00881536398,932.90000624857,7
727.6214902362,920.393349976,7
730.00932713179,916.48103187675,7
753.37417303649,914.3279003088,7
748.15290304327,909.2162755482,7
757.30494238031,912.3703046373,7
756.76594760398,927.95738548085,7
767.08873642939,911.0302056973,7
763.0505848015,936.89468317008,7
705.98066044598,944.11535872757,7
702.60771538765,947.65541724751,7
711.84907158737,946.03356428725,7
697.85968874016,967.78160195229,7
706.55709391812,969.22607080882,7
707.97599543909,960.48440866241,7
722.49066170794,968.68732017404,7
721.36379531183,963.08393953186,7
718.29337655767,959.24788769672,7
717.90792549397,969.16416603055,7
724.35231950057,967.52945689975,7
734.88213989738,941.75876593439,7
739.73079872491,938.91185043795,7
756.93589500568,952.53653320509,7
757.09173056068,951.09757187082,7
732.13344440569,965.37517097098,7
739.26774182602,954.00634081336,7
746.11657000851,961.28610862153,7
748.19321858612,964.48545185033,7
749.1589082741,963.03250375904,7
698.41018279335,982.6158534403,7
697.06407075797,978.96580806373,7
701.35961691633,984.15393788375,7
705.2383287443,972.89743392444,7
707.39427868947,979.83842014002,7
697.12225027714,972.38100485475,7
696.89464751626,981.26338852349,7
708.02872752679,984.04442179438,7
722.21190664881,973.74287382781,7
715.34340159006,984.64500965301,7
722.4920180079,979.31276434721,7
725.33172667321,984.81853532829,7
698.60919799824,986.35845084924,7
696.91980470108,992.12317178171,7
702.74678982503,992.62614675594,7
699.68452072222,992.60796409222,7
703.18988824179,988.95260645587,7
701.75600574946,990.65305573337,7
705.74015818664,985.65149966425,7
707.25310282887,986.11529962072,7
702.06306045645,990.3266276877,7
703.54726980186,985.0726746037,7
706.96772330579,986.59034643117,7
697.53666140583,996.36979603738,7
704.55285642555,988.83609973864,7
699.75176244311,986.58111976533,7
707.27113689588,988.93476398798,7
702.09110901788,996.6075418436,7
704.04833725563,994.18796476079,7
700.93700299363,992.51755895676,7
707.15510267073,992.44836466175,7
707.44932828445,990.38698594104,7
708.49483575695,988.6367868975,7
711.40390882101,989.7925567789,7
707.79416824914,998.644553406,7
713.78682171404,985.78452185997,7
711.70462849164,991.49720923905,7
720.08252216134,991.7266027996,7
712.92641243987,986.95482869584,7
713.10614273935,993.29740818418,7
721.611514204,993.98700899397,7
724.85588999552,992.16890750833,7
724.25046738901,986.18664786368,7
740.12174454384,972.82173370888,7
748.13060104341,974.33879019056,7
744.82737105984,980.74125410185,7
756.54058253138,979.84094785379,7
728.36371265322,996.54570682558,7
770.6363467442,961.21245830889,7
763.13290676574,983.52419042146,7
772.41234975281,981.68648496721,7
781.20216398276,984.21248517288,7
834.98066016984,763.17177372294,6
837.43463218232,763.00860754075,6
846.6370260928,765.63642832853,6
847.94190704727,754.94986327735,6
841.01431659237,764.0995743522,6
841.54033851882,762.43949675534,6
822.85032445511,776.78861942086,6
830.93338029409,773.34210574969,6
834.63676583564,776.36244042188,6
833.70863064877,768.32480129941,6
847.94666551889,773.02426451679,6
844.03492273019,772.43632015746,6
842.0720322505,780.54964802207,6
838.90210506036,770.87316421972,6
836.82198485584,773.32478501756,6
844.33843140832,774.54282944768,6
850.01693382534,768.13659846463,6
861.95328729691,757.41133186659,6
857.79553557504,753.87251159543,6
860.0343899266,754.93495476755,6
863.3664113839,763.77707643703,6
858.41915809336,766.09773696172,6
857.62415445765,757.9432081999,6
856.90376343061,758.39093992272,6
859.57535363528,760.19970384436,6
863.52322454496,764.8944142777,6
855.18432990237,761.50683094538,6
857.29139896775,764.36921077891,6
862.65408215376,763.05154889033,6
859.77175449942,759.58076950003,6
863.23082282219,762.79062869669,6
858.51159301005,762.17109117525,6
853.43836541448,754.74143406318,6
862.31389468178,754.01477809204,6
859.52570256708,760.89518197062,6
856.07302220774,756.6835558087,6
860.29637569249,762.50477006636,6
860.3391858434,753.70903773779,6
857.75215517858,756.4424879227,6
865.56900641581,761.63436548581,6
867.0645506224,764.49596763844,6
866.53415490619,756.69132183618,6
867.34222674991,766.34156703965,6
865.93866808523,755.07557627888,6
864.88476017811,758.0963246874,6
854.59555539517,766.36752291181,6
869.11832141323,761.75494390202,6
870.11396157561,759.60708407434,6
878.3274893534,755.59782646205,6
869.97469104732,763.12792073056,6
877.15730370728,759.09692921215,6
876.81799237328,762.60527329874,6
869.53323444097,752.26785643597,6
874.33615078141,751.24110042082,6
879.65755965032,762.15614771804,6
880.99496300891,763.94984335357,6
881.47268371259,763.65515530233,6
860.12480850617,772.81337893746,6
858.97075996547,769.76171466185,6
856.85109265561,778.16683530676,6
859.60058126114,768.57791079515,6
852.21572965254,768.46742399245,6
858.27262179799,772.73511264321,6
854.36531729222,767.38719229837,6
860.22357319771,769.39454601258,6
852.99496466294,775.98068371042,6
858.99555823346,769.17592314266,6
852.97320346952,781.59028049539,6
855.92915090543,768.55543130941,6
857.57232192092,772.76617627487,6
862.48313348251,766.85212652937,6
852.742944294,781.04624132907,6
852.03328862089,773.05335415669,6
856.79948099926,773.21130110799,6
862.87679092394,770.12490914116,6
864.49734464078,770.71642559381,6
865.0794542204,769.70534496601,6
877.41940353877,778.62760493049,6
870.66889944611,775.27825006436,6
869.92941283478,768.57935354467,6
869.20202689348,779.06626298887,6
869.43784598095,774.76490400348,6
872.94375546553,779.81036298946,6
870.02766398062,776.22028525556,6
874.53274356133,773.71223284896,6
869.59010894019,779.31323231911,6
869.61723794305,777.51847647108,6
877.10513682389,771.07075897608,6
880.979671536,773.72310940117,6
879.58277516793,777.50265322463,6
823.11375315074,786.50135087757,6
830.62544283579,786.3768814478,6
837.30495547937,794.56146929765,6
845.19054995579,790.90542708566,6
841.70570424977,791.36025557591,6
834.99795889016,800.5560424689,6
849.46685549778,798.98025275999,6
860.98353320918,784.14521008271,6
860.7677358169,784.26835630753,6
868.23266714682,793.24723277811,6
882.82990061111,793.93236800187,6
851.9270759937,811.50414916338,6
877.56891617811,803.51357315831,6
875.75017473975,810.30728681307,6
868.48360786097,802.04658599573,6
874.89496031771,799.40766076763,6
871.1673824434,811.81908736276,6
870.04538331509,798.67876874221,6
880.78570244964,813.2598865052,6
887.81964199842,755.65523669713,6
884.35040862595,756.9729158664,6
890.0869845008,753.91707455177,6
891.56124444285,766.5084540688,6
905.21867279765,765.51987766871,6
884.68089452883,776.31821888095,6
891.17895367238,775.54264143647,6
884.58389295572,767.59731580298,6
901.41858066685,771.75358704839,6
899.91889875378,780.23738525493,6
901.30396227879,779.42745839871,6
924.16364902359,763.75685060106,6
923.47939373715,756.70198044353,6
919.25676358131,755.97628668415,6
925.37109039322,759.45872240861,6
935.1342991009,764.4394386748,6
930.77583823948,776.35373205522,6
940.70714350823,775.69642852885,6
931.67587562822,767.41303838995,6
937.56797376208,781.50445983955,6
883.25788747392,792.11346234666,6
901.5179092784,791.59420386497,6
888.15351281183,799.67466849958,6
886.14156234038,803.06856307949,6
889.63781067572,801.26784120233,6
906.02971839627,811.0888261232,6
922.31452879837,793.69080078774,6
928.04248486042,786.71154891733,6
929.26088625577,797.22598689433,6
918.87185019388,802.56057856444,6
929.11633022787,801.82673767574,6
938.3833914061,800.51949560015,6
933.05677983261,810.20338583049,6
941.22964018035,801.22390080393,6
930.54508838688,807.36733997258,6
932.26699691837,805.74186081986,6
937.65149658343,800.98551679355,6
934.91007050355,801.12632028532,6
829.64515287645,825.25206819701,6
831.22446966368,817.90373209394,6
841.06698852687,820.84826487575,6
826.95628816074,833.44652723216,6
858.30643940685,818.4250538258,6
873.63980528276,824.79403077103,6
877.14081334003,828.28844839208,6
882.79509646622,818.06120927029,6
857.50468022726,837.74480226205,6
864.58712702877,839.30123708225,6
867.93202345955,843.48137214802,6
874.06053364419,832.6993173569,6
829.96630867895,849.28973027379,6
835.97241830079,854.71483727718,6
833.50070337881,853.3504220994,6
840.2454147326,852.84448604278,6
839.41547103339,851.08801452587,6
853.89851789172,856.7369780474,6
877.16830844766,857.8402206897,6
885.32534359364,838.81115893173,6
896.60252799913,842.25796344702,6
912.42128784415,829.1890941496,6
935.41646269356,813.99189170031,6
943.45878456741,817.05400424733,6
928.74150611681,831.73574670718,6
935.94959691304,829.46028927316,6
895.67878123963,846.93622466127,6
954.33323446025,753.11351977527,6
949.31235174384,759.60665523988,6
950.68129052952,755.91130663823,6
952.81742580087,779.21966611977,6
951.47101182838,793.68196251322,6
951.66876586232,798.50730448473,6
