
(47.90925609613589,18.684154508348286)
(58.45772369005644,5.0330467132365015)
(62.913726624790485,24.85522969076885)
(85.6316917758154,4.448105075609661)
(74.99919462344289,14.612413757312027)
(97.6047933030053,6.948874170928335)
(88.87684988839379,17.89603150161163)
(79.11800568022042,29.321886473870336)
(89.21593602461849,20.860671226253473)
(91.19335456732193,24.750464300138844)
(89.35846175668124,20.953055224740936)
(96.70733626374061,21.92198385851242)
(50.08435389527216,46.706145307977636)
(66.58739783594012,36.04340403497906)
(58.38479360065065,39.51673913580822)
(48.10736656036792,55.55586681289611)
(49.67301834457217,52.21496266472619)
(67.49604017436013,51.30605898884514)
(69.43771855005767,57.926620416382775)
(72.05992474725034,49.57891967847735)
(79.71816468568795,46.95084134198922)
(81.09987524729749,41.79088370124424)
(100.34164413447382,40.246021330285714)
(78.37215739360377,57.64566308369237)
(88.06119140572008,62.13607647458937)
(101.54357171094165,16.119155910866766)
(118.47964282666703,5.65453471472523)
(101.64024681786117,29.054145051779756)
(103.80579987839516,33.581528008655965)
(102.32022309260333,19.411617210702985)
(116.27529352158012,33.35607922106897)
(141.1938124363985,13.131178425969551)
(141.49308754899187,18.49451804769832)
(156.46008946985637,8.958720505988708)
(134.9756963022752,21.56374525365068)
(142.6152879224693,20.61730302815951)
(145.40313209508105,20.93382944973669)
(157.05295962241541,20.303238876984608)
(158.35275594805557,31.52483006227763)
(112.98463132461816,46.129082311543556)
(122.55955849579334,42.90983634042121)
(107.02989763593234,55.28479325123601)
(103.29768530894665,49.988745906251836)
(127.79232898737092,51.738829542757)
(128.61976602925483,58.85751032818996)
(126.93229373812491,54.500883501166925)
(144.42881183719746,46.49405119449335)
(131.73902522227996,62.08152225070046)
(159.05674085482292,62.88831831864118)
(146.6720420650499,50.46856776879787)
(47.511142105183325,65.05051855542806)
(63.696803878510366,65.16919975920166)
(72.1183949103567,75.12847542931738)
(57.3330214048419,78.19508733964054)
(65.55402212698874,81.53199848062764)
(64.39407506359768,77.64714561190007)
(61.641398291397365,80.99282996797717)
(64.29062818291538,85.09205043354928)
(82.34450166788915,76.05828676221779)
(80.45166532764199,71.26242925595432)
(98.77515218516129,71.99900384136191)
(72.69108014345471,89.80627305401885)
(100.4089775452486,86.99063841032606)
(98.70485099919276,87.30281173959844)
(99.59163415133554,90.98565923638961)
(47.054758464940676,92.38546981693855)
(42.98352101322973,96.3462405891234)
(48.206666877641396,100.14882246120044)
(62.84165831460385,104.61639735583236)
(68.0863067912874,106.00669196404641)
(59.02455095064968,98.82226245430695)
(43.459070264118395,119.24187373282427)
(46.212610273890846,110.07137506670867)
(51.1998586020747,114.53215880369567)
(49.06163695470349,109.264852059612)
(66.21843109102213,118.35015008075075)
(70.53515292155967,111.37055853461487)
(80.42845847331009,93.77808982542234)
(88.16739230479124,102.65436608274484)
(83.21385527694903,118.69168415926993)
(90.57738156448244,118.08904053587105)
(92.38536860688458,116.07790932996505)
(91.76804821850726,112.3847643563881)
(115.29725909036233,75.54775557119237)
(130.58662528987105,74.59698522468142)
(113.31536957053942,87.32153038239096)
(115.06707512083065,78.43212039593917)
(112.93600835780663,88.03552485672495)
(124.60343354904353,82.85493624987205)
(130.40921552330406,91.98041311200353)
(130.2202148613112,81.27359918776591)
(158.11926412429824,71.0409011484349)
(152.54449637748215,74.37280049143573)
(143.0116460992541,84.17041574972285)
(144.47794046377254,78.59020960089981)
(152.88990248281655,86.70502027941382)
(155.66696667493497,91.6279932214498)
(115.49695614352078,94.17567905706238)
(122.25221950996985,95.12147548495173)
(120.57403132425716,103.77592049714232)
(128.7735833877348,100.63097377002134)
(115.48005004874608,107.89041506923115)
(109.14031566526825,111.15788727043798)
(106.76461948229951,106.7965729900722)
(107.47739646575559,114.45125568211688)
(129.30178244094057,118.60136656481222)
(137.809821448186,95.26293996914347)
(130.89697684269595,97.31482198828098)
(135.76871244739198,99.22984231901077)
(143.57477449300393,106.56583055987562)
(141.31989835044203,105.58216712375685)
(152.42428019214512,103.3055835590701)
(144.0176686622082,114.57367034989076)
(131.29278107432808,119.85513359349824)
(156.8317599982687,115.36948276744513)
(172.35813974652075,12.18355458452966)
(169.9584877369964,10.812816097506499)
(178.22729004215427,18.460634033437373)
(178.5483465947368,15.658814345441911)
(188.57540676850977,18.72055694992372)
(171.7457964159372,25.370195085501976)
(172.75320959695955,25.13670674872347)
(183.87185084742373,27.40250434193318)
(180.56628269606358,30.91843388402657)
(193.5831182278555,17.94998503784882)
(190.14579723771215,6.683510053413457)
(191.04863823571384,8.19360315835111)
(212.4872585121932,14.003884235778088)
(192.02131370988866,22.252237797366774)
(190.07400171446045,25.790637036022503)
(205.39691074645953,20.862812124356367)
(173.69317339129896,45.58657304929682)
(169.0893459810486,34.14659129453764)
(162.61953303772168,42.79926367883519)
(175.689775263995,42.66371282532805)
(180.3677238017491,47.59034536141405)
(177.6175980230172,36.22857897347495)
(187.9496794173167,57.6285726696882)
(174.72974604174954,54.592356866322575)
(203.23226110456068,41.77035162806939)
(195.36567242759668,37.544692405375486)
(201.45973826436727,41.85690404410312)
(189.19369741543971,33.774949144484424)
(207.29766413292214,60.9250007659129)
(238.6888128832387,7.389507972147058)
(224.27729160902732,32.57805309568215)
(221.19268835123154,33.54022597900544)
(236.0914024815512,30.57694777133571)
(230.90332343400894,37.86147012702486)
(221.9895767207272,43.26969227493785)
(238.45767191491905,38.881689246674)
(237.45308627672392,35.2886156700165)
(224.20506111559877,57.03307034327577)
(167.5959481932873,66.79395081469653)
(163.4694706997028,67.27052642886463)
(184.56517206288322,63.18091223089573)
(187.39315715449698,65.92485080718177)
(180.31654978566291,70.57537609611597)
(186.23154872645387,65.26908738486418)
(165.08838145430025,80.96753600288233)
(184.39111017872506,78.24467908492852)
(181.89352093211926,88.91502296412435)
(192.0220593927408,67.44247595853466)
(197.95975763882456,85.23126945507062)
(204.43965555715096,86.6741193601257)
(203.92376184093928,81.31415737894002)
(210.95332916281575,77.80980441629652)
(162.64247715434283,99.18502762106283)
(185.16412399856512,105.85472466756431)
(186.50573385133202,101.1209552013645)
(164.53742377193373,112.35214107525331)
(173.82869929642385,111.01275404829448)
(185.93336517621583,109.11666020009181)
(175.4799234509726,116.82072814932911)
(200.282314581361,100.27789051029285)
(211.20632807827087,93.04207120656528)
(199.472493587298,109.60127972832316)
(194.6322061211646,113.93898192057924)
(211.97462506960414,111.1799799897822)
(231.16380704184678,68.38666196334711)
(232.73095312833152,75.62986117083219)
(237.98087453562448,65.36783408171851)
(222.85594563677773,81.67499986600083)
(220.11997130992256,90.4078787230863)
(240.78723544401385,85.42441964589642)
(238.34109108356506,81.63264617754646)
(221.64187448083567,115.22437056514917)
(227.260769663185,117.46642791081473)
(224.54793738419352,118.85458041131744)
(50.93412985168908,130.34351190221855)
(43.4916102088103,121.52589941192761)
(50.42534093516613,150.1619266741074)
(61.059465214887126,138.59686798605486)
(83.2574759673584,130.17377373635065)
(81.57196676622846,132.5713675621614)
(82.02473381369094,128.39682213206945)
(98.3342217196585,132.3127948186518)
(99.69356661914344,134.51278409714126)
(79.3956175506089,146.5989042081403)
(78.72676846127996,145.54250012626363)
(49.98456748048625,154.67638622250252)
(48.521651339738696,152.18829092778338)
(70.29290710301248,150.95158662501018)
(61.88597966251473,164.03791472646276)
(63.3770130609758,151.73203401731627)
(57.38367551912242,165.86325121335074)
(57.090806935494555,172.94468642778168)
(57.710986773529555,174.8636294348944)
(72.51525233898354,160.9400086670036)
(79.06607325506133,160.52128508641607)
(74.6269613061402,162.634297030303)
(82.53566894687293,157.571889525693)
(86.53391028039471,151.02080437183605)
(87.3936824125372,152.92563758219057)
(99.37535192788818,162.14263474901173)
(98.2293318000545,158.26513949605487)
(77.43450272216893,173.02033169205492)
(75.7806463916792,177.01258391462386)
(102.8758441992606,130.65771990816722)
(113.48269087992145,137.66989678499232)
(130.43556364133798,144.75254629914798)
(129.8948067501271,148.25808682227478)
(128.68346390801997,147.34786077223583)
(132.27061744949654,122.52321732222805)
(133.0169685853764,148.5130258231676)
(149.78282184608221,138.65159440625825)
(115.36594412936756,150.6723330140046)
(113.99517443500758,164.25403715995446)
(108.33189654982789,179.19506065460047)
(130.69836826387592,153.65289444068242)
(155.70487499402117,158.6170718579475)
(153.02689408144636,151.81785719509537)
(132.5349575168196,166.65413660401407)
(131.19486552033726,171.95817115480628)
(145.97137639179087,174.86583561630653)
(50.63669432802541,189.71446698686395)
(65.52647849797742,193.4180917199722)
(63.05325056513027,187.4133328888675)
(67.20719715942727,186.72323472220256)
(71.26562018398064,193.91325269588071)
(51.22427562877337,201.30246877769957)
(71.54131315112181,196.20522370734085)
(93.26101278797137,183.96218195410387)
(95.95396283569818,183.605777328452)
(95.48775546199738,184.17077405598138)
(97.04245308382394,190.82610023656787)
(92.6267921200801,201.9311647465721)
(93.5909642962938,201.54230504957246)
(112.84097904341087,185.68758794920228)
(104.19117497099967,183.61322146160654)
(111.75445077615501,189.33598724619947)
(120.26884485194881,188.3223198129828)
(125.31175693757609,182.5382271097385)
(105.33264911436453,195.15169005649778)
(124.08793325452137,201.77616778610854)
(135.2180787265865,189.48056986319534)
(150.72948258491027,190.7191034135725)
(130.88531505024332,196.13024567703872)
(174.4331543232414,126.06076560538102)
(170.25626616979832,123.29521713157783)
(165.43675284424762,131.25675063262338)
(187.4805080453894,132.9933694260954)
(181.9655742765268,135.18132895776114)
(167.78813272837567,141.30727764130097)
(170.49601955686074,145.10382907451896)
(172.6126602951107,146.92237508990087)
(195.4716968480028,124.3515359882922)
(192.07607318562344,123.5071508338022)
(197.6446874908421,132.35458464556888)
(214.0801136837423,135.90562021161014)
(209.3209026234216,149.2139610504169)
(178.9450537274613,161.9168559989344)
(164.1745093294453,177.70965415720212)
(171.2903843944781,170.76966066232598)
(185.47387501648,165.65519248447941)
(183.56641025800667,172.6157981455545)
(184.87372627480596,166.05773130623533)
(195.40427728602918,155.67895695987875)
(193.59999036540194,157.3825609924404)
(191.27253894202113,165.3704806316257)
(193.14794168096563,171.85902781888694)
(192.80304294882103,176.7673524906662)
(210.065104466454,176.2005683377322)
(211.9596262030259,178.45893903694326)
(203.75404828886406,178.23411911458277)
(210.58433193582908,167.56116205650528)
(206.90603016138465,172.08388867029043)
(220.8128153543488,133.6195847685321)
(235.78715555401118,132.48493644067673)
(230.9212360324551,148.31207966154892)
(226.7449194160033,149.31431992969044)
(218.92466602729786,149.43583052671352)
(219.021956455829,164.61315652354813)
(239.7898439989159,160.06066876798906)
(237.65969721133501,162.41459302665083)
(173.56025261873646,192.28267215907374)
(203.41261651201694,181.71230360464563)
(192.75821345978483,180.69361215388835)
(197.5575421820007,191.8725104374215)
(194.51388021938112,188.91521975005026)
(215.5207479117803,189.0202231979979)
(209.45334242019987,200.14214129200656)
(208.6598383213224,197.42413053103155)
(231.43082163031733,189.64188568253957)
(231.40745360763208,185.60855297309968)
(222.45606118204142,180.25685258648429)
(240.65109975117525,185.20683122448816)
(237.88745517127165,186.00167674947602)
(229.31465586278853,195.6336658117956)
(224.06483302147228,195.21492241419162)

(390.50777120269623,223.53489966191347)
(392.8777739037954,216.84793154513517)
(390.41640351092593,229.06867053296037)
(393.20413253786404,225.90306746978536)
(390.54264186349417,237.8159977624063)
(436.7469862109891,150.4602689684614)
(419.7012722037083,159.8332789987444)
(418.9653209892806,161.92267552488522)
(395.2197439842573,179.4235609220491)
(407.41922561593674,173.52360408416467)
(428.31578212135844,158.72362709167828)
(427.6183131482527,152.6984962229074)
(425.4909833873379,152.0685784742195)
(439.70016792112756,159.9595877618175)
(450.3626514154146,163.75024602153485)
(427.5519650094037,165.48096758584097)
(501.7260722148983,149.74082272022594)
(462.2459366639182,164.4801208058077)
(480.5916152910436,160.90710242494515)
(462.5141361237204,166.74627623038668)
(454.96030468918127,170.1767883117181)
(467.8819619866749,166.58402747607437)
(486.751050131591,151.08818043168827)
(493.6545103038734,156.89878408364342)
(495.1522661745987,176.97165640400675)
(396.5751906950393,180.54391801916933)
(417.25665631580216,195.41037541776467)
(411.56196677134915,206.15694181904445)
(410.034019548987,198.70767707256618)
(419.2815328751773,196.00626547664461)
(434.0003255593383,185.78542852267424)
(436.0568650057295,183.08700501963585)
(431.6629225523103,198.1547040777396)
(429.30116978633157,201.20125231056312)
(398.4272326595311,219.33150149567268)
(416.2111996951488,237.7019682711317)
(410.5898307867963,230.83053610184652)
(426.3455793168721,210.67178831788328)
(424.62243458124567,228.2121921429187)
(446.3745725303056,229.84417566940294)
(453.27125745381306,203.58288969490195)
(476.6435929148879,202.52351068777136)
(490.9977579638538,190.63547051041724)
(487.4203715396924,192.8138301182081)
(506.72587119186596,182.70984518577302)
(490.072975258434,197.20180743658466)
(499.4117142342818,201.21045099785715)
(507.4114557974656,203.568478034135)
(499.9285940004868,200.3810452967877)
(463.6295943072347,212.4469309240792)
(459.1141675836966,209.62211561521735)
(457.0154577840425,232.12404575936273)
(452.2684025517988,228.0114177593453)
(456.10529126862707,226.52235040473283)
(477.6231097489605,227.69842908685968)
(476.43072513593324,225.01735933768038)
(478.9299367801067,230.23908651322034)
(477.5862856458658,227.62664016446746)
(484.8638258819169,209.1722743092929)
(504.1334777898777,220.72178048378515)
(486.8902937602219,232.1532247956174)
(490.45349694360846,227.15796553444812)
(487.7841743439342,226.77455326776493)
(495.0833255649783,233.65671289344573)
(389.60991808159736,269.2420863960665)
(393.0962512113233,313.86075624240414)
(391.87564127726046,316.33690556149327)
(390.00928081552655,334.3017816052792)
(392.7752097397235,337.3337560877096)
(390.7137183283632,344.724646110034)
(409.8909624073508,247.38554747624374)
(413.28188259447995,251.76572332586784)
(405.62902993829584,261.2925189433756)
(433.3508903522967,244.66160260528557)
(447.43026563449257,238.526598485396)
(438.71933550280903,251.09883747326433)
(438.5584348530655,252.67870546880982)
(445.35490060335474,247.41876583304656)
(424.3777529101676,267.3264868540779)
(436.967420986369,264.29803452082035)
(426.88146600737286,266.19921614822334)
(449.9803816093986,267.0424376037416)
(397.4346813974204,277.94823474466125)
(406.39779627767143,280.0485650731149)
(419.36484824790944,274.1554663360598)
(394.54463361652665,295.47412529612103)
(393.8131638491714,282.32288952326013)
(395.2436617700139,294.4459801203388)
(407.7987992356583,293.5705309929756)
(415.84218405154274,285.1704121640525)
(419.1389327191107,285.4019190413459)
(432.5747824215591,274.258568735974)
(436.4916062574007,269.42185003812466)
(433.80003488353134,273.10999979944023)
(425.7756570272328,278.55714618513787)
(447.0664673917137,279.1156217930611)
(428.49522882870417,294.9005200354381)
(433.89959438977587,286.2183675038968)
(423.74679576280334,285.26604004680576)
(427.7621405160022,292.8252010136341)
(432.7526102997192,288.94139624066423)
(441.10728454959053,289.0333491197566)
(451.3755631444626,288.0368556746961)
(442.19179660015834,296.05370035094177)
(467.76744591428997,251.85122801072401)
(480.2386473836127,254.96564566274503)
(467.34431338665195,254.17609735220702)
(471.5219094112516,257.3786240059813)
(471.86316288238095,265.8433686208954)
(485.2609582071493,249.77137821982774)
(494.32102741860376,246.24895072040556)
(485.07518459041466,250.6692249087136)
(509.83099006733937,245.79281179056687)
(498.99362993521515,240.87261530420238)
(483.27773920064226,261.7633386184113)
(482.93179396815117,260.09983911549017)
(482.0365965237128,263.2716376428323)
(484.45930890719796,257.7418377876835)
(502.47703570852605,257.872205373319)
(509.2852032355354,264.5353200172359)
(456.1782570938758,270.5561061056774)
(478.89683502377625,272.69305384929754)
(453.15250343002185,288.0014054173955)
(452.633942588825,295.1977166720395)
(453.70907826290113,290.0457854285728)
(492.8096816030627,277.9131161331394)
(506.20138391960666,279.8947691740634)
(486.2870778334824,289.8692544438237)
(484.77353283487696,292.3782798218695)
(495.86240163096977,288.92565933686234)
(492.4344349802527,296.5090783057485)
(506.22520059568694,292.26119482791444)
(497.01877968824397,285.0983431572645)
(508.81146361419337,294.42065933478955)
(411.2354476272549,323.38019257811123)
(418.112094723891,325.2115856244718)
(439.07424591227607,299.43133197476436)
(438.68885105255515,307.444986252313)
(424.98671660556647,313.2064973494822)
(426.1123931421739,320.1047514601462)
(426.0339144628248,316.70376716134587)
(433.9019094221204,325.90439042032483)
(400.9493585164435,340.0032986955982)
(400.948100891876,334.6860060696812)
(410.51391087917216,337.96826052657616)
(393.9903892013617,342.47942047537896)
(398.98278349979057,343.8842739044466)
(403.6555821592771,343.1533945539103)
(424.70150517112984,342.3531051863275)
(460.762151499623,299.99037628874703)
(452.4617704074201,299.9271684543336)
(457.82661153377114,301.560557751823)
(461.4475210136642,305.0098651893814)
(468.4123379657418,303.16771585090225)
(465.26515484251775,324.00345768884677)
(469.4240930927107,322.2346412703995)
(478.6099887927953,311.70815598432347)
(504.1457891288517,306.3025661276307)
(495.47185484162026,312.84298304820345)
(490.2767263093125,323.97864395807835)
(489.9075545148323,316.3718946495748)
(508.1197607742271,321.5568619102233)
(509.00783436713436,325.0402565928974)
(458.4037935046339,331.1565067792154)
(461.80559180540183,329.0171384917737)
(476.14663326554955,326.8409896224183)
(481.04724058416707,340.2835338576902)
(460.8540383379884,347.789194999492)
(458.19258782267093,347.1217909596886)
(490.7430040127465,332.17956646369225)
(496.10625373892276,337.955450765852)
(497.84414274165545,336.786003862552)
(556.383388105015,73.10461414915099)
(564.6784603805772,81.525084923451)
(567.7079293368251,82.38076529325477)
(565.4378076720861,104.39853927221421)
(547.1905115172748,112.43285637636063)
(557.7711320531869,114.36011986146414)
(561.8501392219642,110.75741835819736)
(593.2851168564317,70.60826331852368)
(595.4539703666696,87.54229266782536)
(591.591688712911,87.05938273595763)
(598.6685652251681,70.1745502341901)
(598.821029793955,83.49707210242457)
(576.0412049154095,92.52386115351317)
(591.6905100050828,94.69961633540856)
(570.3355149287427,108.36440362390769)
(582.5148173698386,113.2712046631053)
(570.6918814736451,107.41565576653684)
(574.3298247395941,109.33401065191055)
(585.2972142587606,107.44788543624466)
(588.6938445776982,107.23042588901856)
(596.3801431240643,118.61531524608077)
(626.2709825197649,105.87969801680006)
(616.1910686107259,97.93073213864736)
(625.4520863752832,92.75545592296942)
(613.614553225703,101.66624349186225)
(631.2411830875185,76.17821365403151)
(645.6293731503624,70.1967564602812)
(655.0650154099438,77.03067022554333)
(634.1834266170345,89.07629465026668)
(639.6614565406103,81.36390899468805)
(632.7990602974389,84.55133609280105)
(640.4826481659126,85.52052787169194)
(638.8641302825581,77.86201888701288)
(667.0798267910006,69.52489045815412)
(665.6494427705655,75.97158487004387)
(659.2288030117886,75.63335823967057)
(672.9453708919722,77.40541102960822)
(658.0832439410808,80.51832790850287)
(658.7859118728086,81.08618254468277)
(685.5808194396787,78.04413476092452)
(629.1408151148318,93.81683179296783)
(639.0364079679681,93.193484614108)
(646.977703195899,93.6327702180757)
(654.3161871456055,113.33452362952511)
(662.1894200053088,96.73939962127375)
(670.7024485056097,102.03271108428925)
(656.9102156070029,103.35111397233027)
(660.8534969970274,108.09069201755247)
(659.0610009450379,108.63395463250492)
(661.2609644858379,114.83897020524762)
(684.2243010110914,117.11320838371878)
(683.6211721949276,110.18237943037752)
(672.7462454051658,115.19388653412989)
(705.0773955187575,69.79121520755643)
(696.072137545989,87.02680993570033)
(734.0247807371228,69.7052570505711)
(723.3974222618033,89.91548998637438)
(728.3700733062742,82.30795843595308)
(716.9160074825948,80.45701636146205)
(728.5014440271376,77.99613110568436)
(729.14036204023,78.02589545803107)
(735.0449605596069,86.90066352518741)
(691.6293675887431,93.37113473555283)
(709.2186377608828,116.40338113466163)
(706.8526086488179,117.75187565393554)
(702.808499364807,106.79574759312632)
(701.9309677905535,107.26508558716131)
(722.375888529024,113.6595670207266)
(721.0584351417438,114.73872536067131)
(730.706832302916,120.15917675293093)
(548.4903169876878,133.15658484177126)
(568.3641040372207,132.40013966848574)
(540.6061715426019,150.51313219706327)
(560.1987113949749,146.11142139831878)
(556.0841397362269,143.19462110954288)
(556.0361059508306,136.3672665591473)
(524.2620950264333,156.30766275259214)
(536.1668762403391,157.23165697408126)
(521.1830713209665,177.6930986514389)
(549.0517707775513,152.79505672454775)
(546.5435597104006,159.47411301945596)
(549.3281453412569,154.5494221479591)
(560.244378518519,161.4688253058025)
(557.1945808844318,158.93670678230336)
(558.7987448820274,153.20169270041757)
(552.8332872879816,175.53621484270036)
(544.3921561338414,177.82376096039627)
(550.1100952903919,177.35914521630662)
(563.8580718895369,178.56557586563014)
(566.9655564881143,169.1695430377501)
(567.0635904344938,178.39871135699383)
(558.4558406278279,168.02692122970774)
(554.8119320909049,170.17259761598018)
(567.275309002911,174.9769810278704)
(570.824770482493,125.9470862136107)
(592.2891213342765,138.17864567421697)
(596.3943633135735,145.05186507225608)
(607.9457552333306,130.6111630737196)
(607.7047182971061,134.971082311477)
(611.2506549498609,133.86383074810539)
(627.0759689253177,132.77329512144632)
(614.5656245593298,125.0289616635344)
(611.3522361921089,136.1348479827284)
(613.1348384480847,144.00026498504042)
(572.8101469175638,150.6168289688936)
(587.0068578650664,157.10901853934212)
(569.5927806776657,169.13102342210948)
(614.0667601139835,154.08443518695722)
(606.7043037751909,172.95167395066915)
(600.6197696753868,171.40570685445977)
(609.5389563706855,178.25962661870375)
(623.4064413312256,175.36146697291292)
(534.072012143134,181.255625518525)
(523.1329494635224,204.6441898381364)
(511.05742599416783,205.15033935453613)
(534.1506202246021,206.0731297206769)
(546.3082691163496,185.89074467650363)
(540.6120595534425,181.66669768508626)
(548.9440073953515,187.80529116688962)
(553.1316864599108,182.6722941270374)
(556.6781176357294,181.1578555915558)
(565.0792321736349,189.91634880983446)
(547.0445836421668,196.13162122099897)
(547.327322468821,206.07804852333345)
(557.6145568617687,196.02111566571398)
(511.8365077808983,223.98581712473674)
(511.3963298513254,224.83893479918015)
(548.6238234422262,209.23971081618413)
(546.0013683647785,217.20788391192275)
(552.4488434214434,213.40524663312834)
(546.0969227959976,217.16205926815314)
(557.8337278761801,210.81991566434164)
(556.861417914201,210.64945308002552)
(563.021689005953,220.43916480902726)
(555.6158162418709,223.38688752898793)
(564.7823639308957,219.67036968505857)
(543.6648649250769,234.7827218033189)
(542.0676917799345,234.0085421835493)
(547.9753471298733,234.57836619910654)
(550.7545133349565,230.84769349249518)
(558.5799372687774,235.41334088297032)
(576.7059470799993,186.5167195116868)
(571.326318243033,190.44350907379925)
(596.4593415133959,194.05476731853463)
(584.9719030110693,193.12823620547442)
(587.07224918325,192.31610058512354)
(587.9205734932203,185.09918171651418)
(594.9084490917531,186.06735480874477)
(582.1761990682505,203.5827354126908)
(580.1882507301659,208.73473456128136)
(574.9488665766125,205.1644418120478)
(584.7994481174873,208.96942542562556)
(595.444175245746,201.0373900507268)
(584.7736337833028,199.7940593816943)
(584.0291290284208,205.31305944498035)
(590.3430085005658,206.35497044408731)
(604.8408190019023,192.74008660004972)
(612.4898961181583,180.50618462815578)
(623.2913996060802,182.26480637956013)
(615.7823208248991,179.95184914381178)
(608.7508559917185,204.8935243749861)
(621.6946530297997,205.28408116623)
(577.7180624475585,220.31019268913593)
(592.5978152037893,219.68379438504223)
(582.7876797116255,224.3798850580626)
(577.9212636736764,233.26153334434957)
(588.9755646199073,226.19377285435036)
(615.1597777868101,210.1088478005874)
(614.1771315159297,218.84755096398402)
(602.1481204776842,228.69437482984637)
(626.0047483082277,234.10256280932077)
(625.7676062799029,228.75978309638617)
(614.6847723177775,232.23930362442354)
(624.9282028791503,227.70594793373664)
(639.6147329329732,125.23931084418984)
(648.9815204602145,128.002239113973)
(656.1064458425587,126.47780327525268)
(630.4699346922962,136.57780443757167)
(645.0267408760968,147.75850152420387)
(669.7132687026126,126.36709687574938)
(665.9736555284388,145.3609181633366)
(660.9694447707369,146.15648009787284)
(659.3599300118542,148.3054172159436)
(657.4847592994388,143.96534556122356)
(682.0745235530608,146.57863338339916)
(634.20034399777,155.9776902051255)
(633.9988182072971,163.01671414386408)
(630.8139286223225,170.74191049921143)
(651.3855464315678,166.06700084459163)
(651.4923505111594,177.03774770843864)
(653.3847268650999,177.8856620179855)
(669.8641328565941,152.76513342926478)
(681.141663359478,162.71102873813896)
(672.9208854865146,154.253213994077)
(669.9751029515758,168.1785825190292)
(677.8194099885923,166.00255958918785)
(677.7383238486057,179.02151185591072)
(695.7834137045404,131.65975970019392)
(704.764426379822,134.20700345405743)
(710.5566955265876,129.24156491037132)
(705.1443943731839,141.68145972488895)
(712.7134239055131,138.91210536711722)
(743.5325474683482,131.34001057148103)
(741.3410660940444,131.49829360104732)
(736.0894204906788,130.40428914467591)
(739.7806076630555,121.4317980516139)
(715.3683055810828,143.0488408732114)
(705.2654339331355,155.4074084966997)
(710.7509312904655,161.09187416642453)
(692.567809557056,179.06461389322698)
(703.2954026915523,177.7178397445652)
(737.1256267604941,154.861774366313)
(731.8142893914978,158.18848937937082)
(730.4947530371012,165.4960373177695)
(639.5332649288848,187.51058995812588)
(653.329571842236,192.3340947009042)
(653.2174566818832,184.95958594396558)
(656.1972348398499,188.3235128509345)
(628.2548434195087,195.89349535171436)
(638.1687499667077,202.9129711243889)
(641.2877786717304,202.67187204547565)
(639.3258435945874,202.36094020858854)
(648.3928735696842,196.11651228527342)
(683.2562161083965,180.6278506664869)
(672.6554473443626,198.91038898447107)
(644.4864479701369,210.49270195940147)
(644.063387522714,215.2928865996921)
(639.0552262741217,234.7071915573987)
(636.1943715861158,233.50863808605936)
(650.7082973705682,225.75392522048617)
(670.270525853329,209.5313439363191)
(664.7952626661458,215.08921493183516)
(660.1217052252287,221.44211004066335)
(678.2639934654385,215.38870942598612)
(672.7554470599116,213.2516037803182)
(677.1183830442046,222.09906363522612)
(667.2243995661828,228.82546186551986)
(685.3852143415259,231.12424275435342)
(688.9489198708362,182.81091183013064)
(690.0292659860014,192.3197771552567)
(695.2205081719198,207.58787832939834)
(705.9927761843348,201.1638249030765)
(725.0592536840392,182.7691122927746)
(739.7425127348976,180.22569600875863)
(728.2224277488851,199.25374270880906)
(700.9513703851579,219.81238432121313)
(707.3698116393309,221.34412048647619)
(702.1661643207675,224.72022162366227)
(704.9043264662076,237.74367516771213)
(724.03399722877,210.66412889283117)
(718.291392794801,212.6702569323976)
(728.3861030269071,223.20905813700335)
(731.834101111184,214.70873125934293)
(725.9112592101708,233.19531250837855)
(718.3340209495796,227.95762264832354)
(735.7400914120572,233.27250226247878)
(744.1678922580421,235.45836743080633)
(733.9635301605119,230.5467562240774)
(738.9503071557501,226.0212874500641)
(744.5848320398252,123.81940889616473)
(744.4064019847914,139.25229072376374)
(539.0286515376727,246.38100825621888)
(534.4843615546699,261.04067838123086)
(530.2785077117754,261.6402873894817)
(548.839047804496,252.09557466951674)
(549.8676781127076,241.58540711289095)
(543.6362405927696,245.67160014353192)
(544.9654423252382,246.58074774046156)
(558.8059350242938,243.99061008996603)
(562.5672201503776,249.58129130000174)
(561.8405654367617,248.64122914821792)
(556.3201715427085,239.13669935198618)
(556.6449958620365,243.6413400145649)
(546.1771857091595,261.60048340980507)
(551.0090411827618,260.31846581774766)
(549.5493896979771,266.82871461976924)
(550.1441956410722,263.30720692296035)
(567.358525166763,266.53910673471717)
(555.7981573489533,263.6530895348758)
(533.3903234976224,277.50235508273954)
(539.5406478387058,272.3622744872117)
(513.9373850255545,289.8649955414668)
(516.1675141429112,287.0906738962778)
(535.9586830392175,290.9683274111611)
(527.9539243744696,283.81566476349616)
(553.301750423786,272.9012557204018)
(553.0063856647287,279.5090907843017)
(541.5983867305979,273.4826139776625)
(542.7566609119065,286.66314592124013)
(547.2306702667206,289.40376955627255)
(564.7891552258078,290.9395848349534)
(581.8911894379025,249.74207677708614)
(577.5148612847601,247.83953027965532)
(581.0379507553881,247.87810963976415)
(581.5158778491415,245.90054269926566)
(587.5169837840144,250.71346095280336)
(587.6753289734772,242.5899027762091)
(583.8213380529971,252.77755210374136)
(594.7719415607411,246.27360534878608)
(581.9089998448868,264.5081442324008)
(569.5231419393481,263.7478209817864)
(573.9417720836997,261.96747504732326)
(580.7657486281487,256.7322686296588)
(609.3196297459216,239.46479569308178)
(623.8958050031179,243.15426147251583)
(599.8349578079483,267.3512160635819)
(579.3276665119309,267.4920829906889)
(569.488849882069,294.5110461886211)
(588.8625924140931,291.65484037367156)
(587.2547379042974,289.3492557776059)
(587.277144733034,293.62121772711725)
(513.796701056628,310.01978636948286)
(514.5187521098023,297.4152676709687)
(535.3505849932626,303.1317020404564)
(531.4127961117549,301.53833652639884)
(515.0265300460246,320.45927095496324)
(514.0108318049631,319.1876510043476)
(549.9499693830805,304.02653926135383)
(563.0869480146348,316.7480016131376)
(557.2516506894544,320.24982854020146)
(523.4394013617116,332.8293771728348)
(514.3521920979668,341.62281525904916)
(538.1003851321959,340.85642075240645)
(534.9050151608174,345.7101561474817)
(554.5202030261121,338.166962056623)
(558.7906752649596,327.3030853522052)
(561.5573533434117,326.3966882877454)
(557.1819128078315,343.459620726004)
(580.1682135381445,306.2137509808813)
(581.8166373740553,304.38248170711864)
(578.524896870574,302.6776516997236)
(589.4973182568741,304.07828447229656)
(575.3188929186665,324.02484627143997)
(570.2087844863075,325.40487622749816)
(575.6019902505584,321.4627922217095)
(587.6092117333155,319.4868748730223)
(570.2114625346783,328.07379925942155)
(589.5055283314484,343.8389755087056)
(636.0499082566813,251.30091039374986)
(627.7097214747996,241.26752442377114)
(636.9667822313347,241.46568691489045)
(641.5906245815577,238.8723640703596)
(655.0543286267041,244.7952746215052)
(634.3716378797502,253.88157073183152)
(642.2269183202806,253.25369911453328)
(647.7709486976523,265.78087521177224)
(650.3731210885358,265.4624409606247)
(652.3022334819727,258.80174117490094)
(683.498551938677,246.99565187743383)
(669.9738280150726,264.22104066603913)
(679.9184190571034,261.575026741086)
(676.0000047960534,263.52392888527515)
(685.3601877575069,261.9154672418802)
(681.9115138094721,269.0570188146436)
(711.9570337297349,244.6986037773902)
(704.9498719149599,251.37270877331196)
(705.6725703684856,245.267103835331)
(701.5788317462816,255.13834223740548)
(731.8892385846514,243.65278556035742)
(731.0534292413294,250.79641583467816)
(741.2923243974356,242.25118275097645)
(736.971552954642,250.6956807946566)
(731.2470649115313,250.52922706881344)
(728.6706260811387,267.35767458483906)
(726.0151912861629,261.31625876027886)
(734.965976403666,258.7597518587906)
(697.8228092507538,267.7100487728648)

(118.3266988184339,437.03792735800016)
(151.73069628128178,436.6215357021157)
(146.67849544018657,435.7830888358004)
(123.88159256069258,453.39704494544276)
(122.47733966685888,462.00153075912056)
(129.59066816023247,462.16786943138175)
(142.73315206418937,445.1714794293059)
(134.3404855478924,456.6791481763619)
(131.46514817770012,447.2487864801394)
(149.7678124891196,443.20021436085733)
(153.333344245969,454.58970853737765)
(136.6170576254519,463.80669506352774)
(137.364568268433,459.08606406604986)
(147.2342361278261,471.74029158778603)
(166.36912314777732,442.37773464924214)
(201.03495811087885,436.7990472293757)
(198.7697780640196,438.3090863844076)
(193.15474496748732,436.7318156815793)
(170.81596992796403,456.99505055968154)
(177.40345949799348,453.6387229148952)
(174.77060619044732,447.10546852466393)
(179.71249228617188,452.1721057636448)
(184.5293015759135,456.4205650245427)
(174.78221657796757,447.59574679075615)
(182.8453894906395,469.9885775062919)
(180.81362818216314,470.5040463328635)
(191.07015864263224,452.5770282836696)
(200.2640900422208,453.6543084891873)
(203.57402263855954,451.9904319089536)
(214.18407908517747,455.55435987156704)
(234.282006649486,441.8725829583973)
(258.6711441384841,440.62618701726433)
(254.00875205126442,439.05190991573477)
(273.80686555142404,439.14968486038686)
(226.3287745879394,449.33314278557293)
(232.167282702318,454.59618448739957)
(225.5500698652378,457.62953783544367)
(219.36322232576504,471.4489767934058)
(236.07795949247168,457.9291894991326)
(253.60383122611063,447.3347578305377)
(266.2655391117374,449.0335277183658)
(265.4514570646503,443.9962706031821)
(270.44490800204704,443.2499275362833)
(262.01165500793604,458.4413877106157)
(262.2724933988992,464.1938741796374)
(266.3330859420331,458.373653085549)
(272.5800375109543,471.2101184232886)
(304.1914639703203,438.46899395580783)
(314.133225869145,440.086485529436)
(286.2314369884525,452.76279312749466)
(290.7999225141558,446.7863355753577)
(292.5469986641664,453.1227587593012)
(297.9379768750587,449.27638412935335)
(293.28996909299144,443.1532278920064)
(289.69457347700177,468.5433465163255)
(280.13709900622325,463.96287759010863)
(315.839572095742,443.6485020723205)
(306.6022277144557,469.1650361485521)
(315.8432108118649,464.78365785361416)
(129.89332392531819,480.7526955781003)
(124.69625581212395,488.19971929671135)
(119.94449801889544,496.7533578179723)
(144.86852602059204,474.49019446391435)
(142.9545541287755,479.8366621554426)
(146.81272494751738,475.23732196601463)
(144.15108067207498,491.44594137653246)
(158.53910920034411,491.4827885132652)
(120.12765728085233,508.4127545942599)
(128.01494527549738,516.9913114272765)
(119.40237756994091,526.7344998757819)
(121.77744343999086,517.9168578696043)
(119.70859887112218,525.7356699662286)
(135.75837845395793,509.42417615554234)
(134.72756044957242,503.72309043906205)
(136.96719032348517,516.5090329295899)
(139.66880420580526,528.1918670687904)
(153.9634950845036,525.4133899338535)
(152.40542489157798,516.1532489651142)
(125.78428209553599,547.9995139174252)
(124.77338705025525,558.5220196030589)
(131.30705789816366,531.9293493813144)
(142.31075687115202,541.7809588057962)
(145.03310581208873,544.501582208396)
(156.89010420030786,543.5746922362574)
(144.99191417349263,553.6230394298277)
(157.84707233048312,557.5010995353747)
(154.0666726652667,553.8495952368346)
(118.91581218339371,571.0960072466871)
(130.72899847571395,566.662790361455)
(131.927307600165,571.6725625784716)
(150.42883575427123,566.583674425296)
(134.92203513317253,574.9321386249446)
(145.7942048622469,581.528735079935)
(181.46503315176386,495.62965511760206)
(196.06867844665732,479.2150088720298)
(212.17350199634222,485.0970313495832)
(216.49320092841134,482.0007359203171)
(171.51506076992166,512.6512647119911)
(162.27427237730063,511.1028144831224)
(186.16924784883076,505.97221643238254)
(177.47374952168565,511.3969955639425)
(179.348198602337,503.24819838764347)
(183.28878096047225,517.5689331925105)
(197.13439930472867,508.05755256480415)
(213.30344502277978,502.95440851667126)
(200.66003119976648,524.5278441828073)
(215.35142316427516,529.8299985015736)
(228.6197194737855,481.0869480019559)
(223.40346153406603,479.72955911165286)
(221.02262386703842,479.34030377528995)
(232.36269648205905,496.06023821774374)
(238.43208481914576,500.84441090872645)
(254.55388461135772,481.35265930083926)
(250.31955982362706,474.28324941006895)
(274.3845053140751,474.6300839608509)
(265.99681236354445,483.76504119985657)
(271.7145704447643,485.5278727630907)
(259.0620348192423,500.71809775372003)
(249.85382515660024,493.4261537869353)
(251.44632484178737,492.81903105917877)
(264.204925661281,493.3323067235866)
(220.5343346519046,509.5389607585729)
(230.52706386316453,522.8172270634349)
(245.9190880431927,516.677103506318)
(255.49351045540448,508.8811747038819)
(248.5134669920463,501.79851719807505)
(258.2665808706431,509.6182610650802)
(272.6556676968428,514.2854769895011)
(271.4820609267685,501.91371355726847)
(265.73441918741617,509.2447906820339)
(252.93372796297427,515.9177359028996)
(258.1320094992053,522.3838972182006)
(162.65509856203823,533.2187895247013)
(163.21962202160256,540.5107001333491)
(184.32702287010875,544.9189145521676)
(179.21882054902227,534.4791870750227)
(187.47152893546763,537.8168518042933)
(170.53386339212278,553.1005041157196)
(175.45866901674253,551.2420284318505)
(185.71044442134735,548.9344690207784)
(201.26036440417238,544.5766444008761)
(213.8520631246825,538.5204821290257)
(210.01079879945888,538.4934441818232)
(216.0897865803169,532.3980762329223)
(214.35741524163853,540.0334435058007)
(211.6789216792056,545.9067636737722)
(208.31197000491215,556.4161753020041)
(169.6346493550285,565.2858934311746)
(160.3370469889682,563.8709729089967)
(172.9457603783631,561.0643489267462)
(181.7384186001637,561.7806233741773)
(167.86525354742224,587.1269870766195)
(176.24247808725602,577.9549887198714)
(186.15167106033806,583.0940717645791)
(202.88581869968039,567.2919855249861)
(197.34563101283385,572.8626887978551)
(195.21857575941863,564.6237389025057)
(195.66338321656406,563.2558395777176)
(208.42690080257387,559.8734438925344)
(209.1553783558124,562.1665613974224)
(192.26573971924176,584.9783227634482)
(190.95401178714013,588.0982989988511)
(205.15627898129344,588.1974371326894)
(211.585934140963,576.5278006403857)
(223.18419652098953,544.8491501882824)
(230.52984148763016,535.7806976588848)
(247.27159548592397,533.2499769496641)
(244.24929028456506,548.2526444641821)
(235.41097180020404,553.5640885703939)
(259.99422941651835,533.008693388498)
(254.7119560400712,543.3481036864036)
(260.7904406248941,536.641743387469)
(273.17651709807427,543.9856344675308)
(276.61466811201944,541.2180830997651)
(260.7309390837531,555.3074636659217)
(254.74532694355827,547.2745683145841)
(231.72656511450202,571.8901076337562)
(238.90083542507568,567.674068274321)
(221.2525114920884,583.2469335972021)
(225.81984472499164,582.3874855455003)
(247.40558903596576,583.3297518105527)
(261.4597948598855,561.6372765150359)
(255.7812305128753,566.4721621821593)
(256.03490819229876,587.006468437618)
(272.7649950099626,584.1114054029889)
(268.8370373029938,582.5837197472097)
(273.1461417539207,585.2840811143724)
(119.2213736500261,612.313827115618)
(131.37666121837353,593.37705008083)
(146.51940961326295,590.7714446165226)
(144.25718972830458,618.063586366996)
(154.96071951816714,604.1558914019707)
(127.6795270790085,628.4694216797922)
(127.4001266787682,630.2653094532884)
(138.91861440006792,628.147353530989)
(147.1173816910555,628.8202863739765)
(155.52089605583245,623.3524544807698)
(186.72216174055666,591.7033752704475)
(185.29343719694856,601.7550962647426)
(173.83463504190166,613.7167516780067)
(163.20666585749433,617.4401357708048)
(178.34143669060097,607.6273164906246)
(189.39663816132406,593.5656658579342)
(207.3616497171567,600.2265515819784)
(191.4542075404667,606.9387708780132)
(209.53688922880968,608.6095919904125)
(164.91123362673636,620.5871402268253)
(160.26183922053104,630.4143179789464)
(164.1550819195033,625.6295203391469)
(178.04297092154923,631.5490341831593)
(179.33544077683143,619.2579172538127)
(164.3973455652299,633.420053332067)
(191.81269786245116,619.4383499008104)
(211.9020916320738,630.2114043416871)
(209.54176541795607,630.0362590465883)
(232.0766064257656,601.0049992302398)
(221.73501215624992,591.9737115780322)
(225.97289952156058,590.3968137620345)
(238.17185192843948,594.5905703646376)
(239.6249340776257,600.8052291471871)
(239.88835035650544,597.08552326522)
(233.45015630518873,601.3150035126183)
(238.9606351513429,599.243588867984)
(239.75795150667358,595.4367165808054)
(244.3959927989256,599.1933506101948)
(232.4554575286204,608.729930188874)
(242.0279321270632,617.023376474204)
(241.2133327944893,611.9592965434592)
(236.90125658167136,615.5930686555876)
(243.7413967829333,610.4315708267108)
(242.79750505487976,604.1699107228227)
(254.24517394851216,596.9027357660544)
(252.4543459926919,590.3335685690619)
(264.4257425733343,591.5458777279218)
(269.59718706824833,602.2251626606273)
(259.85441707707355,603.9823601810292)
(253.40326851351477,605.2488765463846)
(258.8104965930184,609.6260651166806)
(247.82149419648385,617.2078960953946)
(248.64244566178894,607.6435342822779)
(271.56965311726185,607.2688850660157)
(269.2935633041862,609.3041089429718)
(270.46479184822067,612.7416222093104)
(273.78066114633344,616.9477343292903)
(241.2590542267335,622.269648001698)
(244.8075215358914,643.0690238326431)
(240.8112761171925,633.7409633940825)
(243.28052981603508,641.9130945366428)
(259.5385830840058,620.4916862064097)
(248.13165947700372,631.4888942740484)
(267.4328534520449,618.9737603457879)
(266.77900114695916,619.6810815553688)
(265.33952320819844,628.4234792654003)
(256.23246436674685,643.3939875427557)
(249.8476876711843,643.2098947329844)
(241.9614906218501,656.902600295231)
(241.452163988398,659.4370687468161)
(271.9093363107107,656.0626470015676)
(265.6074856387797,660.4690941722677)
(267.83736756847634,655.8423250741679)
(254.3051615033458,673.8463917893257)
(269.6343020033813,669.27348045671)
(241.33988438372126,679.1214788550018)
(247.84339155172853,687.9454556020747)
(256.95284712942083,679.7456393093911)
(275.7628844342598,678.0233137785997)
(271.32546561132574,679.9459693062502)
(249.28885389698735,697.0541781251239)
(258.2599038228461,691.4544541177069)
(274.0352475818943,692.2500815681642)
(279.67639393180576,473.8642127498848)
(280.5049324448473,479.2730763484511)
(277.420819818158,474.53289630946495)
(298.81781526813,480.4024542602016)
(295.94403101708906,479.72418646632934)
(286.046437307978,488.5979686010321)
(299.31294974257946,491.4137692447532)
(292.26009373876263,499.9763351908482)
(298.4841642712896,495.33329172207436)
(292.23222362502077,488.2484200524324)
(313.3734033123098,472.51749060738246)
(308.94364817231406,494.1478766549676)
(287.04934260032303,505.7900417565688)
(280.33885492933524,505.7278568708201)
(278.93268466472284,515.6771814192871)
(279.67486138871845,530.2590488839236)
(304.437033815269,516.1126693539074)
(301.0867457223794,526.511255519493)
(307.91116837911045,509.7300103269222)
(282.2735459849664,542.1565495568041)
(290.24191473490373,542.5348846148885)
(292.3206854288285,531.7282165666896)
(282.09230136071875,545.5731377980942)
(295.56015889864227,558.190983121226)
(313.249077943702,540.5363591147927)
(309.96521727846005,555.2059432155872)
(307.2900186800641,546.991941282421)
(281.24811336883437,574.0197227158526)
(278.948301175884,569.6165496629843)
(279.19293824288974,574.2391071292388)
(281.71913628744755,562.4789939842155)
(278.1523373018523,569.7455981493544)
(291.2556318366915,567.9421445529746)
(292.1021773783741,564.8936922384885)
(278.53130431818033,579.6059106206137)
(280.1765777116278,582.5163718265002)
(294.7464438599851,587.3649902224656)
(305.28128806349133,588.4716012697914)
(310.76612899985986,567.0428405996414)
(307.5692204712959,564.6723771872112)
(312.4969563008818,572.0216263792669)
(309.66981041548,588.5917615604944)
(312.0890626882552,583.700674542414)
(306.29086604341967,585.261099026028)
(415.65762562299733,588.6716477569697)
(300.359555290288,601.5970436895652)
(304.4698567985091,599.3053730651202)
(294.84393044341766,589.3800691645357)
(290.81318895397715,614.0862152682105)
(291.40866865055716,604.2378713312651)
(302.92261060890553,610.0283828023182)
(310.01439937122797,597.4517215870972)
(306.0272677268188,590.6215316464868)
(307.3517128101158,594.2964962532494)
(329.8875151107825,601.7719137505264)
(310.0255711796393,610.1075860778511)
(310.05845371738206,609.4467311094647)
(308.25475985936316,603.9440316099249)
(329.7832424428183,604.3722167066389)
(279.00660965013117,621.2441360275806)
(302.24242265959936,626.2417732994104)
(295.0518097211625,625.8878707855079)
(294.1717747992002,627.1398966720902)
(305.6173394686607,630.5370053808033)
(282.293069151863,633.1763919027491)
(281.707920947253,634.7055121052827)
(291.23058503266435,633.7944907449636)
(297.8909901593077,633.4324357634176)
(313.6172932423295,625.4898757811759)
(328.27973328641764,619.2519438726205)
(328.1537598529623,630.859835898421)
(334.5383158953033,643.6239914467283)
(342.8055539372465,589.0453379473701)
(343.25409865132156,605.8322525282643)
(345.7205156977874,611.3155052602185)
(364.82367090657743,590.21214489387)
(370.97259124581234,603.3032757701744)
(382.744213430835,594.2375265782023)
(386.9738412627852,597.4769809729862)
(390.649006947207,592.043172182693)
(374.86450488628964,605.7107377321632)
(387.3068768521458,615.5008918263435)
(368.3125303337707,618.1875860387186)
(382.39943681258774,625.3448772562367)
(376.3803414472232,640.0498415406446)
(366.3413694622865,646.803709169739)
(290.66494118345895,660.8773171915677)
(290.1372737518994,668.3719441012498)
(300.6887064618852,663.3794629386123)
(306.50619944495065,653.5228683532063)
(312.4391472656081,675.9698663294948)
(326.1275973777082,675.1454493709214)
(323.91542736169123,663.2555654093667)
(277.1652401443738,685.7371696379607)
(304.98208658196677,677.1870823004211)
(284.16680447427126,698.4301318884449)
(291.16404991485484,698.6218529522896)
(329.60662595544113,683.2264367256715)
(320.72511165704793,703.7062957954573)
(340.0797504617307,658.2903617730552)
(337.40283099928024,654.9848671569733)
(351.1357260020521,661.1279207743082)
(343.7467805831466,663.7584962089079)
(353.98264412354314,675.2181393764916)
(357.8766276531896,668.4156756580671)
(374.44339405344283,660.8974259574526)
(384.6901494270482,654.7345232037069)
(365.12362784358146,665.730404647391)
(368.912690915549,674.79722815421)
(365.69848875247163,672.3551835668193)
(373.0043497667716,664.3441661504072)
(386.6384669246484,674.0502652358942)
(386.4074843614816,668.2988539631804)
(387.1730100768253,667.3719373078086)
(348.6116705672807,685.9890371781986)
(355.1621206261151,686.9192566014979)
(360.1337349673304,682.8858243135284)
(339.0813481552074,695.2823240998932)
(343.4346498657118,705.593428747713)
(348.09111968682043,692.5059255586577)
(349.86349729819676,696.441254646819)
(350.6731291806498,694.3591690952974)
(382.5156491754327,686.8950683697769)
(375.95019578198,702.693571036275)
(372.9746642412616,695.1562416860824)
(400.61006462163743,601.9888859860084)
(409.6342362500824,602.0207186427164)
(418.72471146446173,589.9466033376881)
(414.54127908121745,599.5346555430104)
(407.52917686975593,613.7689212545754)
(401.1997472949689,603.957091583262)
(419.19518201547896,613.2064834718985)
(416.9107512494611,609.4171339738065)
(437.3649693691193,597.7257835918615)
(436.25363596772536,590.8664152283643)
(424.4453748906535,597.3682946398147)
(429.2038349525245,603.8759371216448)
(436.55099566322247,609.114755634407)
(421.3300190334634,620.2147419162862)
(415.9391529272564,635.7090537803061)
(420.83482787230764,645.3928613950625)
(422.60313969913693,643.6691487416447)
(429.96787791347333,622.0507362610409)
(425.1329918476522,624.7728580084779)
(394.9075703296474,650.6899499042038)
(398.9766772179252,655.5464748752363)
(410.5215588664406,653.1701905973763)
(418.493443255755,660.7694969085977)
(415.6466642678349,651.2998529213436)
(398.9209561626534,670.6517663976329)
(421.48359897929504,662.796406106912)
(413.5385552692569,666.7207805126075)
(415.13820839339087,662.0619339502714)
(431.3951597293892,655.5557215823992)
(435.38878336074276,659.7028300491131)
(423.6410412470317,656.050050607878)
(438.54624769866234,650.9748015888877)
(434.3949707384036,670.9497897406947)
(404.9867805143786,681.4721508632416)
(399.9095413801099,686.2682278237968)
(402.5414562085156,685.80549643731)
(415.4860827976473,685.6897760002116)
(415.91855326565985,689.1294679842413)
(420.70348420321886,689.5246317206036)
(418.9251089427646,685.044064764641)
(415.8178828116238,696.973297767589)
(409.2570772240477,703.0723027933961)
(411.129424801042,701.0476258456094)
(423.53839047687075,689.3656326814421)
(429.17109677348094,676.6464618359869)
(435.42828190634714,690.3594538591901)
(424.43017449645276,697.3730904483532)
(430.79285397985007,693.4417121711169)
(180.40786806553587,753.4031191217623)
(202.68005627182845,747.9404992518132)
(196.5457966368752,764.0589824961095)
(189.35426725748084,763.3405896864859)
(197.16855440280204,759.7406514348012)
(214.99301255598857,758.0390162977752)
(244.07056992634523,705.8953050385092)
(253.2048394263552,707.8034857892917)
(269.5191399626237,720.1519774355154)
(265.9756660592043,713.8837880254823)
(259.1918475598288,727.9656188306774)
(276.45326661554054,733.7222801588683)
(219.63816227159413,746.3513988817211)
(240.02109642909375,755.2072018127996)
(246.0640381621568,754.042915819213)
(251.91127133745317,746.0328773207543)
(261.04814218093475,748.5974063966588)
(258.6659098739788,736.2047677595481)
(270.33400591280946,746.781222498164)
(271.18130794305034,750.77019005906)
(270.11657458402465,758.3451216272007)
(166.88553736790436,773.3827447807371)
(168.30525170242453,781.2120151514761)
(177.42658617223253,785.6876714713325)
(188.62159551896082,782.0155763232991)
(189.87317361462345,768.2077618419094)
(216.43560190672423,777.9582614928571)
(218.21403511728818,777.7608167887341)
(205.81424715318917,769.5158469850189)
(198.99352197497882,779.9828997184991)
(189.4893657208214,781.6089611549653)
(210.73791310835543,791.5329598914053)
(215.77488112743936,788.8363319058393)
(217.59247188639978,787.0459349977699)
(204.33263113284988,785.0156112542409)
(168.09867771732758,794.4314508405043)
(169.16102634612236,794.1554134402144)
(188.85868946609958,798.2204962862493)
(187.15390157455,814.677241214198)
(189.188707823862,795.1511666693872)
(215.84136419159637,794.5427762604318)
(210.45163861341462,803.5948059613503)
(191.29979030107756,822.5892690671161)
(194.89237223934464,815.3394213263635)
(204.94555813279806,816.046897530551)
(213.39859553528743,815.322450715937)
(208.54475745773345,816.8292495671507)
(208.06995609026416,815.774025351449)
(211.4219550767852,812.1964473068701)
(240.1119331600189,772.3792917025592)
(237.54166222035622,774.4304331337593)
(229.0771681736088,789.8658324804512)
(225.67766054734898,786.097250665396)
(230.49371458164615,788.4464348955427)
(230.34838847272977,792.7159311079872)
(244.33476381666344,786.7586294517816)
(259.14810897503395,767.8244210959465)
(256.7712622356328,769.9303406078103)
(248.4263894879636,769.150116066005)
(257.1821466146429,778.863881940803)
(262.37283910167406,770.9805908464156)
(265.53122681698613,770.7816954124374)
(249.42572265056788,785.9810197172068)
(250.31960418952576,778.95102975255)
(260.18258013259094,790.5395290722074)
(251.95120332289952,784.012628315836)
(258.6610136737256,789.7240282198885)
(266.1516465762471,779.85983959944)
(263.640697193858,787.7785490427461)
(227.59404015954772,794.5808604967402)
(233.8702824730887,802.3569394621243)
(233.05409464944967,802.2952486084386)
(244.41806813492866,812.1793833342174)
(261.95258770299745,800.1368714819889)
(263.36869096737723,803.402410775659)
(264.80248026110706,805.8913656075883)
(274.91385129321526,794.1658812292922)
(260.5651290900279,815.9152326131303)
(254.2913656215469,819.1348432553237)
(249.96245489465548,808.3981203925108)
(263.75895043334026,819.9251161451708)
(181.05461043417625,828.2051799188476)
(188.48695854684382,834.0500206243928)
(184.40716089711668,826.0484671763285)
(183.49605303286074,838.6490753914028)
(182.99773381942407,845.6198255900385)
(174.8628003797939,839.3629215692262)
(202.93328952964998,826.3735721674508)
(200.98912753992528,828.7019354253555)
(210.92329014257632,832.7237929864149)
(207.83334599524915,832.4745200758664)
(201.13406923722596,837.5912498429722)
(203.53441136711683,841.6925867513347)
(202.44234106947533,845.2571715936804)
(217.10465585306815,842.6926396055619)
(167.86025634975402,872.5084399977442)
(166.78878675051675,872.1876207387304)
(179.9282932424299,871.7701680958146)
(193.0305642863956,852.923880517731)
(216.12819544447785,866.4601192102929)
(209.57232447126557,862.7026007428958)
(193.52222363323978,871.4006488862731)
(226.49965292092372,828.1162928943851)
(220.6556278541786,833.406332897371)
(244.88322296889572,829.3671745392822)
(244.9670397709616,831.3290701316788)
(233.82286736062713,844.6620910370752)
(237.79888200203834,845.9491176925144)
(237.70829052236252,847.5430513340821)
(249.0063618957463,830.9916315995006)
(271.1893915700597,833.5747356772628)
(266.4883993760976,842.7961241107538)
(232.3457348714801,863.9817332270975)
(243.15403541983085,860.1708363755068)
(222.58625113820528,878.725806037476)
(229.65464867255582,878.6318306050043)
(240.94425579022663,874.8195454085203)
(233.02742154535144,874.6250947615335)
(241.46252544722455,872.7315838269321)
(248.50413178912538,860.6417209921583)
(252.6470349059823,856.4753670283178)
(272.5579069608325,854.3981340911624)
(255.77061212832666,878.8469695431966)
(270.51375158235965,877.6913702612788)
(172.52579263135016,907.4388290733737)
(184.67866138376758,905.8963111730088)
(186.5911615985122,899.8610130735052)
(199.90080710424854,894.829049896465)
(201.06871503813602,883.9175055072475)
(216.7628982403508,889.9549676895303)
(203.92696813633012,892.2628145721443)
(197.25419227683966,908.2690207857784)
(206.78503671962767,896.6862869287731)
(209.70238561836686,899.4660248103473)
(206.4508445052967,900.6536851246954)
(204.33951228077797,900.306592564627)
(179.6641583981139,923.0031486401019)
(175.9244569264493,911.07906464964)
(172.82482870799453,933.2278796736505)
(176.7577684549051,930.0741689356282)
(176.43178486717125,935.9772777289145)
(190.39426191854818,914.8157382403406)
(200.56567612027817,918.6486027696808)
(201.82754681481822,911.434698416211)
(207.26729450909136,916.4004610170812)
(211.09172278646946,914.9577150591263)
(208.04025742600282,921.6004843063245)
(206.1217490071774,919.5993638199318)
(220.94188931842876,881.3670478890342)
(227.9075061397869,881.9609702708083)
(236.72075993375267,884.3319688019558)
(235.51662856650404,887.1855722281144)
(231.16403467879434,901.4950386126122)
(228.4395244642775,897.2611659580525)
(244.54223960406534,907.6837093662909)
(246.32938672642285,910.3610197041262)
(234.3839167618928,905.7989564190393)
(248.98905553957343,889.8350288802758)
(276.5118057271104,884.1113936848864)
(267.1868671123289,887.1150072457133)
(273.9467296237717,905.1104325621006)
(224.4342805599568,910.4987713452081)
(244.24069799141012,913.127203968763)
(221.76988320699058,933.9197029369286)
(234.86726251528364,930.7439017134695)
(262.78789147006984,922.812679992541)
(263.8368215863126,912.6692566944539)
(263.34760535242117,911.227167109473)
(268.13169178913324,922.2789442487463)
(273.26059232708633,924.1806515383107)
(250.03731151874535,925.4931287544125)
(256.4473079511761,932.6215248483763)
(260.51186996199556,938.4621376213233)
(249.2939274097896,938.6847982357963)
(272.89274363038396,928.823695874011)
(288.5339799924012,715.2805556218003)
(279.4189500663392,714.6461408553438)
(278.73483436867957,731.3063115572488)
(285.1019140812745,724.6052072611213)
(310.28644675425744,708.2175294214151)
(307.15136931753295,712.2795419106994)
(325.21091497469877,718.9193224453309)
(329.2874837859518,723.1041578614713)
(288.37118471935116,746.4059392569527)
(284.02391075629737,738.074362577669)
(277.56968611792905,747.0235110511776)
(298.63964159812184,740.5467599894007)
(288.549554765785,751.1719868125627)
(289.9572320710857,752.6960408442056)
(282.77317800188155,752.1459539715291)
(280.1707445392097,753.7134328147142)
(314.30163298462327,743.4597999259441)
(314.46105347346816,741.1578187758352)
(332.0443722820522,735.9799974167247)
(333.2901685254269,744.8815231209467)
(334.9179336850247,743.7524364000906)
(324.11069289575744,748.7039255964834)
(316.0059232745096,753.2712793958108)
(342.4345357706469,713.3711119838958)
(345.51429662540215,715.575762472554)
(345.91680818305804,712.357473063701)
(358.5791515042239,730.9537201735876)
(371.0502205681479,719.6444409475137)
(373.7230155247759,713.1322493288278)
(378.168113612892,713.6084060527332)
(386.4251381627248,707.5586118946127)
(380.12147673216157,710.259096133681)
(369.4839383073073,733.5624155620003)
(372.67063996384974,730.2334154627546)
(384.40303815456605,727.2663439423327)
(346.1548210078993,740.8560741378141)
(359.78574136854854,746.8774217068722)
(354.99707243819614,746.0719559061248)
(351.46122646410953,746.0455591162005)
(343.12318760979065,761.1535824808548)
(343.7622117826594,763.2502705587826)
(345.9049007598549,757.3357385844407)
(335.9430221142532,758.279074340024)
(355.848827674059,763.620305212638)
(377.4580423627965,742.9070995610373)
(366.3296447172457,736.379945430056)
(375.12355986049874,740.830437057888)
(385.309007877913,747.1013379920121)
(387.92262558228344,743.2831041917602)
(384.85168281088886,758.1353103054323)
(392.3021895649688,754.8859495237803)
(286.75408010627814,769.1261683698191)
(287.8662139391926,775.5915078761436)
(285.6490168147765,764.7537975707465)
(282.85363985260403,772.1168164464664)
(280.22017566260655,778.5766429950339)
(287.5595095572584,773.6979530416843)
(296.4001501755239,772.2037583115903)
(303.43321021580454,778.0918203122218)
(289.8254108831278,782.8903450960381)
(289.10858830071885,785.4966792090768)
(293.47957056498075,783.48798465701)
(302.75375741131074,787.5400154174554)
(313.85612144279503,768.974407949917)
(316.6100256144872,776.7885945225339)
(317.135712154118,771.6097792151974)
(332.0673765382919,767.6675193649614)
(329.164622151352,773.7071715850366)
(335.15233367816705,769.7738855084438)
(319.9189341879072,782.0988718187207)
(308.31785072873555,784.1430961807016)
(311.4732636282671,780.7629422555102)
(312.7553999943551,782.539587057819)
(309.88414088053116,783.6426099694446)
(309.18823081735934,791.3818718511152)
(322.293043598709,791.7961001816103)
(327.14576309935654,787.0507363390199)
(285.04642350400843,795.636858612019)
(282.9719663605989,796.667355119802)
(281.0843569768504,794.6926231092684)
(285.34236776761213,798.6984906599795)
(283.0244609624872,804.5974875975461)
(278.59685101257566,801.4027997706517)
(297.69800631619455,801.1449710293497)
(302.01082503881196,802.4326531167001)
(278.585247030671,821.8457210562617)
(286.20436244051234,812.2580857063897)
(287.1093044110757,809.6493363788745)
(278.6349838153831,819.9590529196199)
(305.61181662440697,813.7231745884638)
(309.9823826863409,802.1998775568851)
(324.61391127359923,802.174648337084)
(322.50854820857495,803.288387055596)
(306.06476095052994,822.0882823934243)
(309.11510263792036,812.1403880742016)
(325.2106289957966,810.1174738954676)
(347.4702660014452,771.1445298236258)
(341.3469215509853,773.7354948452406)
(344.24171860674016,776.049250221203)
(346.0109018702284,773.5397723159696)
(342.5359967273671,764.8141849987436)
(362.9045139997246,770.8625877563859)
(355.70717733383765,774.1199277448198)
(363.86817682646006,768.8282454800324)
(353.36257873779795,785.4997596136258)
(363.36085145492643,782.4336465514076)
(364.12638313581516,789.177358588622)
(374.8051384217414,776.6884750544275)
(371.2841042664009,770.4980406731058)
(385.31389306118274,770.423121249011)
(384.618893581434,770.5411453294237)
(344.0460799140992,800.8642648646851)
(355.1812465977662,799.1356472338748)
(342.85507341245,808.6490003073623)
(337.7334141175636,816.0376782319836)
(343.68786694888536,819.1916649251978)
(351.435106208894,814.2332848299731)
(351.0918116588524,808.941893413604)
(393.93115721450374,708.1003176365031)
(394.209759336212,719.9589130010393)
(404.9529554007877,707.7205259179157)
(416.048151566038,715.6597235707447)
(407.61515585614995,733.2505288795026)
(427.18254721863036,726.5010831408122)
(438.6000741455879,726.8093131910516)
(402.00019193693737,735.8603406552277)
(397.77004890290476,746.690615699164)
(405.3120620920842,759.288731120392)
(398.7273090210885,751.699473588802)
(436.71369566163753,737.7801529671385)
(401.73496664334823,769.2092178526007)
(398.4753717922644,768.056501471312)
(396.38607117431195,775.5246259561427)
(405.57280356947217,779.5817376498219)
(414.32931251547996,784.283553980991)
(426.4761106288911,772.3335661533355)
(434.89235239403286,771.7278574570021)
(427.5108309674928,783.0371103295192)
(428.0364712818106,783.8966446754924)
(429.9913424884412,783.4467101398775)
(429.9406918515524,779.9640732286259)
(279.42037800878904,837.3578782482921)
(283.42858740861607,837.1833340253991)
(285.9439082210281,844.8013546084513)
(278.2340726605638,847.2403706336521)
(292.3780577601873,847.3393193104578)
(311.34779835980027,834.4134745593309)
(316.25260649221843,823.5275696881843)
(333.15493317520986,833.235076323064)
(322.4735357721293,836.9617089076928)
(324.04954274656154,829.3520551017723)
(328.9171444136026,830.4918277494097)
(325.8101524588002,846.6835016008448)
(290.0285525670924,861.2440690745333)
(302.56671089725535,856.2096025647298)
(292.3201121792383,860.8298171731362)
(284.04631665988427,878.9030556259536)
(288.4678668187951,875.1169721679279)
(300.9269033106055,868.4166613196319)
(303.0413148913337,870.6473875370359)
(303.13763242398284,875.403282981848)
(326.8477933107973,852.227561810496)
(325.8094693080644,860.9982361496377)
(318.180353520258,874.0205493876622)
(313.69185461907796,878.1362980001466)
(312.31513555212973,875.8721724184924)
(311.64863526574413,878.8461804576202)
(306.6347405217966,873.787228634674)
(331.3101614068037,872.2000785677867)
(331.58134835077647,878.6321926927088)
(345.68248173147623,835.2127915789811)
(360.8285108618721,832.5025665373903)
(336.51012923059113,847.9022764246763)
(357.8775855295733,839.8259705808264)
(357.9173220696426,841.7439475026767)
(343.37431090197117,854.1967350388081)
(360.24900425688656,852.4030358781239)
(350.1670329097692,855.2623475858065)
(362.2853562858238,858.4146744591967)
(358.7741659901504,867.7354388464428)
(358.7876738172523,866.7401757836261)
(284.57055735672753,890.9930774404893)
(281.3926104877079,886.2439078969758)
(299.4285658694087,885.5437477464866)
(288.0704749858928,897.7820043240534)
(296.5010188237334,905.441633993022)
(318.27799164720653,883.6572331939417)
(314.5664551579264,888.9812837869483)
(321.7026412842825,890.3113039178196)
(326.0296184112774,894.0648625290639)
(320.94200470493786,893.28127272979)
(308.70755050723074,909.16952752785)
(329.97154853100056,899.6737721109496)
(324.7085205932943,905.0189945162847)
(283.28479517766914,919.8265025646787)
(297.17031446738963,920.2673251651544)
(302.24561239478396,911.1134425397895)
(301.3705462277255,937.2505541884364)
(320.3584029306773,913.0206997383574)
(326.6118633462439,913.6748976935667)
(308.02539623874384,929.7396085271457)
(306.7361929244487,925.7941519526307)
(321.4684910239572,929.9190891127323)
(334.1706744719957,928.4819789072751)
(331.9576326615402,930.5216382280964)
(346.40822345834795,892.1072672150536)
(344.66939700487023,892.4813872585374)
(336.1574918647013,882.5625566686938)
(335.3627934020735,891.9102403570936)
(351.48893633932977,889.6941454432631)
(357.09825208631275,895.7504651173806)
(358.3589143859191,885.8444444041681)
(352.45716263687024,883.7203993730068)
(351.12459378952383,908.8146863623901)
(347.95612405752746,918.6877425529458)
(349.22813494534864,918.2614811897199)
(339.0475525768626,917.9919533720455)
(350.6078316922101,922.649845510783)
(359.2314227888261,914.4252270207763)
(355.78564316307165,918.7933797814219)
(338.7792053672212,939.6509030691493)
(346.0819348568094,931.7666714477598)
(360.44139321374035,926.6193445070958)
(362.4107861399227,926.480170595582)
(350.65048768578737,928.2881738393412)
(365.4748507909901,915.8786202988283)
(365.36915082453197,938.3998829789928)

(654.2024846762239,637.9087493285583)
(662.8619420308742,637.1559833409162)
(667.7567261127515,642.2889947171645)
(671.3160908638699,644.7298921018879)
(677.6412145365547,641.3091858719624)
(687.660487151336,645.5843449919023)
(694.563590570083,638.2985452249807)
(704.4154205921408,639.3193556598579)
(724.8233870858022,638.5086927107583)
(633.6526045783719,661.0052294272024)
(634.1998994948334,657.8893569904152)
(630.3076111295569,656.8179890915793)
(651.116951304545,660.4203084516437)
(649.7790809272601,652.8292286343399)
(628.7385777579981,666.1203965618837)
(650.0648574605962,669.0897386680949)
(668.9612970504404,650.0205103784909)
(661.760339504123,649.6776264239909)
(673.1666018978199,660.2939305262845)
(682.0731466917861,651.9046739176307)
(661.5866359301225,670.7754635559363)
(660.2603555961242,667.845389727938)
(681.4244441671422,674.9194815564185)
(629.7189504129432,683.9817824123319)
(640.0980857659497,685.5426380782121)
(631.4953313833897,683.7065529975782)
(632.9372043841652,676.8894732999622)
(652.9837621108456,688.0011082026394)
(644.0926617714861,685.1391506663448)
(631.2748680160813,705.0570683051682)
(653.0131621462154,701.0710290052691)
(662.2477133636,679.3253545238509)
(660.300399976348,679.0178022567163)
(659.7532816231852,678.917983418672)
(659.9045237722188,690.5435888216226)
(662.192189749678,679.8452976668274)
(675.7186446703854,679.6696177113404)
(679.3051863448268,690.8636182628995)
(670.2268667172889,701.9841329747823)
(657.2727751804056,704.1128758869557)
(674.6084685149191,701.4026669534464)
(687.3996508021582,657.3990170104446)
(699.1886932898263,656.8318832408889)
(700.6490169867216,652.9231914420417)
(705.1607968268016,658.2705108549438)
(693.6684778363724,669.2058814929646)
(689.817296005874,670.2557867530161)
(691.8555428629066,664.4579915334784)
(708.4348757788196,673.0850050311874)
(725.0985749833785,659.5657003107694)
(720.2245607648367,653.6690515904697)
(717.2223154675921,661.5827042912304)
(720.3681537792836,665.0171969126967)
(716.224767236154,663.8632547506023)
(718.1016762433798,673.4333689278573)
(735.7550146627368,664.4693698881589)
(736.6287836546835,672.1662529220241)
(743.377238199858,667.986438754152)
(710.6166405764003,677.499832976117)
(709.1177094420991,690.8392158428919)
(713.8432376349999,678.8981056612752)
(726.0720037040421,688.1650363472962)
(716.7235655907974,688.3622821066051)
(734.8285340444119,687.42604590061)
(721.5482981308296,691.260039464811)
(726.4211055077513,696.5496714487988)
(720.922446279444,692.6289553121362)
(723.5260765589185,701.3751528156995)
(741.5106087728058,695.4278764982553)
(734.9307919591079,696.4126170561925)
(743.6011152199768,696.1974748816762)
(752.1963958408276,635.5601282540938)
(771.6827795566999,646.6096350352583)
(759.1580570594048,640.3022724186302)
(795.8455181635928,642.2286333858021)
(796.256927116143,640.2973472045588)
(801.0854646830246,637.7967560061635)
(818.1539276208647,644.9427473074675)
(756.6496342716324,653.3933673663258)
(765.9679424326935,652.6089893293133)
(750.0506161526022,668.541752373347)
(757.8322536697544,665.4478234857811)
(767.0037217117294,668.2014472522703)
(772.2271076741915,665.0530953257474)
(774.0421458743597,660.678801628022)
(797.9763091896245,651.7791622486325)
(802.1100733340699,671.0798006377528)
(793.8052960865134,665.1083726456299)
(797.1049724624617,674.2528296383474)
(800.5394606049584,673.7699759612909)
(764.4044606676645,686.3479457819719)
(760.7733397459969,690.4077189869829)
(753.4631885676658,699.6771501358901)
(753.350097567721,703.7539060701071)
(748.7856430087392,697.5449431771359)
(745.7506680306191,695.0324914731868)
(769.5887574763336,692.6127431409296)
(777.0992500101544,679.6496995035924)
(792.9044447760465,681.9498621714971)
(793.0688815563033,676.7623040515352)
(778.4917334797776,695.7540187623729)
(799.0438404519854,695.2417503035717)
(798.0794463118816,695.3224926128045)
(815.4545458798829,649.0694051935724)
(810.5598615609048,649.8851754403299)
(819.7062187928576,656.9115960446675)
(824.0226909887942,660.8952800013886)
(820.9025633723697,661.2285793434062)
(806.0941909708205,665.9336497184801)
(803.047448209081,675.2881640312356)
(824.5699271273186,676.4016859726615)
(808.3411210113427,684.3913120243317)
(814.854285167947,684.5170259814711)
(823.0314644301557,682.8081273377405)
(822.6874749631783,688.6441525377398)
(816.437105666129,702.8921454433358)
(807.2752838156525,704.9428296649593)
(806.6804236323845,700.8212062275248)
(824.3144246861808,699.5692958149297)
(642.990425739557,714.474747521525)
(652.7328061331787,707.6188714932741)
(653.0434546549922,715.8314308601113)
(648.4607428350291,718.12319291998)
(643.5378086286076,715.799034476064)
(637.9772011386997,722.1890980834961)
(648.0707690182335,734.1401907855145)
(643.5512699370495,721.2864412294676)
(666.4620520323838,710.0425860252104)
(658.3485309324898,711.5473989416755)
(659.4532710708833,707.26192435394)
(678.6740255434256,718.1665364460969)
(679.699234967237,717.46012122898)
(682.2848950716468,717.9270906360434)
(682.1858416111795,715.8560855985974)
(659.7998380303467,725.6013153880684)
(639.9998391233258,759.2761443174148)
(654.5105158617928,751.5543408994179)
(662.4275719103491,750.5643004740407)
(658.3592261535507,754.9222433594447)
(658.4455817343722,759.7561658233469)
(672.6554628993516,761.2591880310752)
(701.3833390730941,710.1670608300036)
(706.0136368159451,709.827217447403)
(710.2968317822409,708.1778637339731)
(705.2061377534088,729.361026669434)
(706.4244543283479,733.4864207229721)
(718.8191094985009,711.1042300368381)
(723.1639520323347,710.8827848667813)
(731.7862940539043,717.7051699508722)
(735.5814568487433,713.9381201332974)
(733.9031361448009,715.3788485564352)
(735.3005664798022,708.5457395733324)
(742.2846192957064,732.5974738902167)
(686.8836351260005,746.4744991288186)
(704.217534394665,740.9050539349868)
(705.9962574118075,735.8388466707487)
(688.1497081514291,753.9889828460688)
(692.4818927257719,754.4122883166929)
(688.1124229027057,756.7242787118786)
(693.3927531905227,760.9231842263284)
(701.5717314229919,756.397124903319)
(722.035961182441,738.2072087917094)
(720.0010807383438,737.7226103765622)
(740.1754088963228,735.9093840150508)
(724.2975271062927,759.9524624877862)
(728.5349040718654,752.3523996551377)
(722.6290341538091,760.0008067675502)
(729.9799273416803,754.2126570423094)
(742.9914023120981,762.4901551083269)
(734.8114612352725,753.7697493672675)
(629.8978089597836,764.9358910214914)
(654.3662694765919,776.287700699158)
(645.0683658019308,774.3815998381538)
(649.1415057360218,775.101717212504)
(660.5188188573755,770.0197269347507)
(659.898435112989,778.3916470070467)
(656.7703142051203,774.4194300022582)
(657.4081381080613,771.3447016319221)
(667.6643916070892,776.7199231731631)
(681.014079790711,773.5349563727317)
(678.1144924861959,775.3642923838354)
(657.5474778426508,782.1409269853302)
(671.4894127505675,788.0213815378454)
(632.1237826528751,804.6792832992242)
(647.75903719926,810.9287512849548)
(642.6086539993717,818.2206955524418)
(647.2718900555564,816.592773846563)
(653.8464089285847,815.4206712036736)
(666.717370318628,795.9307843683314)
(677.8973659021278,794.330590465614)
(672.8567622212918,802.7412457261946)
(673.8166572339561,795.9628205786069)
(672.1377150829053,818.4393209721636)
(675.4777318511926,814.1996756889688)
(689.9561320774984,777.3562267996411)
(693.0751951035203,770.0798695361005)
(702.5628761408118,769.2160584023362)
(710.3193712978676,776.2877448881707)
(713.774664471921,767.2020295494816)
(713.532241596557,775.9715927987667)
(702.3313099980867,778.4465800754302)
(708.8019580649695,772.0481136469069)
(697.2058538424812,783.0880207976638)
(695.6332007388137,790.0897831823369)
(707.8450645458321,785.4288296309802)
(712.5988723541171,786.56410779255)
(725.5955977288645,772.457244163698)
(733.316379424986,773.5273032791551)
(716.2760437321572,782.6381211987405)
(717.7645608351048,786.5685403202134)
(733.7838578469732,793.4586751309666)
(687.444763594219,816.9949472925741)
(702.2384269999386,821.4934018767876)
(724.0775383613773,806.0943962825811)
(740.4605791666049,794.2766162456269)
(740.2769367790935,804.5306143621235)
(725.5155272941588,809.5086915867985)
(741.5022102343827,809.925293153019)
(638.5459192977089,829.7906304525802)
(632.3384975966245,822.9088468748072)
(652.3874028797912,824.3008271846645)
(656.2120302293167,828.5209684778207)
(643.9954883391428,824.2445755988385)
(659.1913508985883,833.0844715381307)
(662.1102815253075,822.9611884257727)
(686.7201541295409,823.4708144942131)
(696.8152671316619,823.2514372162605)
(694.7695272670387,832.608295107249)
(708.3908438576324,832.3210520353083)
(710.4130337418892,824.1619387946721)
(734.1762752350531,825.9782039042788)
(766.5707279761664,733.0068236950348)
(777.5874039921628,720.324448633572)
(800.9930476332014,710.1771701282211)
(795.7483739170482,711.7080533511054)
(801.8157261609019,732.2727851066317)
(793.9920716576851,720.4647882696862)
(757.5080346663435,741.758449912979)
(748.3576417245268,748.0647401245133)
(755.2881842697082,735.1620814383677)
(746.5433163280208,744.1460365004639)
(763.8746378576831,739.2991111137278)
(766.3013303135201,758.9595825726425)
(767.2822743236572,751.1348443578242)
(772.5671772111897,752.7128857620506)
(775.5525835750025,744.7446554632396)
(779.6085641097857,737.5468423548656)
(788.151075854194,747.8793088212925)
(786.7923399226167,744.5068575699221)
(778.7548305016109,763.2360274227563)
(802.6734024091629,761.7165284692616)
(807.0866416858446,713.5168579019565)
(825.3957330199061,714.9197091172254)
(820.8699375672861,718.1311118686103)
(813.0986655295987,726.7147660267397)
(806.8795775862966,727.3818029839127)
(817.0143426307425,727.1653480743781)
(821.1450762280626,730.0613058108977)
(811.2382795354689,745.0353133978133)
(821.2303504423129,748.8070048195002)
(809.5950410348993,761.8278279020402)
(816.324648737559,760.0437219880899)
(823.9580135797953,752.2478835176722)
(821.7230094397277,751.2888660005701)
(770.3163850259584,767.0306832909339)
(767.0365716536683,782.1706036263525)
(777.8471976446,787.1374391331572)
(781.1311410419726,788.2574514223065)
(778.4957355865697,779.8000917782421)
(778.9422107824149,784.3523332565699)
(786.0897199631961,790.3340034235542)
(790.1556771209328,789.975589940809)
(795.4889776147775,785.0082722286077)
(788.9358937647073,781.9957425166796)
(751.6962735393225,800.2825357612298)
(757.983216992197,814.5080770144496)
(768.6358613470406,817.5508291663178)
(770.9084794527406,820.7150291552557)
(784.8980191569906,807.1163941710925)
(777.3457009189422,806.7073676437567)
(783.6046605408739,799.8117081969688)
(781.0234264735539,800.9998686397917)
(784.2856437279077,795.022373011848)
(775.9153744557243,805.4114209257494)
(798.273690433382,803.1678725489597)
(775.8104949270196,821.2518641085915)
(779.4033015476086,822.2747980126896)
(799.6691254999746,810.1748236674432)
(811.2939920876529,777.557591784619)
(816.5165027578,774.3984090463229)
(806.3858717453267,769.3829165404271)
(827.3816074945828,776.4370575298793)
(826.026213830304,778.3995607141928)
(823.5177777899145,765.095467389777)
(807.962940714635,783.0982707330885)
(827.0455862943701,806.6580031842876)
(819.5591150896139,804.9973402197054)
(802.9365182124832,812.0331574638911)
(803.8148396988274,818.3513453852263)
(823.2734047181464,821.7004647000579)
(766.6331215745632,833.0465829395347)
(777.0034698525317,825.3378040581629)
(798.5068162295179,824.6671437227463)
(795.0973199937048,823.9334691788155)
(815.9791304003115,833.1143064324052)
(818.4122150024367,826.5523719180036)

